[2025-10-21T06:43:35Z]  Erreurs de donnes BTC/USDT: ['Gaps extrmes dtects: 14']
[2025-10-21T06:43:35Z]  Entre SHORT BTC/USDT - Prix: 565.0373, Slippage: 0.050%, Latence: 0.0ms
[2025-10-21T06:43:35Z]  Rollover futures - Notional: 24.50 - Cot_eq: 0.000010 - Nouvelle equity: 1.2248
[2025-10-21T06:43:35Z]  Rollover futures - Notional: 24.50 - Cot_eq: 0.000010 - Nouvelle equity: 1.2248
[2025-10-21T06:43:35Z]  Validation BTC/USDT (bougie 5400): 1 erreurs dtectes
[2025-10-21T06:43:35Z]  Erreurs de donnes BTC/USDT: ['Gaps extrmes dtects: 14']
[2025-10-21T06:43:35Z]  Rollover futures - Notional: 24.50 - Cot_eq: 0.000010 - Nouvelle equity: 1.2247
[2025-10-21T06:43:35Z]  Validation BTC/USDT (bougie 5450): 1 erreurs dtectes
[2025-10-21T06:43:35Z]  Erreurs de donnes BTC/USDT: ['Gaps extrmes dtects: 14']
[2025-10-21T06:43:35Z]  Rollover futures - Notional: 24.50 - Cot_eq: 0.000010 - Nouvelle equity: 1.2247
[2025-10-21T06:43:35Z]  Rollover futures - Notional: 24.50 - Cot_eq: 0.000010 - Nouvelle equity: 1.2247
[2025-10-21T06:43:35Z]  Validation BTC/USDT (bougie 5500): 1 erreurs dtectes
[2025-10-21T06:43:35Z]  Erreurs de donnes BTC/USDT: ['Gaps extrmes dtects: 14']
[2025-10-21T06:43:35Z]  Rollover futures - Notional: 24.50 - Cot_eq: 0.000010 - Nouvelle equity: 1.2247
[2025-10-21T06:43:35Z]  Rollover futures - Notional: 24.50 - Cot_eq: 0.000010 - Nouvelle equity: 1.2246
[2025-10-21T06:43:35Z]  Validation BTC/USDT (bougie 5550): 1 erreurs dtectes
[2025-10-21T06:43:35Z]  Erreurs de donnes BTC/USDT: ['Gaps extrmes dtects: 14']
[2025-10-21T06:43:35Z]  Entre LONG BTC/USDT - Prix: 539.2695, Slippage: 0.050%, Latence: 0.0ms
[2025-10-21T06:43:35Z]  Rollover futures - Notional: 12.34 - Cot_eq: 0.000005 - Nouvelle equity: 1.2340
[2025-10-21T06:43:35Z]  Validation BTC/USDT (bougie 5600): 1 erreurs dtectes
[2025-10-21T06:43:35Z]  Erreurs de donnes BTC/USDT: ['Gaps extrmes dtects: 14']
[2025-10-21T06:43:35Z]  Entre LONG BTC/USDT - Prix: 485.2425, Slippage: 0.050%, Latence: 0.0ms
[2025-10-21T06:43:35Z]  Entre LONG BTC/USDT - Prix: 495.2975, Slippage: 0.050%, Latence: 0.0ms
[2025-10-21T06:43:35Z]  Rollover futures - Notional: 37.02 - Cot_eq: 0.000015 - Nouvelle equity: 1.2340
[2025-10-21T06:43:35Z]  Rollover futures - Notional: 37.02 - Cot_eq: 0.000015 - Nouvelle equity: 1.2339
[2025-10-21T06:43:35Z]  Validation BTC/USDT (bougie 5650): 1 erreurs dtectes
[2025-10-21T06:43:35Z]  Erreurs de donnes BTC/USDT: ['Gaps extrmes dtects: 14']
[2025-10-21T06:43:36Z]  Rollover futures - Notional: 37.02 - Cot_eq: 0.000015 - Nouvelle equity: 1.2339
[2025-10-21T06:43:36Z]  Entre SHORT BTC/USDT - Prix: 463.0684, Slippage: 0.050%, Latence: 0.0ms
[2025-10-21T06:43:36Z]  Rollover futures - Notional: 11.99 - Cot_eq: 0.000005 - Nouvelle equity: 1.1986
[2025-10-21T06:43:36Z]  Validation BTC/USDT (bougie 5700): 1 erreurs dtectes
[2025-10-21T06:43:36Z]  Erreurs de donnes BTC/USDT: ['Gaps extrmes dtects: 14']
[2025-10-21T06:43:36Z]  Entre SHORT BTC/USDT - Prix: 440.1898, Slippage: 0.050%, Latence: 0.0ms
[2025-10-21T06:43:36Z]  Entre SHORT BTC/USDT - Prix: 441.2793, Slippage: 0.050%, Latence: 0.0ms
[2025-10-21T06:43:36Z]  Rollover futures - Notional: 35.96 - Cot_eq: 0.000015 - Nouvelle equity: 1.1986
[2025-10-21T06:43:36Z]  Validation BTC/USDT (bougie 5750): 1 erreurs dtectes
[2025-10-21T06:43:36Z]  Erreurs de donnes BTC/USDT: ['Gaps extrmes dtects: 14']
[2025-10-21T06:43:36Z]  Rollover futures - Notional: 35.96 - Cot_eq: 0.000015 - Nouvelle equity: 1.1986
[2025-10-21T06:43:36Z]  Rollover futures - Notional: 35.96 - Cot_eq: 0.000015 - Nouvelle equity: 1.1985
[2025-10-21T06:43:36Z]  Validation BTC/USDT (bougie 5800): 1 erreurs dtectes
[2025-10-21T06:43:36Z]  Erreurs de donnes BTC/USDT: ['Gaps extrmes dtects: 14']
[2025-10-21T06:43:36Z]  Rollover futures - Notional: 35.96 - Cot_eq: 0.000015 - Nouvelle equity: 1.1985
[2025-10-21T06:43:36Z]  Rollover futures - Notional: 35.96 - Cot_eq: 0.000015 - Nouvelle equity: 1.1984
[2025-10-21T06:43:36Z]  Validation BTC/USDT (bougie 5850): 1 erreurs dtectes
[2025-10-21T06:43:36Z]  Erreurs de donnes BTC/USDT: ['Gaps extrmes dtects: 14']
[2025-10-21T06:43:36Z]  Rollover futures - Notional: 35.96 - Cot_eq: 0.000015 - Nouvelle equity: 1.1984
[2025-10-21T06:43:36Z]  Validation BTC/USDT (bougie 5900): 1 erreurs dtectes
[2025-10-21T06:43:36Z]  Erreurs de donnes BTC/USDT: ['Gaps extrmes dtects: 14']
[2025-10-21T06:43:36Z]  Rollover futures - Notional: 35.96 - Cot_eq: 0.000015 - Nouvelle equity: 1.1984
[2025-10-21T06:43:36Z]  Rollover futures - Notional: 35.96 - Cot_eq: 0.000015 - Nouvelle equity: 1.1983
[2025-10-21T06:43:36Z]  Validation BTC/USDT (bougie 5950): 1 erreurs dtectes
[2025-10-21T06:43:36Z]  Erreurs de donnes BTC/USDT: ['Gaps extrmes dtects: 14']
[2025-10-21T06:43:36Z]  Validation BTC/USDT (bougie 6000): 1 erreurs dtectes
[2025-10-21T06:43:36Z]  Erreurs de donnes BTC/USDT: ['Gaps extrmes dtects: 14']
[2025-10-21T06:43:36Z]  Validation BTC/USDT (bougie 6050): 1 erreurs dtectes
[2025-10-21T06:43:36Z]  Erreurs de donnes BTC/USDT: ['Gaps extrmes dtects: 14']
[2025-10-21T06:43:36Z]  Validation BTC/USDT (bougie 6100): 1 erreurs dtectes
[2025-10-21T06:43:36Z]  Erreurs de donnes BTC/USDT: ['Gaps extrmes dtects: 14']
[2025-10-21T06:43:36Z]  Validation BTC/USDT (bougie 6150): 1 erreurs dtectes
[2025-10-21T06:43:36Z]  Erreurs de donnes BTC/USDT: ['Gaps extrmes dtects: 14']
[2025-10-21T06:43:36Z]  Validation BTC/USDT (bougie 6200): 1 erreurs dtectes
[2025-10-21T06:43:36Z]  Erreurs de donnes BTC/USDT: ['Gaps extrmes dtects: 14']
[2025-10-21T06:43:36Z]  Entre SHORT BTC/USDT - Prix: 556.7115, Slippage: 0.050%, Latence: 0.0ms
[2025-10-21T06:43:36Z]  Rollover futures - Notional: 11.65 - Cot_eq: 0.000005 - Nouvelle equity: 1.1652
[2025-10-21T06:43:36Z]  Entre SHORT BTC/USDT - Prix: 560.2197, Slippage: 0.050%, Latence: 0.0ms
[2025-10-21T06:43:36Z]  Validation BTC/USDT (bougie 6250): 1 erreurs dtectes
[2025-10-21T06:43:36Z]  Erreurs de donnes BTC/USDT: ['Gaps extrmes dtects: 14']
[2025-10-21T06:43:36Z]  Entre SHORT BTC/USDT - Prix: 586.7065, Slippage: 0.050%, Latence: 0.0ms
[2025-10-21T06:43:36Z]  Rollover futures - Notional: 34.96 - Cot_eq: 0.000015 - Nouvelle equity: 1.1652
[2025-10-21T06:43:36Z]  Rollover futures - Notional: 34.96 - Cot_eq: 0.000015 - Nouvelle equity: 1.1651
[2025-10-21T06:43:36Z]  Validation BTC/USDT (bougie 6300): 1 erreurs dtectes
[2025-10-21T06:43:36Z]  Erreurs de donnes BTC/USDT: ['Gaps extrmes dtects: 14']
[2025-10-21T06:43:36Z]  Rollover futures - Notional: 34.96 - Cot_eq: 0.000015 - Nouvelle equity: 1.1651
[2025-10-21T06:43:36Z]  Validation BTC/USDT (bougie 6350): 1 erreurs dtectes
[2025-10-21T06:43:36Z]  Erreurs de donnes BTC/USDT: ['Gaps extrmes dtects: 14']
[2025-10-21T06:43:36Z]  Rollover futures - Notional: 34.96 - Cot_eq: 0.000015 - Nouvelle equity: 1.1651
[2025-10-21T06:43:36Z]  Rollover futures - Notional: 34.96 - Cot_eq: 0.000015 - Nouvelle equity: 1.1650
[2025-10-21T06:43:36Z]  Validation BTC/USDT (bougie 6400): 1 erreurs dtectes
[2025-10-21T06:43:36Z]  Erreurs de donnes BTC/USDT: ['Gaps extrmes dtects: 14']
[2025-10-21T06:43:36Z]  Rollover futures - Notional: 34.96 - Cot_eq: 0.000015 - Nouvelle equity: 1.1650
[2025-10-21T06:43:36Z]  Validation BTC/USDT (bougie 6450): 1 erreurs dtectes
[2025-10-21T06:43:36Z]  Erreurs de donnes BTC/USDT: ['Gaps extrmes dtects: 14']
[2025-10-21T06:43:36Z]  Validation BTC/USDT (bougie 6500): 1 erreurs dtectes
[2025-10-21T06:43:36Z]  Erreurs de donnes BTC/USDT: ['Gaps extrmes dtects: 14']
[2025-10-21T06:43:36Z]  Validation BTC/USDT (bougie 6550): 1 erreurs dtectes
[2025-10-21T06:43:36Z]  Erreurs de donnes BTC/USDT: ['Gaps extrmes dtects: 14']
[2025-10-21T06:43:36Z]  Validation BTC/USDT (bougie 6600): 1 erreurs dtectes
[2025-10-21T06:43:36Z]  Erreurs de donnes BTC/USDT: ['Gaps extrmes dtects: 14']
[2025-10-21T06:43:36Z]  Validation BTC/USDT (bougie 6650): 1 erreurs dtectes
[2025-10-21T06:43:36Z]  Erreurs de donnes BTC/USDT: ['Gaps extrmes dtects: 14']
[2025-10-21T06:43:36Z]  Validation BTC/USDT (bougie 6700): 1 erreurs dtectes
[2025-10-21T06:43:36Z]  Erreurs de donnes BTC/USDT: ['Gaps extrmes dtects: 14']
[2025-10-21T06:43:36Z]  Entre SHORT BTC/USDT - Prix: 614.1128, Slippage: 0.050%, Latence: 0.0ms
[2025-10-21T06:43:36Z]  Rollover futures - Notional: 11.39 - Cot_eq: 0.000005 - Nouvelle equity: 1.1390
[2025-10-21T06:43:36Z]  Rollover futures - Notional: 11.39 - Cot_eq: 0.000005 - Nouvelle equity: 1.1390
[2025-10-21T06:43:36Z]  Validation BTC/USDT (bougie 6750): 1 erreurs dtectes
[2025-10-21T06:43:36Z]  Erreurs de donnes BTC/USDT: ['Gaps extrmes dtects: 14']
[2025-10-21T06:43:36Z]  Rollover futures - Notional: 11.39 - Cot_eq: 0.000005 - Nouvelle equity: 1.1390
[2025-10-21T06:43:36Z]  Validation BTC/USDT (bougie 6800): 1 erreurs dtectes
[2025-10-21T06:43:36Z]  Erreurs de donnes BTC/USDT: ['Gaps extrmes dtects: 14']
[2025-10-21T06:43:36Z]  Rollover futures - Notional: 11.39 - Cot_eq: 0.000005 - Nouvelle equity: 1.1390
[2025-10-21T06:43:36Z]  Rollover futures - Notional: 11.39 - Cot_eq: 0.000005 - Nouvelle equity: 1.1390
[2025-10-21T06:43:36Z]  Validation BTC/USDT (bougie 6850): 1 erreurs dtectes
[2025-10-21T06:43:36Z]  Erreurs de donnes BTC/USDT: ['Gaps extrmes dtects: 14']
[2025-10-21T06:43:36Z]  Rollover futures - Notional: 11.39 - Cot_eq: 0.000005 - Nouvelle equity: 1.1390
[2025-10-21T06:43:36Z]  Rollover futures - Notional: 11.39 - Cot_eq: 0.000005 - Nouvelle equity: 1.1390
[2025-10-21T06:43:36Z]  Validation BTC/USDT (bougie 6900): 1 erreurs dtectes
[2025-10-21T06:43:36Z]  Erreurs de donnes BTC/USDT: ['Gaps extrmes dtects: 14']
[2025-10-21T06:43:36Z]  Rollover futures - Notional: 11.39 - Cot_eq: 0.000005 - Nouvelle equity: 1.1389
[2025-10-21T06:43:36Z]  Validation BTC/USDT (bougie 6950): 1 erreurs dtectes
[2025-10-21T06:43:36Z]  Erreurs de donnes BTC/USDT: ['Gaps extrmes dtects: 14']
[2025-10-21T06:43:36Z]  Rollover futures - Notional: 11.39 - Cot_eq: 0.000005 - Nouvelle equity: 1.1389
[2025-10-21T06:43:36Z]  Rollover futures - Notional: 11.39 - Cot_eq: 0.000005 - Nouvelle equity: 1.1389
[2025-10-21T06:43:36Z]  Validation BTC/USDT (bougie 7000): 1 erreurs dtectes
[2025-10-21T06:43:36Z]  Erreurs de donnes BTC/USDT: ['Gaps extrmes dtects: 14']
[2025-10-21T06:43:36Z]  Rollover futures - Notional: 11.39 - Cot_eq: 0.000005 - Nouvelle equity: 1.1389
[2025-10-21T06:43:36Z]  Rollover futures - Notional: 11.39 - Cot_eq: 0.000005 - Nouvelle equity: 1.1389
[2025-10-21T06:43:36Z]  Validation BTC/USDT (bougie 7050): 1 erreurs dtectes
[2025-10-21T06:43:36Z]  Erreurs de donnes BTC/USDT: ['Gaps extrmes dtects: 14']
[2025-10-21T06:43:36Z]  Rollover futures - Notional: 11.39 - Cot_eq: 0.000005 - Nouvelle equity: 1.1389
[2025-10-21T06:43:36Z]  Validation BTC/USDT (bougie 7100): 1 erreurs dtectes
[2025-10-21T06:43:36Z]  Erreurs de donnes BTC/USDT: ['Gaps extrmes dtects: 14']
[2025-10-21T06:43:36Z]  Rollover futures - Notional: 11.39 - Cot_eq: 0.000005 - Nouvelle equity: 1.1389
[2025-10-21T06:43:36Z]  Rollover futures - Notional: 11.39 - Cot_eq: 0.000005 - Nouvelle equity: 1.1389
[2025-10-21T06:43:36Z]  Validation BTC/USDT (bougie 7150): 1 erreurs dtectes
[2025-10-21T06:43:36Z]  Erreurs de donnes BTC/USDT: ['Gaps extrmes dtects: 14']
[2025-10-21T06:43:37Z]  Rollover futures - Notional: 11.39 - Cot_eq: 0.000005 - Nouvelle equity: 1.1388
[2025-10-21T06:43:37Z]  Rollover futures - Notional: 11.39 - Cot_eq: 0.000005 - Nouvelle equity: 1.1388
[2025-10-21T06:43:37Z]  Validation BTC/USDT (bougie 7200): 1 erreurs dtectes
[2025-10-21T06:43:37Z]  Erreurs de donnes BTC/USDT: ['Gaps extrmes dtects: 14']
[2025-10-21T06:43:37Z]  Rollover futures - Notional: 11.39 - Cot_eq: 0.000005 - Nouvelle equity: 1.1388
[2025-10-21T06:43:37Z]  Validation BTC/USDT (bougie 7250): 1 erreurs dtectes
[2025-10-21T06:43:37Z]  Erreurs de donnes BTC/USDT: ['Gaps extrmes dtects: 14']
[2025-10-21T06:43:37Z]  Rollover futures - Notional: 11.39 - Cot_eq: 0.000005 - Nouvelle equity: 1.1388
[2025-10-21T06:43:37Z]  Rollover futures - Notional: 11.39 - Cot_eq: 0.000005 - Nouvelle equity: 1.1388
[2025-10-21T06:43:37Z]  Validation BTC/USDT (bougie 7300): 1 erreurs dtectes
[2025-10-21T06:43:37Z]  Erreurs de donnes BTC/USDT: ['Gaps extrmes dtects: 14']
[2025-10-21T06:43:37Z]  Rollover futures - Notional: 11.39 - Cot_eq: 0.000005 - Nouvelle equity: 1.1388
[2025-10-21T06:43:37Z]  Rollover futures - Notional: 11.39 - Cot_eq: 0.000005 - Nouvelle equity: 1.1388
[2025-10-21T06:43:37Z]  Validation BTC/USDT (bougie 7350): 1 erreurs dtectes
[2025-10-21T06:43:37Z]  Erreurs de donnes BTC/USDT: ['Gaps extrmes dtects: 14']
[2025-10-21T06:43:37Z]  Rollover futures - Notional: 11.39 - Cot_eq: 0.000005 - Nouvelle equity: 1.1388
[2025-10-21T06:43:37Z]  Validation BTC/USDT (bougie 7400): 1 erreurs dtectes
[2025-10-21T06:43:37Z]  Erreurs de donnes BTC/USDT: ['Gaps extrmes dtects: 14']
[2025-10-21T06:43:37Z]  Rollover futures - Notional: 11.39 - Cot_eq: 0.000005 - Nouvelle equity: 1.1387
[2025-10-21T06:43:37Z]  Rollover futures - Notional: 11.39 - Cot_eq: 0.000005 - Nouvelle equity: 1.1387
[2025-10-21T06:43:37Z]  Validation BTC/USDT (bougie 7450): 1 erreurs dtectes
[2025-10-21T06:43:37Z]  Erreurs de donnes BTC/USDT: ['Gaps extrmes dtects: 14']
[2025-10-21T06:43:37Z]  Rollover futures - Notional: 11.39 - Cot_eq: 0.000005 - Nouvelle equity: 1.1387
[2025-10-21T06:43:37Z]  Rollover futures - Notional: 11.39 - Cot_eq: 0.000005 - Nouvelle equity: 1.1387
[2025-10-21T06:43:37Z]  Validation BTC/USDT (bougie 7500): 1 erreurs dtectes
[2025-10-21T06:43:37Z]  Erreurs de donnes BTC/USDT: ['Gaps extrmes dtects: 14']
[2025-10-21T06:43:37Z]  Rollover futures - Notional: 11.39 - Cot_eq: 0.000005 - Nouvelle equity: 1.1387
[2025-10-21T06:43:37Z]  Validation BTC/USDT (bougie 7550): 1 erreurs dtectes
[2025-10-21T06:43:37Z]  Erreurs de donnes BTC/USDT: ['Gaps extrmes dtects: 14']
[2025-10-21T06:43:37Z]  Rollover futures - Notional: 11.39 - Cot_eq: 0.000005 - Nouvelle equity: 1.1387
[2025-10-21T06:43:37Z]  Rollover futures - Notional: 11.39 - Cot_eq: 0.000005 - Nouvelle equity: 1.1387
[2025-10-21T06:43:37Z]  Validation BTC/USDT (bougie 7600): 1 erreurs dtectes
[2025-10-21T06:43:37Z]  Erreurs de donnes BTC/USDT: ['Gaps extrmes dtects: 14']
[2025-10-21T06:43:37Z]  Rollover futures - Notional: 11.39 - Cot_eq: 0.000005 - Nouvelle equity: 1.1387
[2025-10-21T06:43:37Z]  Rollover futures - Notional: 11.39 - Cot_eq: 0.000005 - Nouvelle equity: 1.1386
[2025-10-21T06:43:37Z]  Validation BTC/USDT (bougie 7650): 1 erreurs dtectes
[2025-10-21T06:43:37Z]  Erreurs de donnes BTC/USDT: ['Gaps extrmes dtects: 14']
[2025-10-21T06:43:37Z]  Rollover futures - Notional: 11.39 - Cot_eq: 0.000005 - Nouvelle equity: 1.1386
[2025-10-21T06:43:37Z]  Entre LONG BTC/USDT - Prix: 383.8218, Slippage: 0.050%, Latence: 0.0ms
[2025-10-21T06:43:37Z]  Validation BTC/USDT (bougie 7700): 1 erreurs dtectes
[2025-10-21T06:43:37Z]  Erreurs de donnes BTC/USDT: ['Gaps extrmes dtects: 14']
[2025-10-21T06:43:37Z]  Rollover futures - Notional: 12.07 - Cot_eq: 0.000005 - Nouvelle equity: 1.2072
[2025-10-21T06:43:37Z]  Rollover futures - Notional: 12.07 - Cot_eq: 0.000005 - Nouvelle equity: 1.2072
[2025-10-21T06:43:37Z]  Validation BTC/USDT (bougie 7750): 1 erreurs dtectes
[2025-10-21T06:43:37Z]  Erreurs de donnes BTC/USDT: ['Gaps extrmes dtects: 14']
[2025-10-21T06:43:37Z]  Rollover futures - Notional: 12.07 - Cot_eq: 0.000005 - Nouvelle equity: 1.2071
[2025-10-21T06:43:37Z]  Rollover futures - Notional: 12.07 - Cot_eq: 0.000005 - Nouvelle equity: 1.2071
[2025-10-21T06:43:37Z]  Validation BTC/USDT (bougie 7800): 1 erreurs dtectes
[2025-10-21T06:43:37Z]  Erreurs de donnes BTC/USDT: ['Gaps extrmes dtects: 14']
[2025-10-21T06:43:37Z]  Entre SHORT BTC/USDT - Prix: 338.4507, Slippage: 0.050%, Latence: 0.0ms
[2025-10-21T06:43:37Z]  Rollover futures - Notional: 11.93 - Cot_eq: 0.000005 - Nouvelle equity: 1.1933
[2025-10-21T06:43:37Z]  Entre SHORT BTC/USDT - Prix: 339.1204, Slippage: 0.050%, Latence: 0.0ms
[2025-10-21T06:43:37Z]  Validation BTC/USDT (bougie 7850): 1 erreurs dtectes
[2025-10-21T06:43:37Z]  Erreurs de donnes BTC/USDT: ['Gaps extrmes dtects: 14']
[2025-10-21T06:43:37Z]  Rollover futures - Notional: 23.87 - Cot_eq: 0.000010 - Nouvelle equity: 1.1933
[2025-10-21T06:43:37Z]  Rollover futures - Notional: 23.87 - Cot_eq: 0.000010 - Nouvelle equity: 1.1932
[2025-10-21T06:43:37Z]  Validation BTC/USDT (bougie 7900): 1 erreurs dtectes
[2025-10-21T06:43:37Z]  Erreurs de donnes BTC/USDT: ['Gaps extrmes dtects: 14']
[2025-10-21T06:43:37Z]  Validation BTC/USDT (bougie 7950): 1 erreurs dtectes
[2025-10-21T06:43:37Z]  Erreurs de donnes BTC/USDT: ['Gaps extrmes dtects: 14']
[2025-10-21T06:43:37Z]  Entre SHORT BTC/USDT - Prix: 359.7300, Slippage: 0.050%, Latence: 0.0ms
[2025-10-21T06:43:37Z]  Validation BTC/USDT (bougie 8000): 1 erreurs dtectes
[2025-10-21T06:43:37Z]  Erreurs de donnes BTC/USDT: ['Gaps extrmes dtects: 14']
[2025-10-21T06:43:37Z]  Rollover futures - Notional: 11.61 - Cot_eq: 0.000005 - Nouvelle equity: 1.1608
[2025-10-21T06:43:37Z]  Rollover futures - Notional: 11.61 - Cot_eq: 0.000005 - Nouvelle equity: 1.1608
[2025-10-21T06:43:37Z]  Validation BTC/USDT (bougie 8050): 1 erreurs dtectes
[2025-10-21T06:43:37Z]  Erreurs de donnes BTC/USDT: ['Gaps extrmes dtects: 14']
[2025-10-21T06:43:37Z]  Entre SHORT BTC/USDT - Prix: 384.8075, Slippage: 0.050%, Latence: 0.0ms
[2025-10-21T06:43:37Z]  Rollover futures - Notional: 23.22 - Cot_eq: 0.000010 - Nouvelle equity: 1.1607
[2025-10-21T06:43:37Z]  Rollover futures - Notional: 23.22 - Cot_eq: 0.000010 - Nouvelle equity: 1.1607
[2025-10-21T06:43:37Z]  Validation BTC/USDT (bougie 8100): 1 erreurs dtectes
[2025-10-21T06:43:37Z]  Erreurs de donnes BTC/USDT: ['Gaps extrmes dtects: 14']
[2025-10-21T06:43:37Z]  Rollover futures - Notional: 23.22 - Cot_eq: 0.000010 - Nouvelle equity: 1.1607
[2025-10-21T06:43:37Z]  Validation BTC/USDT (bougie 8150): 1 erreurs dtectes
[2025-10-21T06:43:37Z]  Erreurs de donnes BTC/USDT: ['Gaps extrmes dtects: 14']
[2025-10-21T06:43:37Z]  Rollover futures - Notional: 23.22 - Cot_eq: 0.000010 - Nouvelle equity: 1.1607
[2025-10-21T06:43:37Z]  Rollover futures - Notional: 23.22 - Cot_eq: 0.000010 - Nouvelle equity: 1.1606
[2025-10-21T06:43:37Z]  Validation BTC/USDT (bougie 8200): 1 erreurs dtectes
[2025-10-21T06:43:37Z]  Erreurs de donnes BTC/USDT: ['Gaps extrmes dtects: 14']
[2025-10-21T06:43:37Z]  Rollover futures - Notional: 23.22 - Cot_eq: 0.000010 - Nouvelle equity: 1.1606
[2025-10-21T06:43:37Z]  Rollover futures - Notional: 23.22 - Cot_eq: 0.000010 - Nouvelle equity: 1.1606
[2025-10-21T06:43:37Z]  Validation BTC/USDT (bougie 8250): 1 erreurs dtectes
[2025-10-21T06:43:37Z]  Erreurs de donnes BTC/USDT: ['Gaps extrmes dtects: 14']
[2025-10-21T06:43:37Z]  Rollover futures - Notional: 23.22 - Cot_eq: 0.000010 - Nouvelle equity: 1.1606
[2025-10-21T06:43:37Z]  Validation BTC/USDT (bougie 8300): 1 erreurs dtectes
[2025-10-21T06:43:37Z]  Erreurs de donnes BTC/USDT: ['Gaps extrmes dtects: 14']
[2025-10-21T06:43:37Z]  Rollover futures - Notional: 23.22 - Cot_eq: 0.000010 - Nouvelle equity: 1.1605
[2025-10-21T06:43:37Z]  Rollover futures - Notional: 23.22 - Cot_eq: 0.000010 - Nouvelle equity: 1.1605
[2025-10-21T06:43:37Z]  Validation BTC/USDT (bougie 8350): 1 erreurs dtectes
[2025-10-21T06:43:37Z]  Erreurs de donnes BTC/USDT: ['Gaps extrmes dtects: 14']
[2025-10-21T06:43:37Z]  Rollover futures - Notional: 23.22 - Cot_eq: 0.000010 - Nouvelle equity: 1.1605
[2025-10-21T06:43:37Z]  Rollover futures - Notional: 23.22 - Cot_eq: 0.000010 - Nouvelle equity: 1.1605
[2025-10-21T06:43:37Z]  Validation BTC/USDT (bougie 8400): 1 erreurs dtectes
[2025-10-21T06:43:37Z]  Erreurs de donnes BTC/USDT: ['Gaps extrmes dtects: 14']
[2025-10-21T06:43:37Z]  Rollover futures - Notional: 23.22 - Cot_eq: 0.000010 - Nouvelle equity: 1.1604
[2025-10-21T06:43:37Z]  Validation BTC/USDT (bougie 8450): 1 erreurs dtectes
[2025-10-21T06:43:37Z]  Erreurs de donnes BTC/USDT: ['Gaps extrmes dtects: 14']
[2025-10-21T06:43:37Z]  Rollover futures - Notional: 23.22 - Cot_eq: 0.000010 - Nouvelle equity: 1.1604
[2025-10-21T06:43:38Z]  Rollover futures - Notional: 23.22 - Cot_eq: 0.000010 - Nouvelle equity: 1.1604
[2025-10-21T06:43:38Z]  Validation BTC/USDT (bougie 8500): 1 erreurs dtectes
[2025-10-21T06:43:38Z]  Erreurs de donnes BTC/USDT: ['Gaps extrmes dtects: 14']
[2025-10-21T06:43:38Z]  Rollover futures - Notional: 23.22 - Cot_eq: 0.000010 - Nouvelle equity: 1.1604
[2025-10-21T06:43:38Z]  Rollover futures - Notional: 23.22 - Cot_eq: 0.000010 - Nouvelle equity: 1.1603
[2025-10-21T06:43:38Z]  Validation BTC/USDT (bougie 8550): 1 erreurs dtectes
[2025-10-21T06:43:38Z]  Erreurs de donnes BTC/USDT: ['Gaps extrmes dtects: 14']
[2025-10-21T06:43:38Z]  Validation BTC/USDT (bougie 8600): 1 erreurs dtectes
[2025-10-21T06:43:38Z]  Erreurs de donnes BTC/USDT: ['Gaps extrmes dtects: 14']
[2025-10-21T06:43:38Z]  Validation BTC/USDT (bougie 8650): 1 erreurs dtectes
[2025-10-21T06:43:38Z]  Erreurs de donnes BTC/USDT: ['Gaps extrmes dtects: 14']
[2025-10-21T06:43:38Z]  Validation BTC/USDT (bougie 8700): 1 erreurs dtectes
[2025-10-21T06:43:38Z]  Erreurs de donnes BTC/USDT: ['Gaps extrmes dtects: 14']
[2025-10-21T06:43:38Z]  Validation BTC/USDT (bougie 8750): 1 erreurs dtectes
[2025-10-21T06:43:38Z]  Erreurs de donnes BTC/USDT: ['Gaps extrmes dtects: 14']
[2025-10-21T06:43:38Z]  Entre LONG BTC/USDT - Prix: 242.2911, Slippage: 0.050%, Latence: 0.0ms
[2025-10-21T06:43:38Z]  Rollover futures - Notional: 12.40 - Cot_eq: 0.000005 - Nouvelle equity: 1.2404
[2025-10-21T06:43:38Z]  Entre LONG BTC/USDT - Prix: 238.4992, Slippage: 0.050%, Latence: 0.0ms
[2025-10-21T06:43:38Z]  Entre LONG BTC/USDT - Prix: 236.9384, Slippage: 0.050%, Latence: 0.0ms
[2025-10-21T06:43:38Z]  Validation BTC/USDT (bougie 8800): 1 erreurs dtectes
[2025-10-21T06:43:38Z]  Erreurs de donnes BTC/USDT: ['Gaps extrmes dtects: 14']
[2025-10-21T06:43:38Z]  Rollover futures - Notional: 37.21 - Cot_eq: 0.000015 - Nouvelle equity: 1.2403
[2025-10-21T06:43:38Z]  Rollover futures - Notional: 37.21 - Cot_eq: 0.000015 - Nouvelle equity: 1.2403
[2025-10-21T06:43:38Z]  Validation BTC/USDT (bougie 8850): 1 erreurs dtectes
[2025-10-21T06:43:38Z]  Erreurs de donnes BTC/USDT: ['Gaps extrmes dtects: 14']
[2025-10-21T06:43:38Z]  Entre SHORT BTC/USDT - Prix: 225.6971, Slippage: 0.050%, Latence: 0.0ms
[2025-10-21T06:43:38Z]  Rollover futures - Notional: 12.19 - Cot_eq: 0.000005 - Nouvelle equity: 1.2189
[2025-10-21T06:43:38Z]  Validation BTC/USDT (bougie 8900): 1 erreurs dtectes
[2025-10-21T06:43:38Z]  Erreurs de donnes BTC/USDT: ['Gaps extrmes dtects: 14']
[2025-10-21T06:43:38Z]  Rollover futures - Notional: 12.19 - Cot_eq: 0.000005 - Nouvelle equity: 1.2189
[2025-10-21T06:43:38Z]  Validation BTC/USDT (bougie 8950): 1 erreurs dtectes
[2025-10-21T06:43:38Z]  Erreurs de donnes BTC/USDT: ['Gaps extrmes dtects: 14']
[2025-10-21T06:43:38Z]  Entre LONG BTC/USDT - Prix: 237.4887, Slippage: 0.050%, Latence: 0.0ms
[2025-10-21T06:43:38Z]  Entre LONG BTC/USDT - Prix: 238.6993, Slippage: 0.050%, Latence: 0.0ms
[2025-10-21T06:43:38Z]  Rollover futures - Notional: 24.14 - Cot_eq: 0.000010 - Nouvelle equity: 1.2072
[2025-10-21T06:43:38Z]  Validation BTC/USDT (bougie 9000): 1 erreurs dtectes
[2025-10-21T06:43:38Z]  Erreurs de donnes BTC/USDT: ['Gaps extrmes dtects: 14']
[2025-10-21T06:43:38Z]  Rollover futures - Notional: 24.14 - Cot_eq: 0.000010 - Nouvelle equity: 1.2072
[2025-10-21T06:43:38Z]  Validation BTC/USDT (bougie 9050): 1 erreurs dtectes
[2025-10-21T06:43:38Z]  Erreurs de donnes BTC/USDT: ['Gaps extrmes dtects: 14']
[2025-10-21T06:43:38Z]  Rollover futures - Notional: 24.14 - Cot_eq: 0.000010 - Nouvelle equity: 1.2071
[2025-10-21T06:43:38Z]  Validation BTC/USDT (bougie 9100): 1 erreurs dtectes
[2025-10-21T06:43:38Z]  Erreurs de donnes BTC/USDT: ['Gaps extrmes dtects: 14']
[2025-10-21T06:43:38Z]  Validation BTC/USDT (bougie 9150): 1 erreurs dtectes
[2025-10-21T06:43:38Z]  Erreurs de donnes BTC/USDT: ['Gaps extrmes dtects: 14']
[2025-10-21T06:43:38Z]  Validation BTC/USDT (bougie 9200): 1 erreurs dtectes
[2025-10-21T06:43:38Z]  Erreurs de donnes BTC/USDT: ['Gaps extrmes dtects: 14']
[2025-10-21T06:43:38Z]  Validation BTC/USDT (bougie 9250): 1 erreurs dtectes
[2025-10-21T06:43:38Z]  Erreurs de donnes BTC/USDT: ['Gaps extrmes dtects: 14']
[2025-10-21T06:43:38Z]  Validation BTC/USDT (bougie 9300): 1 erreurs dtectes
[2025-10-21T06:43:38Z]  Erreurs de donnes BTC/USDT: ['Gaps extrmes dtects: 14']
[2025-10-21T06:43:38Z]  Entre SHORT BTC/USDT - Prix: 254.5427, Slippage: 0.050%, Latence: 0.0ms
[2025-10-21T06:43:38Z]  Rollover futures - Notional: 12.06 - Cot_eq: 0.000005 - Nouvelle equity: 1.2064
[2025-10-21T06:43:38Z]  Entre SHORT BTC/USDT - Prix: 261.3293, Slippage: 0.050%, Latence: 0.0ms
[2025-10-21T06:43:38Z]  Validation BTC/USDT (bougie 9350): 1 erreurs dtectes
[2025-10-21T06:43:38Z]  Erreurs de donnes BTC/USDT: ['Gaps extrmes dtects: 14']
[2025-10-21T06:43:38Z]  Rollover futures - Notional: 24.13 - Cot_eq: 0.000010 - Nouvelle equity: 1.2063
[2025-10-21T06:43:38Z]  Entre SHORT BTC/USDT - Prix: 265.6471, Slippage: 0.050%, Latence: 0.0ms
[2025-10-21T06:43:38Z]  Rollover futures - Notional: 36.19 - Cot_eq: 0.000015 - Nouvelle equity: 1.2063
[2025-10-21T06:43:38Z]  Validation BTC/USDT (bougie 9400): 1 erreurs dtectes
[2025-10-21T06:43:38Z]  Erreurs de donnes BTC/USDT: ['Gaps extrmes dtects: 14']
[2025-10-21T06:43:38Z]  Rollover futures - Notional: 36.19 - Cot_eq: 0.000015 - Nouvelle equity: 1.2063
[2025-10-21T06:43:38Z]  Rollover futures - Notional: 36.19 - Cot_eq: 0.000015 - Nouvelle equity: 1.2062
[2025-10-21T06:43:38Z]  Validation BTC/USDT (bougie 9450): 1 erreurs dtectes
[2025-10-21T06:43:38Z]  Erreurs de donnes BTC/USDT: ['Gaps extrmes dtects: 14']
[2025-10-21T06:43:38Z]  Rollover futures - Notional: 36.19 - Cot_eq: 0.000015 - Nouvelle equity: 1.2062
[2025-10-21T06:43:38Z]  Validation BTC/USDT (bougie 9500): 1 erreurs dtectes
[2025-10-21T06:43:38Z]  Erreurs de donnes BTC/USDT: ['Gaps extrmes dtects: 14']
[2025-10-21T06:43:38Z]  Rollover futures - Notional: 36.19 - Cot_eq: 0.000015 - Nouvelle equity: 1.2062
[2025-10-21T06:43:38Z]  Rollover futures - Notional: 36.19 - Cot_eq: 0.000015 - Nouvelle equity: 1.2061
[2025-10-21T06:43:38Z]  Validation BTC/USDT (bougie 9550): 1 erreurs dtectes
[2025-10-21T06:43:38Z]  Erreurs de donnes BTC/USDT: ['Gaps extrmes dtects: 14']
[2025-10-21T06:43:38Z]  Rollover futures - Notional: 36.19 - Cot_eq: 0.000015 - Nouvelle equity: 1.2061
[2025-10-21T06:43:38Z]  Rollover futures - Notional: 36.19 - Cot_eq: 0.000015 - Nouvelle equity: 1.2060
[2025-10-21T06:43:38Z]  Validation BTC/USDT (bougie 9600): 1 erreurs dtectes
[2025-10-21T06:43:38Z]  Erreurs de donnes BTC/USDT: ['Gaps extrmes dtects: 14']
[2025-10-21T06:43:38Z]  Rollover futures - Notional: 36.19 - Cot_eq: 0.000015 - Nouvelle equity: 1.2060
[2025-10-21T06:43:38Z]  Validation BTC/USDT (bougie 9650): 1 erreurs dtectes
[2025-10-21T06:43:38Z]  Erreurs de donnes BTC/USDT: ['Gaps extrmes dtects: 14']
[2025-10-21T06:43:38Z]  Rollover futures - Notional: 36.19 - Cot_eq: 0.000015 - Nouvelle equity: 1.2060
[2025-10-21T06:43:38Z]  Rollover futures - Notional: 36.19 - Cot_eq: 0.000015 - Nouvelle equity: 1.2059
[2025-10-21T06:43:38Z]  Validation BTC/USDT (bougie 9700): 1 erreurs dtectes
[2025-10-21T06:43:38Z]  Erreurs de donnes BTC/USDT: ['Gaps extrmes dtects: 14']
[2025-10-21T06:43:38Z]  Rollover futures - Notional: 36.19 - Cot_eq: 0.000015 - Nouvelle equity: 1.2059
[2025-10-21T06:43:38Z]  Entre LONG BTC/USDT - Prix: 237.0985, Slippage: 0.050%, Latence: 0.0ms
[2025-10-21T06:43:38Z]  Rollover futures - Notional: 12.41 - Cot_eq: 0.000005 - Nouvelle equity: 1.2410
[2025-10-21T06:43:38Z]  Validation BTC/USDT (bougie 9750): 1 erreurs dtectes
[2025-10-21T06:43:38Z]  Erreurs de donnes BTC/USDT: ['Gaps extrmes dtects: 14']
[2025-10-21T06:43:38Z]  Rollover futures - Notional: 12.41 - Cot_eq: 0.000005 - Nouvelle equity: 1.2410
[2025-10-21T06:43:38Z]  Validation BTC/USDT (bougie 9800): 1 erreurs dtectes
[2025-10-21T06:43:38Z]  Erreurs de donnes BTC/USDT: ['Gaps extrmes dtects: 14']
[2025-10-21T06:43:38Z]  Rollover futures - Notional: 12.41 - Cot_eq: 0.000005 - Nouvelle equity: 1.2410
[2025-10-21T06:43:38Z]  Entre LONG BTC/USDT - Prix: 236.8083, Slippage: 0.050%, Latence: 0.0ms
[2025-10-21T06:43:38Z]  Rollover futures - Notional: 24.82 - Cot_eq: 0.000010 - Nouvelle equity: 1.2410
[2025-10-21T06:43:38Z]  Entre LONG BTC/USDT - Prix: 237.0785, Slippage: 0.050%, Latence: 0.0ms
[2025-10-21T06:43:38Z]  Validation BTC/USDT (bougie 9850): 1 erreurs dtectes
[2025-10-21T06:43:38Z]  Erreurs de donnes BTC/USDT: ['Gaps extrmes dtects: 14']
[2025-10-21T06:43:38Z]  Rollover futures - Notional: 37.23 - Cot_eq: 0.000015 - Nouvelle equity: 1.2410
[2025-10-21T06:43:38Z]  Rollover futures - Notional: 37.23 - Cot_eq: 0.000015 - Nouvelle equity: 1.2409
[2025-10-21T06:43:38Z]  Validation BTC/USDT (bougie 9900): 1 erreurs dtectes
[2025-10-21T06:43:38Z]  Erreurs de donnes BTC/USDT: ['Gaps extrmes dtects: 14']
[2025-10-21T06:43:38Z]  Rollover futures - Notional: 37.23 - Cot_eq: 0.000015 - Nouvelle equity: 1.2409
[2025-10-21T06:43:38Z]  Validation BTC/USDT (bougie 9950): 1 erreurs dtectes
[2025-10-21T06:43:38Z]  Erreurs de donnes BTC/USDT: ['Gaps extrmes dtects: 14']
[2025-10-21T06:43:38Z]  Rollover futures - Notional: 37.23 - Cot_eq: 0.000015 - Nouvelle equity: 1.2409
[2025-10-21T06:43:38Z]  Rollover futures - Notional: 37.23 - Cot_eq: 0.000015 - Nouvelle equity: 1.2408
[2025-10-21T06:43:38Z]  Validation BTC/USDT (bougie 10000): 1 erreurs dtectes
[2025-10-21T06:43:38Z]  Erreurs de donnes BTC/USDT: ['Gaps extrmes dtects: 14']
[2025-10-21T06:43:38Z]  Rollover futures - Notional: 37.23 - Cot_eq: 0.000015 - Nouvelle equity: 1.2408
[2025-10-21T06:43:38Z]  Rollover futures - Notional: 37.23 - Cot_eq: 0.000015 - Nouvelle equity: 1.2407
[2025-10-21T06:43:38Z]  Validation BTC/USDT (bougie 10050): 1 erreurs dtectes
[2025-10-21T06:43:38Z]  Erreurs de donnes BTC/USDT: ['Gaps extrmes dtects: 14']
[2025-10-21T06:43:38Z]  Rollover futures - Notional: 37.23 - Cot_eq: 0.000015 - Nouvelle equity: 1.2407
[2025-10-21T06:43:38Z]  Validation BTC/USDT (bougie 10100): 1 erreurs dtectes
[2025-10-21T06:43:38Z]  Erreurs de donnes BTC/USDT: ['Gaps extrmes dtects: 14']
[2025-10-21T06:43:38Z]  Rollover futures - Notional: 37.23 - Cot_eq: 0.000015 - Nouvelle equity: 1.2407
[2025-10-21T06:43:38Z]  Rollover futures - Notional: 37.23 - Cot_eq: 0.000015 - Nouvelle equity: 1.2406
[2025-10-21T06:43:39Z]  Validation BTC/USDT (bougie 10150): 1 erreurs dtectes
[2025-10-21T06:43:39Z]  Erreurs de donnes BTC/USDT: ['Gaps extrmes dtects: 14']
[2025-10-21T06:43:39Z]  Validation BTC/USDT (bougie 10200): 1 erreurs dtectes
[2025-10-21T06:43:39Z]  Erreurs de donnes BTC/USDT: ['Gaps extrmes dtects: 14']
[2025-10-21T06:43:39Z]  Validation BTC/USDT (bougie 10250): 1 erreurs dtectes
[2025-10-21T06:43:39Z]  Erreurs de donnes BTC/USDT: ['Gaps extrmes dtects: 14']
[2025-10-21T06:43:39Z]  Validation BTC/USDT (bougie 10300): 1 erreurs dtectes
[2025-10-21T06:43:39Z]  Erreurs de donnes BTC/USDT: ['Gaps extrmes dtects: 14']
[2025-10-21T06:43:39Z]  Validation BTC/USDT (bougie 10350): 1 erreurs dtectes
[2025-10-21T06:43:39Z]  Erreurs de donnes BTC/USDT: ['Gaps extrmes dtects: 14']
[2025-10-21T06:43:39Z]  Entre LONG BTC/USDT - Prix: 230.6152, Slippage: 0.050%, Latence: 0.0ms
[2025-10-21T06:43:39Z]  Rollover futures - Notional: 12.39 - Cot_eq: 0.000005 - Nouvelle equity: 1.2388
[2025-10-21T06:43:39Z]  Validation BTC/USDT (bougie 10400): 1 erreurs dtectes
[2025-10-21T06:43:39Z]  Erreurs de donnes BTC/USDT: ['Gaps extrmes dtects: 14']
[2025-10-21T06:43:39Z]  Rollover futures - Notional: 12.39 - Cot_eq: 0.000005 - Nouvelle equity: 1.2388
[2025-10-21T06:43:39Z]  Rollover futures - Notional: 12.39 - Cot_eq: 0.000005 - Nouvelle equity: 1.2388
[2025-10-21T06:43:39Z]  Validation BTC/USDT (bougie 10450): 1 erreurs dtectes
[2025-10-21T06:43:39Z]  Erreurs de donnes BTC/USDT: ['Gaps extrmes dtects: 14']
[2025-10-21T06:43:39Z]  Rollover futures - Notional: 12.39 - Cot_eq: 0.000005 - Nouvelle equity: 1.2388
[2025-10-21T06:43:39Z]  Rollover futures - Notional: 12.39 - Cot_eq: 0.000005 - Nouvelle equity: 1.2388
[2025-10-21T06:43:39Z]  Validation BTC/USDT (bougie 10500): 1 erreurs dtectes
[2025-10-21T06:43:39Z]  Erreurs de donnes BTC/USDT: ['Gaps extrmes dtects: 14']
[2025-10-21T06:43:39Z]  Rollover futures - Notional: 12.39 - Cot_eq: 0.000005 - Nouvelle equity: 1.2388
[2025-10-21T06:43:39Z]  Validation BTC/USDT (bougie 10550): 1 erreurs dtectes
[2025-10-21T06:43:39Z]  Erreurs de donnes BTC/USDT: ['Gaps extrmes dtects: 14']
[2025-10-21T06:43:39Z]  Rollover futures - Notional: 12.39 - Cot_eq: 0.000005 - Nouvelle equity: 1.2388
[2025-10-21T06:43:39Z]  Rollover futures - Notional: 12.39 - Cot_eq: 0.000005 - Nouvelle equity: 1.2387
[2025-10-21T06:43:39Z]  Validation BTC/USDT (bougie 10600): 1 erreurs dtectes
[2025-10-21T06:43:39Z]  Erreurs de donnes BTC/USDT: ['Gaps extrmes dtects: 14']
[2025-10-21T06:43:39Z]  Rollover futures - Notional: 12.39 - Cot_eq: 0.000005 - Nouvelle equity: 1.2387
[2025-10-21T06:43:39Z]  Rollover futures - Notional: 12.39 - Cot_eq: 0.000005 - Nouvelle equity: 1.2387
[2025-10-21T06:43:39Z]  Validation BTC/USDT (bougie 10650): 1 erreurs dtectes
[2025-10-21T06:43:39Z]  Erreurs de donnes BTC/USDT: ['Gaps extrmes dtects: 14']
[2025-10-21T06:43:39Z]  Rollover futures - Notional: 12.39 - Cot_eq: 0.000005 - Nouvelle equity: 1.2387
[2025-10-21T06:43:39Z]  Validation BTC/USDT (bougie 10700): 1 erreurs dtectes
[2025-10-21T06:43:39Z]  Erreurs de donnes BTC/USDT: ['Gaps extrmes dtects: 14']
[2025-10-21T06:43:39Z]  Rollover futures - Notional: 12.39 - Cot_eq: 0.000005 - Nouvelle equity: 1.2387
[2025-10-21T06:43:39Z]  Entre SHORT BTC/USDT - Prix: 276.3518, Slippage: 0.050%, Latence: 0.0ms
[2025-10-21T06:43:39Z]  Entre SHORT BTC/USDT - Prix: 276.8115, Slippage: 0.050%, Latence: 0.0ms
[2025-10-21T06:43:39Z]  Entre SHORT BTC/USDT - Prix: 276.5916, Slippage: 0.050%, Latence: 0.0ms
[2025-10-21T06:43:39Z]  Rollover futures - Notional: 37.90 - Cot_eq: 0.000015 - Nouvelle equity: 1.2634
[2025-10-21T06:43:39Z]  Validation BTC/USDT (bougie 10750): 1 erreurs dtectes
[2025-10-21T06:43:39Z]  Erreurs de donnes BTC/USDT: ['Gaps extrmes dtects: 14']
[2025-10-21T06:43:39Z]  Rollover futures - Notional: 37.90 - Cot_eq: 0.000015 - Nouvelle equity: 1.2634
[2025-10-21T06:43:39Z]  Rollover futures - Notional: 37.90 - Cot_eq: 0.000015 - Nouvelle equity: 1.2634
[2025-10-21T06:43:39Z]  Validation BTC/USDT (bougie 10800): 1 erreurs dtectes
[2025-10-21T06:43:39Z]  Erreurs de donnes BTC/USDT: ['Gaps extrmes dtects: 14']
[2025-10-21T06:43:39Z]  Rollover futures - Notional: 37.90 - Cot_eq: 0.000015 - Nouvelle equity: 1.2633
[2025-10-21T06:43:39Z]  Validation BTC/USDT (bougie 10850): 1 erreurs dtectes
[2025-10-21T06:43:39Z]  Erreurs de donnes BTC/USDT: ['Gaps extrmes dtects: 14']
[2025-10-21T06:43:39Z]  Rollover futures - Notional: 37.90 - Cot_eq: 0.000015 - Nouvelle equity: 1.2633
[2025-10-21T06:43:39Z]  Rollover futures - Notional: 37.90 - Cot_eq: 0.000015 - Nouvelle equity: 1.2632
[2025-10-21T06:43:39Z]  Validation BTC/USDT (bougie 10900): 1 erreurs dtectes
[2025-10-21T06:43:39Z]  Erreurs de donnes BTC/USDT: ['Gaps extrmes dtects: 14']
[2025-10-21T06:43:39Z]  Rollover futures - Notional: 37.90 - Cot_eq: 0.000015 - Nouvelle equity: 1.2632
[2025-10-21T06:43:39Z]  Rollover futures - Notional: 37.90 - Cot_eq: 0.000015 - Nouvelle equity: 1.2632
[2025-10-21T06:43:39Z]  Validation BTC/USDT (bougie 10950): 1 erreurs dtectes
[2025-10-21T06:43:39Z]  Erreurs de donnes BTC/USDT: ['Gaps extrmes dtects: 14']
[2025-10-21T06:43:39Z]  Rollover futures - Notional: 37.90 - Cot_eq: 0.000015 - Nouvelle equity: 
