[2025-10-21T06:43:35Z]  Rollover futures - Notional: 50.00 - Cot_eq: 0.000015 - Nouvelle equity: 1.6665
[2025-10-21T06:43:35Z]  Entre LONG BTC/USDT - Prix: 629.1944, Slippage: 0.050%, Latence: 0.0ms
[2025-10-21T06:43:35Z]  Validation BTC/USDT (bougie 6650): 1 erreurs dtectes
[2025-10-21T06:43:35Z]  Erreurs de donnes BTC/USDT: ['Gaps extrmes dtects: 14']
[2025-10-21T06:43:35Z]  Rollover futures - Notional: 16.58 - Cot_eq: 0.000005 - Nouvelle equity: 1.6581
[2025-10-21T06:43:35Z]  Rollover futures - Notional: 16.58 - Cot_eq: 0.000005 - Nouvelle equity: 1.6581
[2025-10-21T06:43:35Z]  Validation BTC/USDT (bougie 6700): 1 erreurs dtectes
[2025-10-21T06:43:35Z]  Erreurs de donnes BTC/USDT: ['Gaps extrmes dtects: 14']
[2025-10-21T06:43:35Z]  Rollover futures - Notional: 16.58 - Cot_eq: 0.000005 - Nouvelle equity: 1.6581
[2025-10-21T06:43:35Z]  Rollover futures - Notional: 16.58 - Cot_eq: 0.000005 - Nouvelle equity: 1.6581
[2025-10-21T06:43:35Z]  Validation BTC/USDT (bougie 6750): 1 erreurs dtectes
[2025-10-21T06:43:35Z]  Erreurs de donnes BTC/USDT: ['Gaps extrmes dtects: 14']
[2025-10-21T06:43:35Z]  Rollover futures - Notional: 16.58 - Cot_eq: 0.000005 - Nouvelle equity: 1.6581
[2025-10-21T06:43:35Z]  Validation BTC/USDT (bougie 6800): 1 erreurs dtectes
[2025-10-21T06:43:35Z]  Erreurs de donnes BTC/USDT: ['Gaps extrmes dtects: 14']
[2025-10-21T06:43:35Z]  Rollover futures - Notional: 16.58 - Cot_eq: 0.000005 - Nouvelle equity: 1.6581
[2025-10-21T06:43:35Z]  Entre LONG BTC/USDT - Prix: 606.2930, Slippage: 0.050%, Latence: 0.0ms
[2025-10-21T06:43:35Z]  Rollover futures - Notional: 33.16 - Cot_eq: 0.000010 - Nouvelle equity: 1.6580
[2025-10-21T06:43:35Z]  Validation BTC/USDT (bougie 6850): 1 erreurs dtectes
[2025-10-21T06:43:35Z]  Erreurs de donnes BTC/USDT: ['Gaps extrmes dtects: 14']
[2025-10-21T06:43:35Z]  Rollover futures - Notional: 33.16 - Cot_eq: 0.000010 - Nouvelle equity: 1.6580
[2025-10-21T06:43:35Z]  Rollover futures - Notional: 33.16 - Cot_eq: 0.000010 - Nouvelle equity: 1.6580
[2025-10-21T06:43:35Z]  Validation BTC/USDT (bougie 6900): 1 erreurs dtectes
[2025-10-21T06:43:35Z]  Erreurs de donnes BTC/USDT: ['Gaps extrmes dtects: 14']
[2025-10-21T06:43:35Z]  Entre LONG BTC/USDT - Prix: 596.3880, Slippage: 0.050%, Latence: 0.0ms
[2025-10-21T06:43:35Z]  Rollover futures - Notional: 49.74 - Cot_eq: 0.000015 - Nouvelle equity: 1.6580
[2025-10-21T06:43:35Z]  Validation BTC/USDT (bougie 6950): 1 erreurs dtectes
[2025-10-21T06:43:35Z]  Erreurs de donnes BTC/USDT: ['Gaps extrmes dtects: 14']
[2025-10-21T06:43:35Z]  Rollover futures - Notional: 49.74 - Cot_eq: 0.000015 - Nouvelle equity: 1.6579
[2025-10-21T06:43:35Z]  Rollover futures - Notional: 33.16 - Cot_eq: 0.000010 - Nouvelle equity: 1.6234
[2025-10-21T06:43:35Z]  Validation BTC/USDT (bougie 7000): 1 erreurs dtectes
[2025-10-21T06:43:35Z]  Erreurs de donnes BTC/USDT: ['Gaps extrmes dtects: 14']
[2025-10-21T06:43:35Z]  Entre LONG BTC/USDT - Prix: 527.4936, Slippage: 0.050%, Latence: 0.0ms
[2025-10-21T06:43:35Z]  Rollover futures - Notional: 15.51 - Cot_eq: 0.000005 - Nouvelle equity: 1.5506
[2025-10-21T06:43:35Z]  Validation BTC/USDT (bougie 7050): 1 erreurs dtectes
[2025-10-21T06:43:35Z]  Erreurs de donnes BTC/USDT: ['Gaps extrmes dtects: 14']
[2025-10-21T06:43:35Z]  Entre LONG BTC/USDT - Prix: 528.1639, Slippage: 0.050%, Latence: 0.0ms
[2025-10-21T06:43:35Z]  Entre LONG BTC/USDT - Prix: 523.3716, Slippage: 0.050%, Latence: 0.0ms
[2025-10-21T06:43:35Z]  Rollover futures - Notional: 46.52 - Cot_eq: 0.000015 - Nouvelle equity: 1.5506
[2025-10-21T06:43:35Z]  Validation BTC/USDT (bougie 7100): 1 erreurs dtectes
[2025-10-21T06:43:35Z]  Erreurs de donnes BTC/USDT: ['Gaps extrmes dtects: 14']
[2025-10-21T06:43:35Z]  Rollover futures - Notional: 46.52 - Cot_eq: 0.000015 - Nouvelle equity: 1.5506
[2025-10-21T06:43:35Z]  Rollover futures - Notional: 46.52 - Cot_eq: 0.000015 - Nouvelle equity: 1.5505
[2025-10-21T06:43:35Z]  Validation BTC/USDT (bougie 7150): 1 erreurs dtectes
[2025-10-21T06:43:35Z]  Erreurs de donnes BTC/USDT: ['Gaps extrmes dtects: 14']
[2025-10-21T06:43:35Z]  Rollover futures - Notional: 46.52 - Cot_eq: 0.000015 - Nouvelle equity: 1.5505
[2025-10-21T06:43:36Z]  Rollover futures - Notional: 46.52 - Cot_eq: 0.000015 - Nouvelle equity: 1.5504
[2025-10-21T06:43:36Z]  Validation BTC/USDT (bougie 7200): 1 erreurs dtectes
[2025-10-21T06:43:36Z]  Erreurs de donnes BTC/USDT: ['Gaps extrmes dtects: 14']
[2025-10-21T06:43:36Z]  Rollover futures - Notional: 46.52 - Cot_eq: 0.000015 - Nouvelle equity: 1.5504
[2025-10-21T06:43:36Z]  Validation BTC/USDT (bougie 7250): 1 erreurs dtectes
[2025-10-21T06:43:36Z]  Erreurs de donnes BTC/USDT: ['Gaps extrmes dtects: 14']
[2025-10-21T06:43:36Z]  Rollover futures - Notional: 46.52 - Cot_eq: 0.000015 - Nouvelle equity: 1.5504
[2025-10-21T06:43:36Z]  Rollover futures - Notional: 46.52 - Cot_eq: 0.000015 - Nouvelle equity: 1.5503
[2025-10-21T06:43:36Z]  Validation BTC/USDT (bougie 7300): 1 erreurs dtectes
[2025-10-21T06:43:36Z]  Erreurs de donnes BTC/USDT: ['Gaps extrmes dtects: 14']
[2025-10-21T06:43:36Z]  Rollover futures - Notional: 46.52 - Cot_eq: 0.000015 - Nouvelle equity: 1.5503
[2025-10-21T06:43:36Z]  Rollover futures - Notional: 46.52 - Cot_eq: 0.000015 - Nouvelle equity: 1.5503
[2025-10-21T06:43:36Z]  Validation BTC/USDT (bougie 7350): 1 erreurs dtectes
[2025-10-21T06:43:36Z]  Erreurs de donnes BTC/USDT: ['Gaps extrmes dtects: 14']
[2025-10-21T06:43:36Z]  Rollover futures - Notional: 46.52 - Cot_eq: 0.000015 - Nouvelle equity: 1.5502
[2025-10-21T06:43:36Z]  Validation BTC/USDT (bougie 7400): 1 erreurs dtectes
[2025-10-21T06:43:36Z]  Erreurs de donnes BTC/USDT: ['Gaps extrmes dtects: 14']
[2025-10-21T06:43:36Z]  Rollover futures - Notional: 46.52 - Cot_eq: 0.000015 - Nouvelle equity: 1.5502
[2025-10-21T06:43:36Z]  Rollover futures - Notional: 46.52 - Cot_eq: 0.000015 - Nouvelle equity: 1.5501
[2025-10-21T06:43:36Z]  Validation BTC/USDT (bougie 7450): 1 erreurs dtectes
[2025-10-21T06:43:36Z]  Erreurs de donnes BTC/USDT: ['Gaps extrmes dtects: 14']
[2025-10-21T06:43:36Z]  Rollover futures - Notional: 46.52 - Cot_eq: 0.000015 - Nouvelle equity: 1.5501
[2025-10-21T06:43:36Z]  Rollover futures - Notional: 46.52 - Cot_eq: 0.000015 - Nouvelle equity: 1.5501
[2025-10-21T06:43:36Z]  Validation BTC/USDT (bougie 7500): 1 erreurs dtectes
[2025-10-21T06:43:36Z]  Erreurs de donnes BTC/USDT: ['Gaps extrmes dtects: 14']
[2025-10-21T06:43:36Z]  Validation BTC/USDT (bougie 7550): 1 erreurs dtectes
[2025-10-21T06:43:36Z]  Erreurs de donnes BTC/USDT: ['Gaps extrmes dtects: 14']
[2025-10-21T06:43:36Z]  Validation BTC/USDT (bougie 7600): 1 erreurs dtectes
[2025-10-21T06:43:36Z]  Erreurs de donnes BTC/USDT: ['Gaps extrmes dtects: 14']
[2025-10-21T06:43:36Z]  Entre LONG BTC/USDT - Prix: 364.1620, Slippage: 0.050%, Latence: 0.0ms
[2025-10-21T06:43:36Z]  Entre LONG BTC/USDT - Prix: 366.8233, Slippage: 0.050%, Latence: 0.0ms
[2025-10-21T06:43:36Z]  Entre LONG BTC/USDT - Prix: 364.6122, Slippage: 0.050%, Latence: 0.0ms
[2025-10-21T06:43:36Z]  Rollover futures - Notional: 42.70 - Cot_eq: 0.000015 - Nouvelle equity: 1.4233
[2025-10-21T06:43:36Z]  Validation BTC/USDT (bougie 7650): 1 erreurs dtectes
[2025-10-21T06:43:36Z]  Erreurs de donnes BTC/USDT: ['Gaps extrmes dtects: 14']
[2025-10-21T06:43:36Z]  Rollover futures - Notional: 42.70 - Cot_eq: 0.000015 - Nouvelle equity: 1.4232
[2025-10-21T06:43:36Z]  Validation BTC/USDT (bougie 7700): 1 erreurs dtectes
[2025-10-21T06:43:36Z]  Erreurs de donnes BTC/USDT: ['Gaps extrmes dtects: 14']
[2025-10-21T06:43:36Z]  Rollover futures - Notional: 42.70 - Cot_eq: 0.000015 - Nouvelle equity: 1.4232
[2025-10-21T06:43:36Z]  Validation BTC/USDT (bougie 7750): 1 erreurs dtectes
[2025-10-21T06:43:36Z]  Erreurs de donnes BTC/USDT: ['Gaps extrmes dtects: 14']
[2025-10-21T06:43:36Z]  Entre SHORT BTC/USDT - Prix: 339.6301, Slippage: 0.050%, Latence: 0.0ms
[2025-10-21T06:43:36Z]  Entre SHORT BTC/USDT - Prix: 337.8210, Slippage: 0.050%, Latence: 0.0ms
[2025-10-21T06:43:36Z]  Rollover futures - Notional: 27.82 - Cot_eq: 0.000010 - Nouvelle equity: 1.3910
[2025-10-21T06:43:36Z]  Rollover futures - Notional: 27.82 - Cot_eq: 0.000010 - Nouvelle equity: 1.3909
[2025-10-21T06:43:36Z]  Validation BTC/USDT (bougie 7800): 1 erreurs dtectes
[2025-10-21T06:43:36Z]  Erreurs de donnes BTC/USDT: ['Gaps extrmes dtects: 14']
[2025-10-21T06:43:36Z]  Entre LONG BTC/USDT - Prix: 341.1205, Slippage: 0.050%, Latence: 0.0ms
[2025-10-21T06:43:36Z]  Rollover futures - Notional: 13.88 - Cot_eq: 0.000005 - Nouvelle equity: 1.3880
[2025-10-21T06:43:36Z]  Validation BTC/USDT (bougie 7850): 1 erreurs dtectes
[2025-10-21T06:43:36Z]  Erreurs de donnes BTC/USDT: ['Gaps extrmes dtects: 14']
[2025-10-21T06:43:36Z]  Rollover futures - Notional: 13.88 - Cot_eq: 0.000005 - Nouvelle equity: 1.3879
[2025-10-21T06:43:36Z]  Entre LONG BTC/USDT - Prix: 365.5527, Slippage: 0.050%, Latence: 0.0ms
[2025-10-21T06:43:36Z]  Entre LONG BTC/USDT - Prix: 362.0309, Slippage: 0.050%, Latence: 0.0ms
[2025-10-21T06:43:36Z]  Rollover futures - Notional: 41.64 - Cot_eq: 0.000015 - Nouvelle equity: 1.3879
[2025-10-21T06:43:36Z]  Validation BTC/USDT (bougie 7900): 1 erreurs dtectes
[2025-10-21T06:43:36Z]  Erreurs de donnes BTC/USDT: ['Gaps extrmes dtects: 14']
[2025-10-21T06:43:36Z]  Rollover futures - Notional: 41.64 - Cot_eq: 0.000015 - Nouvelle equity: 1.3879
[2025-10-21T06:43:36Z]  Entre SHORT BTC/USDT - Prix: 384.7775, Slippage: 0.050%, Latence: 0.0ms
[2025-10-21T06:43:36Z]  Rollover futures - Notional: 14.22 - Cot_eq: 0.000005 - Nouvelle equity: 1.4215
[2025-10-21T06:43:36Z]  Validation BTC/USDT (bougie 7950): 1 erreurs dtectes
[2025-10-21T06:43:36Z]  Erreurs de donnes BTC/USDT: ['Gaps extrmes dtects: 14']
[2025-10-21T06:43:36Z]  Entre SHORT BTC/USDT - Prix: 383.1783, Slippage: 0.050%, Latence: 0.0ms
[2025-10-21T06:43:36Z]  Entre SHORT BTC/USDT - Prix: 382.8285, Slippage: 0.050%, Latence: 0.0ms
[2025-10-21T06:43:36Z]  Rollover futures - Notional: 42.65 - Cot_eq: 0.000015 - Nouvelle equity: 1.4215
[2025-10-21T06:43:36Z]  Validation BTC/USDT (bougie 8000): 1 erreurs dtectes
[2025-10-21T06:43:36Z]  Erreurs de donnes BTC/USDT: ['Gaps extrmes dtects: 14']
[2025-10-21T06:43:36Z]  Rollover futures - Notional: 42.65 - Cot_eq: 0.000015 - Nouvelle equity: 1.4214
[2025-10-21T06:43:36Z]  Rollover futures - Notional: 42.65 - Cot_eq: 0.000015 - Nouvelle equity: 1.4214
[2025-10-21T06:43:36Z]  Validation BTC/USDT (bougie 8050): 1 erreurs dtectes
[2025-10-21T06:43:36Z]  Erreurs de donnes BTC/USDT: ['Gaps extrmes dtects: 14']
[2025-10-21T06:43:36Z]  Rollover futures - Notional: 42.65 - Cot_eq: 0.000015 - Nouvelle equity: 1.4214
[2025-10-21T06:43:36Z]  Rollover futures - Notional: 42.65 - Cot_eq: 0.000015 - Nouvelle equity: 1.4213
[2025-10-21T06:43:36Z]  Validation BTC/USDT (bougie 8100): 1 erreurs dtectes
[2025-10-21T06:43:36Z]  Erreurs de donnes BTC/USDT: ['Gaps extrmes dtects: 14']
[2025-10-21T06:43:36Z]  Rollover futures - Notional: 42.65 - Cot_eq: 0.000015 - Nouvelle equity: 1.4213
[2025-10-21T06:43:36Z]  Validation BTC/USDT (bougie 8150): 1 erreurs dtectes
[2025-10-21T06:43:36Z]  Erreurs de donnes BTC/USDT: ['Gaps extrmes dtects: 14']
[2025-10-21T06:43:36Z]  Rollover futures - Notional: 42.65 - Cot_eq: 0.000015 - Nouvelle equity: 1.4213
[2025-10-21T06:43:36Z]  Rollover futures - Notional: 42.65 - Cot_eq: 0.000015 - Nouvelle equity: 1.4212
[2025-10-21T06:43:36Z]  Validation BTC/USDT (bougie 8200): 1 erreurs dtectes
[2025-10-21T06:43:36Z]  Erreurs de donnes BTC/USDT: ['Gaps extrmes dtects: 14']
[2025-10-21T06:43:36Z]  Rollover futures - Notional: 42.65 - Cot_eq: 0.000015 - Nouvelle equity: 1.4212
[2025-10-21T06:43:36Z]  Rollover futures - Notional: 42.65 - Cot_eq: 0.000015 - Nouvelle equity: 1.4211
[2025-10-21T06:43:36Z]  Validation BTC/USDT (bougie 8250): 1 erreurs dtectes
[2025-10-21T06:43:36Z]  Erreurs de donnes BTC/USDT: ['Gaps extrmes dtects: 14']
[2025-10-21T06:43:36Z]  Rollover futures - Notional: 42.65 - Cot_eq: 0.000015 - Nouvelle equity: 1.4211
[2025-10-21T06:43:37Z]  Validation BTC/USDT (bougie 8300): 1 erreurs dtectes
[2025-10-21T06:43:37Z]  Erreurs de donnes BTC/USDT: ['Gaps extrmes dtects: 14']
[2025-10-21T06:43:37Z]  Rollover futures - Notional: 42.65 - Cot_eq: 0.000015 - Nouvelle equity: 1.4211
[2025-10-21T06:43:37Z]  Rollover futures - Notional: 42.65 - Cot_eq: 0.000015 - Nouvelle equity: 1.4210
[2025-10-21T06:43:37Z]  Validation BTC/USDT (bougie 8350): 1 erreurs dtectes
[2025-10-21T06:43:37Z]  Erreurs de donnes BTC/USDT: ['Gaps extrmes dtects: 14']
[2025-10-21T06:43:37Z]  Rollover futures - Notional: 42.65 - Cot_eq: 0.000015 - Nouvelle equity: 1.4210
[2025-10-21T06:43:37Z]  Rollover futures - Notional: 42.65 - Cot_eq: 0.000015 - Nouvelle equity: 1.4210
[2025-10-21T06:43:37Z]  Validation BTC/USDT (bougie 8400): 1 erreurs dtectes
[2025-10-21T06:43:37Z]  Erreurs de donnes BTC/USDT: ['Gaps extrmes dtects: 14']
[2025-10-21T06:43:37Z]  Rollover futures - Notional: 42.65 - Cot_eq: 0.000015 - Nouvelle equity: 1.4209
[2025-10-21T06:43:37Z]  Validation BTC/USDT (bougie 8450): 1 erreurs dtectes
[2025-10-21T06:43:37Z]  Erreurs de donnes BTC/USDT: ['Gaps extrmes dtects: 14']
[2025-10-21T06:43:37Z]  Rollover futures - Notional: 42.65 - Cot_eq: 0.000015 - Nouvelle equity: 1.4209
[2025-10-21T06:43:37Z]  Rollover futures - Notional: 42.65 - Cot_eq: 0.000015 - Nouvelle equity: 1.4208
[2025-10-21T06:43:37Z]  Validation BTC/USDT (bougie 8500): 1 erreurs dtectes
[2025-10-21T06:43:37Z]  Erreurs de donnes BTC/USDT: ['Gaps extrmes dtects: 14']
[2025-10-21T06:43:37Z]  Rollover futures - Notional: 42.65 - Cot_eq: 0.000015 - Nouvelle equity: 1.4208
[2025-10-21T06:43:37Z]  Rollover futures - Notional: 42.65 - Cot_eq: 0.000015 - Nouvelle equity: 1.4208
[2025-10-21T06:43:37Z]  Validation BTC/USDT (bougie 8550): 1 erreurs dtectes
[2025-10-21T06:43:37Z]  Erreurs de donnes BTC/USDT: ['Gaps extrmes dtects: 14']
[2025-10-21T06:43:37Z]  Validation BTC/USDT (bougie 8600): 1 erreurs dtectes
[2025-10-21T06:43:37Z]  Erreurs de donnes BTC/USDT: ['Gaps extrmes dtects: 14']
[2025-10-21T06:43:37Z]  Validation BTC/USDT (bougie 8650): 1 erreurs dtectes
[2025-10-21T06:43:37Z]  Erreurs de donnes BTC/USDT: ['Gaps extrmes dtects: 14']
[2025-10-21T06:43:37Z]  Validation BTC/USDT (bougie 8700): 1 erreurs dtectes
[2025-10-21T06:43:37Z]  Erreurs de donnes BTC/USDT: ['Gaps extrmes dtects: 14']
[2025-10-21T06:43:37Z]  Entre LONG BTC/USDT - Prix: 237.3086, Slippage: 0.050%, Latence: 0.0ms
[2025-10-21T06:43:37Z]  Rollover futures - Notional: 15.85 - Cot_eq: 0.000005 - Nouvelle equity: 1.5852
[2025-10-21T06:43:37Z]  Entre LONG BTC/USDT - Prix: 241.6608, Slippage: 0.050%, Latence: 0.0ms
[2025-10-21T06:43:37Z]  Validation BTC/USDT (bougie 8750): 1 erreurs dtectes
[2025-10-21T06:43:37Z]  Erreurs de donnes BTC/USDT: ['Gaps extrmes dtects: 14']
[2025-10-21T06:43:37Z]  Entre SHORT BTC/USDT - Prix: 226.8165, Slippage: 0.050%, Latence: 0.0ms
[2025-10-21T06:43:37Z]  Entre SHORT BTC/USDT - Prix: 227.4362, Slippage: 0.050%, Latence: 0.0ms
[2025-10-21T06:43:37Z]  Rollover futures - Notional: 31.51 - Cot_eq: 0.000010 - Nouvelle equity: 1.5752
[2025-10-21T06:43:37Z]  Validation BTC/USDT (bougie 8800): 1 erreurs dtectes
[2025-10-21T06:43:37Z]  Erreurs de donnes BTC/USDT: ['Gaps extrmes dtects: 14']
[2025-10-21T06:43:37Z]  Entre LONG BTC/USDT - Prix: 229.7148, Slippage: 0.050%, Latence: 0.0ms
[2025-10-21T06:43:37Z]  Rollover futures - Notional: 15.60 - Cot_eq: 0.000005 - Nouvelle equity: 1.5602
[2025-10-21T06:43:37Z]  Rollover futures - Notional: 15.60 - Cot_eq: 0.000005 - Nouvelle equity: 1.5602
[2025-10-21T06:43:37Z]  Validation BTC/USDT (bougie 8850): 1 erreurs dtectes
[2025-10-21T06:43:37Z]  Erreurs de donnes BTC/USDT: ['Gaps extrmes dtects: 14']
[2025-10-21T06:43:37Z]  Rollover futures - Notional: 15.60 - Cot_eq: 0.000005 - Nouvelle equity: 1.5602
[2025-10-21T06:43:37Z]  Validation BTC/USDT (bougie 8900): 1 erreurs dtectes
[2025-10-21T06:43:37Z]  Erreurs de donnes BTC/USDT: ['Gaps extrmes dtects: 14']
[2025-10-21T06:43:37Z]  Rollover futures - Notional: 15.60 - Cot_eq: 0.000005 - Nouvelle equity: 1.5601
[2025-10-21T06:43:37Z]  Entre LONG BTC/USDT - Prix: 245.1125, Slippage: 0.050%, Latence: 0.0ms
[2025-10-21T06:43:37Z]  Rollover futures - Notional: 31.20 - Cot_eq: 0.000010 - Nouvelle equity: 1.5601
[2025-10-21T06:43:37Z]  Validation BTC/USDT (bougie 8950): 1 erreurs dtectes
[2025-10-21T06:43:37Z]  Erreurs de donnes BTC/USDT: ['Gaps extrmes dtects: 14']
[2025-10-21T06:43:37Z]  Rollover futures - Notional: 31.20 - Cot_eq: 0.000010 - Nouvelle equity: 1.5601
[2025-10-21T06:43:37Z]  Entre SHORT BTC/USDT - Prix: 237.6611, Slippage: 0.050%, Latence: 0.0ms
[2025-10-21T06:43:37Z]  Rollover futures - Notional: 15.60 - Cot_eq: 0.000005 - Nouvelle equity: 1.5602
[2025-10-21T06:43:37Z]  Validation BTC/USDT (bougie 9000): 1 erreurs dtectes
[2025-10-21T06:43:37Z]  Erreurs de donnes BTC/USDT: ['Gaps extrmes dtects: 14']
[2025-10-21T06:43:37Z]  Rollover futures - Notional: 15.60 - Cot_eq: 0.000005 - Nouvelle equity: 1.5601
[2025-10-21T06:43:37Z]  Entre SHORT BTC/USDT - Prix: 238.2208, Slippage: 0.050%, Latence: 0.0ms
[2025-10-21T06:43:37Z]  Validation BTC/USDT (bougie 9050): 1 erreurs dtectes
[2025-10-21T06:43:37Z]  Erreurs de donnes BTC/USDT: ['Gaps extrmes dtects: 14']
[2025-10-21T06:43:37Z]  Entre SHORT BTC/USDT - Prix: 239.0004, Slippage: 0.050%, Latence: 0.0ms
[2025-10-21T06:43:37Z]  Rollover futures - Notional: 46.80 - Cot_eq: 0.000015 - Nouvelle equity: 1.5601
[2025-10-21T06:43:37Z]  Validation BTC/USDT (bougie 9100): 1 erreurs dtectes
[2025-10-21T06:43:37Z]  Erreurs de donnes BTC/USDT: ['Gaps extrmes dtects: 14']
[2025-10-21T06:43:37Z]  Validation BTC/USDT (bougie 9150): 1 erreurs dtectes
[2025-10-21T06:43:37Z]  Erreurs de donnes BTC/USDT: ['Gaps extrmes dtects: 14']
[2025-10-21T06:43:37Z]  Validation BTC/USDT (bougie 9200): 1 erreurs dtectes
[2025-10-21T06:43:37Z]  Erreurs de donnes BTC/USDT: ['Gaps extrmes dtects: 14']
[2025-10-21T06:43:37Z]  Validation BTC/USDT (bougie 9250): 1 erreurs dtectes
[2025-10-21T06:43:37Z]  Erreurs de donnes BTC/USDT: ['Gaps extrmes dtects: 14']
[2025-10-21T06:43:37Z]  Validation BTC/USDT (bougie 9300): 1 erreurs dtectes
[2025-10-21T06:43:37Z]  Erreurs de donnes BTC/USDT: ['Gaps extrmes dtects: 14']
[2025-10-21T06:43:37Z]  Entre SHORT BTC/USDT - Prix: 266.0369, Slippage: 0.050%, Latence: 0.0ms
[2025-10-21T06:43:37Z]  Rollover futures - Notional: 15.44 - Cot_eq: 0.000005 - Nouvelle equity: 1.5441
[2025-10-21T06:43:37Z]  Validation BTC/USDT (bougie 9350): 1 erreurs dtectes
[2025-10-21T06:43:37Z]  Erreurs de donnes BTC/USDT: ['Gaps extrmes dtects: 14']
[2025-10-21T06:43:37Z]  Rollover futures - Notional: 15.44 - Cot_eq: 0.000005 - Nouvelle equity: 1.5441
[2025-10-21T06:43:37Z]  Rollover futures - Notional: 15.44 - Cot_eq: 0.000005 - Nouvelle equity: 1.5441
[2025-10-21T06:43:37Z]  Validation BTC/USDT (bougie 9400): 1 erreurs dtectes
[2025-10-21T06:43:37Z]  Erreurs de donnes BTC/USDT: ['Gaps extrmes dtects: 14']
[2025-10-21T06:43:37Z]  Rollover futures - Notional: 15.44 - Cot_eq: 0.000005 - Nouvelle equity: 1.5440
[2025-10-21T06:43:37Z]  Rollover futures - Notional: 15.44 - Cot_eq: 0.000005 - Nouvelle equity: 1.5440
[2025-10-21T06:43:37Z]  Validation BTC/USDT (bougie 9450): 1 erreurs dtectes
[2025-10-21T06:43:37Z]  Erreurs de donnes BTC/USDT: ['Gaps extrmes dtects: 14']
[2025-10-21T06:43:37Z]  Rollover futures - Notional: 15.44 - Cot_eq: 0.000005 - Nouvelle equity: 1.5440
[2025-10-21T06:43:37Z]  Validation BTC/USDT (bougie 9500): 1 erreurs dtectes
[2025-10-21T06:43:37Z]  Erreurs de donnes BTC/USDT: ['Gaps extrmes dtects: 14']
[2025-10-21T06:43:37Z]  Rollover futures - Notional: 15.44 - Cot_eq: 0.000005 - Nouvelle equity: 1.5440
[2025-10-21T06:43:37Z]  Rollover futures - Notional: 15.44 - Cot_eq: 0.000005 - Nouvelle equity: 1.5440
[2025-10-21T06:43:37Z]  Validation BTC/USDT (bougie 9550): 1 erreurs dtectes
[2025-10-21T06:43:37Z]  Erreurs de donnes BTC/USDT: ['Gaps extrmes dtects: 14']
[2025-10-21T06:43:37Z]  Entre SHORT BTC/USDT - Prix: 253.7731, Slippage: 0.050%, Latence: 0.0ms
[2025-10-21T06:43:37Z]  Entre SHORT BTC/USDT - Prix: 253.5831, Slippage: 0.050%, Latence: 0.0ms
[2025-10-21T06:43:37Z]  Rollover futures - Notional: 46.32 - Cot_eq: 0.000015 - Nouvelle equity: 1.5440
[2025-10-21T06:43:37Z]  Rollover futures - Notional: 46.32 - Cot_eq: 0.000015 - Nouvelle equity: 1.5439
[2025-10-21T06:43:37Z]  Validation BTC/USDT (bougie 9600): 1 erreurs dtectes
[2025-10-21T06:43:37Z]  Erreurs de donnes BTC/USDT: ['Gaps extrmes dtects: 14']
[2025-10-21T06:43:37Z]  Rollover futures - Notional: 46.32 - Cot_eq: 0.000015 - Nouvelle equity: 1.5439
[2025-10-21T06:43:37Z]  Validation BTC/USDT (bougie 9650): 1 erreurs dtectes
[2025-10-21T06:43:37Z]  Erreurs de donnes BTC/USDT: ['Gaps extrmes dtects: 14']
[2025-10-21T06:43:37Z]  Rollover futures - Notional: 46.32 - Cot_eq: 0.000015 - Nouvelle equity: 1.5439
[2025-10-21T06:43:37Z]  Rollover futures - Notional: 46.32 - Cot_eq: 0.000015 - Nouvelle equity: 1.5438
[2025-10-21T06:43:37Z]  Validation BTC/USDT (bougie 9700): 1 erreurs dtectes
[2025-10-21T06:43:37Z]  Erreurs de donnes BTC/USDT: ['Gaps extrmes dtects: 14']
[2025-10-21T06:43:37Z]  Rollover futures - Notional: 46.32 - Cot_eq: 0.000015 - Nouvelle equity: 1.5438
[2025-10-21T06:43:37Z]  Entre LONG BTC/USDT - Prix: 237.0985, Slippage: 0.050%, Latence: 0.0ms
[2025-10-21T06:43:37Z]  Rollover futures - Notional: 15.83 - Cot_eq: 0.000005 - Nouvelle equity: 1.5835
[2025-10-21T06:43:37Z]  Validation BTC/USDT (bougie 9750): 1 erreurs dtectes
[2025-10-21T06:43:37Z]  Erreurs de donnes BTC/USDT: ['Gaps extrmes dtects: 14']
[2025-10-21T06:43:38Z]  Rollover futures - Notional: 15.83 - Cot_eq: 0.000005 - Nouvelle equity: 1.5835
[2025-10-21T06:43:38Z]  Validation BTC/USDT (bougie 9800): 1 erreurs dtectes
[2025-10-21T06:43:38Z]  Erreurs de donnes BTC/USDT: ['Gaps extrmes dtects: 14']
[2025-10-21T06:43:38Z]  Rollover futures - Notional: 15.83 - Cot_eq: 0.000005 - Nouvelle equity: 1.5835
[2025-10-21T06:43:38Z]  Entre LONG BTC/USDT - Prix: 226.2431, Slippage: 0.050%, Latence: 0.0ms
[2025-10-21T06:43:38Z]  Rollover futures - Notional: 31.67 - Cot_eq: 0.000010 - Nouvelle equity: 1.5834
[2025-10-21T06:43:38Z]  Validation BTC/USDT (bougie 9850): 1 erreurs dtectes
[2025-10-21T06:43:38Z]  Erreurs de donnes BTC/USDT: ['Gaps extrmes dtects: 14']
[2025-10-21T06:43:38Z]  Rollover futures - Notional: 31.67 - Cot_eq: 0.000010 - Nouvelle equity: 1.5834
[2025-10-21T06:43:38Z]  Rollover futures - Notional: 31.67 - Cot_eq: 0.000010 - Nouvelle equity: 1.5834
[2025-10-21T06:43:38Z]  Validation BTC/USDT (bougie 9900): 1 erreurs dtectes
[2025-10-21T06:43:38Z]  Erreurs de donnes BTC/USDT: ['Gaps extrmes dtects: 14']
[2025-10-21T06:43:38Z]  Entre SHORT BTC/USDT - Prix: 228.3058, Slippage: 0.050%, Latence: 0.0ms
[2025-10-21T06:43:38Z]  Entre SHORT BTC/USDT - Prix: 227.9160, Slippage: 0.050%, Latence: 0.0ms
[2025-10-21T06:43:38Z]  Rollover futures - Notional: 31.58 - Cot_eq: 0.000010 - Nouvelle equity: 1.5791
[2025-10-21T06:43:38Z]  Validation BTC/USDT (bougie 9950): 1 erreurs dtectes
[2025-10-21T06:43:38Z]  Erreurs de donnes BTC/USDT: ['Gaps extrmes dtects: 14']
[2025-10-21T06:43:38Z]  Rollover futures - Notional: 31.58 - Cot_eq: 0.000010 - Nouvelle equity: 1.5791
[2025-10-21T06:43:38Z]  Rollover futures - Notional: 31.58 - Cot_eq: 0.000010 - Nouvelle equity: 1.5791
[2025-10-21T06:43:38Z]  Validation BTC/USDT (bougie 10000): 1 erreurs dtectes
[2025-10-21T06:43:38Z]  Erreurs de donnes BTC/USDT: ['Gaps extrmes dtects: 14']
[2025-10-21T06:43:38Z]  Rollover futures - Notional: 31.58 - Cot_eq: 0.000010 - Nouvelle equity: 1.5791
[2025-10-21T06:43:38Z]  Rollover futures - Notional: 31.58 - Cot_eq: 0.000010 - Nouvelle equity: 1.5790
[2025-10-21T06:43:38Z]  Validation BTC/USDT (bougie 10050): 1 erreurs dtectes
[2025-10-21T06:43:38Z]  Erreurs de donnes BTC/USDT: ['Gaps extrmes dtects: 14']
[2025-10-21T06:43:38Z]  Entre SHORT BTC/USDT - Prix: 232.2838, Slippage: 0.050%, Latence: 0.0ms
[2025-10-21T06:43:38Z]  Rollover futures - Notional: 47.37 - Cot_eq: 0.000015 - Nouvelle equity: 1.5790
[2025-10-21T06:43:38Z]  Validation BTC/USDT (bougie 10100): 1 erreurs dtectes
[2025-10-21T06:43:38Z]  Erreurs de donnes BTC/USDT: ['Gaps extrmes dtects: 14']
[2025-10-21T06:43:38Z]  Entre SHORT BTC/USDT - Prix: 235.9520, Slippage: 0.050%, Latence: 0.0ms
[2025-10-21T06:43:38Z]  Validation BTC/USDT (bougie 10150): 1 erreurs dtectes
[2025-10-21T06:43:38Z]  Erreurs de donnes BTC/USDT: ['Gaps extrmes dtects: 14']
[2025-10-21T06:43:38Z]  Rollover futures - Notional: 15.59 - Cot_eq: 0.000005 - Nouvelle equity: 1.5590
[2025-10-21T06:43:38Z]  Rollover futures - Notional: 15.59 - Cot_eq: 0.000005 - Nouvelle equity: 1.5589
[2025-10-21T06:43:38Z]  Validation BTC/USDT (bougie 10200): 1 erreurs dtectes
[2025-10-21T06:43:38Z]  Erreurs de donnes BTC/USDT: ['Gaps extrmes dtects: 14']
[2025-10-21T06:43:38Z]  Rollover futures - Notional: 15.59 - Cot_eq: 0.000005 - Nouvelle equity: 1.5589
[2025-10-21T06:43:38Z]  Validation BTC/USDT (bougie 10250): 1 erreurs dtectes
[2025-10-21T06:43:38Z]  Erreurs de donnes BTC/USDT: ['Gaps extrmes dtects: 14']
[2025-10-21T06:43:38Z]  Rollover futures - Notional: 15.59 - Cot_eq: 0.000005 - Nouvelle equity: 1.5589
[2025-10-21T06:43:38Z]  Rollover futures - Notional: 15.59 - Cot_eq: 0.000005 - Nouvelle equity: 1.5589
[2025-10-21T06:43:38Z]  Validation BTC/USDT (bougie 10300): 1 erreurs dtectes
[2025-10-21T06:43:38Z]  Erreurs de donnes BTC/USDT: ['Gaps extrmes dtects: 14']
[2025-10-21T06:43:38Z]  Entre LONG BTC/USDT - Prix: 230.5452, Slippage: 0.050%, Latence: 0.0ms
[2025-10-21T06:43:38Z]  Rollover futures - Notional: 15.63 - Cot_eq: 0.000005 - Nouvelle equity: 1.5626
[2025-10-21T06:43:38Z]  Rollover futures - Notional: 15.63 - Cot_eq: 0.000005 - Nouvelle equity: 1.5626
[2025-10-21T06:43:38Z]  Validation BTC/USDT (bougie 10350): 1 erreurs dtectes
[2025-10-21T06:43:38Z]  Erreurs de donnes BTC/USDT: ['Gaps extrmes dtects: 14']
[2025-10-21T06:43:38Z]  Entre LONG BTC/USDT - Prix: 230.8053, Slippage: 0.050%, Latence: 0.0ms
[2025-10-21T06:43:38Z]  Entre LONG BTC/USDT - Prix: 230.0650, Slippage: 0.050%, Latence: 0.0ms
[2025-10-21T06:43:38Z]  Rollover futures - Notional: 46.88 - Cot_eq: 0.000015 - Nouvelle equity: 1.5626
[2025-10-21T06:43:38Z]  Validation BTC/USDT (bougie 10400): 1 erreurs dtectes
[2025-10-21T06:43:38Z]  Erreurs de donnes BTC/USDT: ['Gaps extrmes dtects: 14']
[2025-10-21T06:43:38Z]  Rollover futures - Notional: 46.88 - Cot_eq: 0.000015 - Nouvelle equity: 1.5625
[2025-10-21T06:43:38Z]  Rollover futures - Notional: 46.88 - Cot_eq: 0.000015 - Nouvelle equity: 1.5625
[2025-10-21T06:43:38Z]  Validation BTC/USDT (bougie 10450): 1 erreurs dtectes
[2025-10-21T06:43:38Z]  Erreurs de donnes BTC/USDT: ['Gaps extrmes dtects: 14']
[2025-10-21T06:43:38Z]  Rollover futures - Notional: 46.88 - Cot_eq: 0.000015 - Nouvelle equity: 1.5624
[2025-10-21T06:43:38Z]  Rollover futures - Notional: 46.88 - Cot_eq: 0.000015 - Nouvelle equity: 1.5624
[2025-10-21T06:43:38Z]  Validation BTC/USDT (bougie 10500): 1 erreurs dtectes
[2025-10-21T06:43:38Z]  Erreurs de donnes BTC/USDT: ['Gaps extrmes dtects: 14']
[2025-10-21T06:43:38Z]  Rollover futures - Notional: 46.88 - Cot_eq: 0.000015 - Nouvelle equity: 1.5624
[2025-10-21T06:43:38Z]  Validation BTC/USDT (bougie 10550): 1 erreurs dtectes
[2025-10-21T06:43:38Z]  Erreurs de donnes BTC/USDT: ['Gaps extrmes dtects: 14']
[2025-10-21T06:43:38Z]  Rollover futures - Notional: 46.88 - Cot_eq: 0.000015 - Nouvelle equity: 1.5623
[2025-10-21T06:43:38Z]  Rollover futures - Notional: 46.88 - Cot_eq: 0.000015 - Nouvelle equity: 1.5623
[2025-10-21T06:43:38Z]  Validation BTC/USDT (bougie 10600): 1 erreurs dtectes
[2025-10-21T06:43:38Z]  Erreurs de donnes BTC/USDT: ['Gaps extrmes dtects: 14']
[2025-10-21T06:43:38Z]  Rollover futures - Notional: 46.88 - Cot_eq: 0.000015 - Nouvelle equity: 1.5623
[2025-10-21T06:43:38Z]  Rollover futures - Notional: 46.88 - Cot_eq: 0.000015 - Nouvelle equity: 1.5622
[2025-10-21T06:43:38Z]  Validation BTC/USDT (bougie 10650): 1 erreurs dtectes
[2025-10-21T06:43:38Z]  Erreurs de donnes BTC/USDT: ['Gaps extrmes dtects: 14']
[2025-10-21T06:43:38Z]  Entre SHORT BTC/USDT - Prix: 277.2713, Slippage: 0.050%, Latence: 0.0ms
[2025-10-21T06:43:38Z]  Entre SHORT BTC/USDT - Prix: 277.6011, Slippage: 0.050%, Latence: 0.0ms
[2025-10-21T06:43:38Z]  Entre SHORT BTC/USDT - Prix: 277.1414, Slippage: 0.050%, Latence: 0.0ms
[2025-10-21T06:43:38Z]  Rollover futures - Notional: 49.73 - Cot_eq: 0.000015 - Nouvelle equity: 1.6576
[2025-10-21T06:43:38Z]  Validation BTC/USDT (bougie 10700): 1 erreurs dtectes
[2025-10-21T06:43:38Z]  Erreurs de donnes BTC/USDT: ['Gaps extrmes dtects: 14']
[2025-10-21T06:43:38Z]  Rollover futures - Notional: 49.73 - Cot_eq: 0.000015 - Nouvelle equity: 1.6575
[2025-10-21T06:43:38Z]  Rollover futures - Notional: 49.73 - Cot_eq: 0.000015 - Nouvelle equity: 1.6575
[2025-10-21T06:43:38Z]  Validation BTC/USDT (bougie 10750): 1 erreurs dtectes
[2025-10-21T06:43:38Z]  Erreurs de donnes BTC/USDT: ['Gaps extrmes dtects: 14']
[2025-10-21T06:43:38Z]  Entre LONG BTC/USDT - Prix: 291.6858, Slippage: 0.050%, Latence: 0.0ms
[2025-10-21T06:43:38Z]  Rollover futures - Notional: 16.38 - Cot_eq: 0.000005 - Nouvelle equity: 1.6377
[2025-10-21T06:43:38Z]  Entre LONG BTC/USDT - Prix: 294.0870, Slippage: 0.050%, Latence: 0.0ms
[2025-10-21T06:43:38Z]  Entre LONG BTC/USDT - Prix: 295.2576, Slippage: 0.050%, Latence: 0.0ms
[2025-10-21T06:43:38Z]  Rollover futures - Notional: 49.13 - Cot_eq: 0.000015 - Nouvelle equity: 1.6377
[2025-10-21T06:43:38Z]  Validation BTC/USDT (bougie 10800): 1 erreurs dtectes
[2025-10-21T06:43:38Z]  Erreurs de donnes BTC/USDT: ['Gaps extrmes dtects: 14']
[2025-10-21T06:43:38Z]  Rollover futures - Notional: 49.13 - Cot_eq: 0.000015 - Nouvelle equity: 1.6376
[2025-10-21T06:43:38Z]  Validation BTC/USDT (bougie 10850): 1 erreurs dtectes
[2025-10-21T06:43:38Z]  Erreurs de donnes BTC/USDT: ['Gaps extrmes dtects: 14']
[2025-10-21T06:43:38Z]  Rollover futures - Notional: 49.13 - Cot_eq: 0.000015 - Nouvelle equity: 1.6376
[2025-10-21T06:43:38Z]  Rollover futures - Notional: 49.13 - Cot_eq: 0.000015 - Nouvelle equity: 1.6375
[2025-10-21T06:43:38Z]  Validation BTC/USDT (bougie 10900): 1 erreurs dtectes
[2025-10-21T06:43:38Z]  Erreurs de donnes BTC/USDT: ['Gaps extrmes dtects: 14']
[2025-10-21T06:43:38Z]  Rollover futures - Notional: 49.13 - Cot_eq: 0.000015 - Nouvelle equity: 1.6375
[2025-10-21T06:43:38Z]  Rollover futures - Notional: 49.13 - Cot_eq: 0.000015 - Nouvelle equity: 1.6375
[2025-10-21T06:43:38Z]  Validation BTC/USDT (bougie 10950): 1 erreurs dtectes
[2025-10-21T06:43:38Z]  Erreurs de donnes BTC/USDT: ['Gaps extrmes dtects: 14']
[2025-10-21T06:43:38Z]  Rollover futures - Notional: 49.13 - Cot_eq: 0.000015 - Nouvelle equity: 1.6374
[2025-10-21T06:43:38Z]  Validation BTC/USDT (bougie 11000): 1 erreurs dtectes
[2025-10-21T06:43:38Z]  Erreurs de donnes BTC/USDT: ['Gaps extrmes dtects: 14']
[2025-10-21T06:43:38Z]  Rollover futures - Notional: 49.13 - Cot_eq: 0.000015 - Nouvelle equity: 1.6374
[2025-10-21T06:43:38Z]  Rollover futures - Notional: 49.13 - Cot_eq: 0.000015 - Nouvelle equity: 1.6374
[2025-10-21T06:43:38Z]  Validation BTC/USDT (bougie 11050): 1 erreurs dtectes
[2025-10-21T06:43:38Z]  Erreurs de donnes BTC/USDT: ['Gaps extrmes dtects: 14']
[2025-10-21T06:43:38Z]  Validation BTC/USDT (bougie 11100): 1 erreurs dtectes
[2025-10-21T06:43:38Z]  Erreurs de donnes BTC/USDT: ['Gaps extrmes dtects: 14']
[2025-10-21T06:43:39Z]  Validation BTC/USDT (bougie 11150): 1 erreurs dtectes
[2025-10-21T06:43:39Z]  Erreurs de donnes BTC/USDT: ['Gaps extrmes dtects: 14']
[2025-10-21T06:43:39Z]  Validation BTC/USDT (bougie 11200): 1 erreurs dtectes
[2025-10-21T06:43:39Z]  Erreurs de donnes BTC/USDT: ['Gaps extrmes dtects: 14']
[2025-10-21T06:43:39Z]  Validation BTC/USDT (bougie 11250): 1 erreurs dtectes
[2025-10-21T06:43:39Z]  Erreurs de donnes BTC/USDT: ['Gaps extrmes dtects: 14']
[2025-10-21T06:43:39Z]  Validation BTC/USDT (bougie 11300): 1 erreurs dtectes
[2025-10-21T06:43:39Z]  Erreurs de donnes BTC/USDT: ['Gaps extrmes dtects: 14']
[2025-10-21T06:43:39Z]  Entre LONG BTC/USDT - Prix: 235.1675, Slippage: 0.050%, Latence: 0.0ms
[2025-10-21T06:43:39Z]  Rollover futures - Notional: 15.22 - Cot_eq: 0.000005 - Nouvelle equity: 1.5220
[2025-10-21T06:43:39Z]  Entre LONG BTC/USDT - Prix: 236.8183, Slippage: 0.050%, Latence: 0.0ms
[2025-10-21T06:43:39Z]  Validation BTC/USDT (bougie 11350): 1 erreurs dtectes
[2025-10-21T06:43:39Z]  Erreurs de donnes BTC/USDT: ['Gaps extrmes dtects: 14']
[2025-10-21T06:43:39Z]  Entre LONG BTC/USDT - Prix: 235.2576, Slippage: 0.050%, Latence: 0.0ms
[2025-10-21T06:43:39Z]  Rollover futures - Notional: 45.66 - Cot_eq: 0.000015 - Nouvelle equity: 1.5220
[2025-10-21T06:43:39Z]  Rollover futures - Notional: 45.66 - Cot_eq: 0.000015 - Nouvelle equity: 1.5220
[2025-10-21T06:43:39Z]  Validation BTC/USDT (bougie 11400): 1 erreurs dtectes
[2025-10-21T06:43:39Z]  Erreurs de donnes BTC/USDT: ['Gaps extrmes dtects: 14']
[2025-10-21T06:43:39Z]  Rollover futures - Notional: 45.66 - Cot_eq: 0.000015 - Nouvelle equity: 1.5219
[2025-10-21T06:43:39Z]  Validation BTC/USDT (bougie 11450): 1 erreurs dtectes
[2025-10-21T06:43:39Z]  Erreurs de donnes BTC/USDT: ['Gaps extrmes dtects: 14']
[2025-10-21T06:43:39Z]  Rollover futures - Notional: 45.66 - Cot_eq: 0.000015 - Nouvelle equity: 1.5219
[2025-10-21T06:43:39Z]  Rollover futures - Notional: 45.66 - Cot_eq: 0.000015 - Nouvelle equity: 1.5218
[2025-10-21T06:43:39Z]  Validation BTC/USDT (bougie 11500): 1 erreurs dtectes
[2025-10-21T06:43:39Z]  Erreurs de donnes BTC/USDT: ['Gaps extrmes dtects: 14']
[2025-10-21T06:43:39Z]  Rollover futures - Notional: 45.66 - Cot_eq: 0.000015 - Nouvelle equity: 1.5218
[2025-10-21T06:43:39Z]  Rollover futures - Notional: 45.66 - Cot_eq: 0.000015 - Nouvelle equity: 1.5218
[2025-10-21T06:43:39Z]  Validation BTC/USDT (bougie 11550): 1 erreurs dtectes
[2025-10-21T06:43:39Z]  Erreurs de donnes BTC/USDT: ['Gaps extrmes dtects: 14']
[2025-10-21T06:43:39Z]  Rollover futures - Notional: 45.66 - Cot_eq: 0.000015 - Nouvelle equity: 1.5217
[2025-10-21T06:43:39Z]  Validation BTC/USDT (bougie 11600): 1 erreurs dtectes
[2025-10-21T06:43:39Z]  Erreurs de donnes BTC/USDT: ['Gaps extrmes dtects: 14']
[2025-10-21T06:43:39Z]  Rollover futures - Notional: 45.66 - Cot_eq: 0.000015 - Nouvelle equity: 1.5217
[2025-10-21T06:43:39Z]  Rollover futures - Notional: 45.66 - Cot_eq: 0.000015 - Nouvelle equity: 1.5217
[2025-10-21T06:43:39Z]  Validation BTC/USDT (bougie 11650): 1 erreurs dtectes
[2025-10-21T06:43:39Z]  Erreurs de donnes BTC/USDT: ['Gaps extrmes dtects: 14']
[2025-10-21T06:43:39Z]  Rollover futures - Notional: 45.66 - Cot_eq: 0.000015 - Nouvelle equity: 1.5216
[2025-10-21T06:43:39Z]  Rollover futures - Notional: 45.66 - Cot_eq: 0.000015 - Nouvelle equity: 1.5216
[2025-10-21T06:43:39Z]  Validation BTC/USDT (bougie 11700): 1 erreurs dtectes
[2025-10-21T06:43:39Z]  Erreurs de donnes BTC/USDT: ['Gaps extrmes dtects: 14']
[2025-10-21T06:43:39Z]  Rollover futures - Notional: 45.66 - Cot_eq: 0.000015 - Nouvelle equity: 1.5215
[2025-10-21T06:43:39Z]  Validation BTC/USDT (bougie 11750): 1 erreurs dtectes
[2025-10-21T06:43:39Z]  Erreurs de donnes BTC/USDT: ['Gaps extrmes dtects: 14']
[2025-10-21T06:43:39Z]  Rollover futures - Notional: 45.66 - Cot_eq: 0.000015 - Nouvelle equity: 1.5215
[2025-10-21T06:43:39Z]  Rollover futures - Notional: 45.66 - Cot_eq: 0.000015 - Nouvelle equity: 1.5215
[2025-10-21T06:43:39Z]  Validation BTC/USDT (bougie 11800): 1 erreurs dtectes
[2025-10-21T06:43:39Z]  Erreurs de donnes BTC/USDT: ['Gaps extrmes dtects: 14']
[2025-10-21T06:43:39Z]  Rollover futures - Notional: 45.66 - Cot_eq: 0.000015 - Nouvelle equity: 1.5214
[2025-10-21T06:43:39Z]  Entre SHORT BTC/USDT - Prix: 366.8165, Slippage: 0.050%, Latence: 0.0ms
[2025-10-21T06:43:39Z]  Rol
