[2025-10-21T06:43:35Z]  Erreurs de donnes BTC/USDT: ['Gaps extrmes dtects: 14']
[2025-10-21T06:43:35Z]  Entre SHORT BTC/USDT - Prix: 623.3082, Slippage: 0.050%, Latence: 0.0ms
[2025-10-21T06:43:35Z]  Rollover futures - Notional: 10.47 - Cot_eq: 0.000005 - Nouvelle equity: 1.0467
[2025-10-21T06:43:35Z]  Validation BTC/USDT (bougie 6600): 1 erreurs dtectes
[2025-10-21T06:43:35Z]  Erreurs de donnes BTC/USDT: ['Gaps extrmes dtects: 14']
[2025-10-21T06:43:35Z]  Rollover futures - Notional: 10.47 - Cot_eq: 0.000005 - Nouvelle equity: 1.0467
[2025-10-21T06:43:35Z]  Validation BTC/USDT (bougie 6650): 1 erreurs dtectes
[2025-10-21T06:43:35Z]  Erreurs de donnes BTC/USDT: ['Gaps extrmes dtects: 14']
[2025-10-21T06:43:35Z]  Entre LONG BTC/USDT - Prix: 629.8148, Slippage: 0.050%, Latence: 0.0ms
[2025-10-21T06:43:35Z]  Rollover futures - Notional: 10.45 - Cot_eq: 0.000005 - Nouvelle equity: 1.0452
[2025-10-21T06:43:35Z]  Entre SHORT BTC/USDT - Prix: 622.9784, Slippage: 0.050%, Latence: 0.0ms
[2025-10-21T06:43:35Z]  Rollover futures - Notional: 10.44 - Cot_eq: 0.000005 - Nouvelle equity: 1.0444
[2025-10-21T06:43:35Z]  Validation BTC/USDT (bougie 6700): 1 erreurs dtectes
[2025-10-21T06:43:35Z]  Erreurs de donnes BTC/USDT: ['Gaps extrmes dtects: 14']
[2025-10-21T06:43:35Z]  Rollover futures - Notional: 10.44 - Cot_eq: 0.000005 - Nouvelle equity: 1.0444
[2025-10-21T06:43:35Z]  Rollover futures - Notional: 10.44 - Cot_eq: 0.000005 - Nouvelle equity: 1.0444
[2025-10-21T06:43:35Z]  Validation BTC/USDT (bougie 6750): 1 erreurs dtectes
[2025-10-21T06:43:35Z]  Erreurs de donnes BTC/USDT: ['Gaps extrmes dtects: 14']
[2025-10-21T06:43:35Z]  Rollover futures - Notional: 10.44 - Cot_eq: 0.000005 - Nouvelle equity: 1.0443
[2025-10-21T06:43:35Z]  Validation BTC/USDT (bougie 6800): 1 erreurs dtectes
[2025-10-21T06:43:35Z]  Erreurs de donnes BTC/USDT: ['Gaps extrmes dtects: 14']
[2025-10-21T06:43:35Z]  Rollover futures - Notional: 10.44 - Cot_eq: 0.000005 - Nouvelle equity: 1.0443
[2025-10-21T06:43:35Z]  Rollover futures - Notional: 10.44 - Cot_eq: 0.000005 - Nouvelle equity: 1.0443
[2025-10-21T06:43:35Z]  Validation BTC/USDT (bougie 6850): 1 erreurs dtectes
[2025-10-21T06:43:35Z]  Erreurs de donnes BTC/USDT: ['Gaps extrmes dtects: 14']
[2025-10-21T06:43:35Z]  Rollover futures - Notional: 10.44 - Cot_eq: 0.000005 - Nouvelle equity: 1.0443
[2025-10-21T06:43:35Z]  Entre LONG BTC/USDT - Prix: 590.2750, Slippage: 0.050%, Latence: 0.0ms
[2025-10-21T06:43:35Z]  Entre LONG BTC/USDT - Prix: 593.2865, Slippage: 0.050%, Latence: 0.0ms
[2025-10-21T06:43:35Z]  Rollover futures - Notional: 21.00 - Cot_eq: 0.000010 - Nouvelle equity: 1.0501
[2025-10-21T06:43:35Z]  Validation BTC/USDT (bougie 6900): 1 erreurs dtectes
[2025-10-21T06:43:35Z]  Erreurs de donnes BTC/USDT: ['Gaps extrmes dtects: 14']
[2025-10-21T06:43:35Z]  Rollover futures - Notional: 21.00 - Cot_eq: 0.000010 - Nouvelle equity: 1.0501
[2025-10-21T06:43:35Z]  Validation BTC/USDT (bougie 6950): 1 erreurs dtectes
[2025-10-21T06:43:35Z]  Erreurs de donnes BTC/USDT: ['Gaps extrmes dtects: 14']
[2025-10-21T06:43:35Z]  Validation BTC/USDT (bougie 7000): 1 erreurs dtectes
[2025-10-21T06:43:35Z]  Erreurs de donnes BTC/USDT: ['Gaps extrmes dtects: 14']
[2025-10-21T06:43:35Z]  Validation BTC/USDT (bougie 7050): 1 erreurs dtectes
[2025-10-21T06:43:35Z]  Erreurs de donnes BTC/USDT: ['Gaps extrmes dtects: 14']
[2025-10-21T06:43:35Z]  Validation BTC/USDT (bougie 7100): 1 erreurs dtectes
[2025-10-21T06:43:35Z]  Erreurs de donnes BTC/USDT: ['Gaps extrmes dtects: 14']
[2025-10-21T06:43:35Z]  Entre LONG BTC/USDT - Prix: 514.6572, Slippage: 0.050%, Latence: 0.0ms
[2025-10-21T06:43:35Z]  Rollover futures - Notional: 10.45 - Cot_eq: 0.000005 - Nouvelle equity: 1.0454
[2025-10-21T06:43:35Z]  Validation BTC/USDT (bougie 7150): 1 erreurs dtectes
[2025-10-21T06:43:35Z]  Erreurs de donnes BTC/USDT: ['Gaps extrmes dtects: 14']
[2025-10-21T06:43:35Z]  Rollover futures - Notional: 10.45 - Cot_eq: 0.000005 - Nouvelle equity: 1.0454
[2025-10-21T06:43:35Z]  Validation BTC/USDT (bougie 7200): 1 erreurs dtectes
[2025-10-21T06:43:35Z]  Erreurs de donnes BTC/USDT: ['Gaps extrmes dtects: 14']
[2025-10-21T06:43:36Z]  Validation BTC/USDT (bougie 7250): 1 erreurs dtectes
[2025-10-21T06:43:36Z]  Erreurs de donnes BTC/USDT: ['Gaps extrmes dtects: 14']
[2025-10-21T06:43:36Z]  Validation BTC/USDT (bougie 7300): 1 erreurs dtectes
[2025-10-21T06:43:36Z]  Erreurs de donnes BTC/USDT: ['Gaps extrmes dtects: 14']
[2025-10-21T06:43:36Z]  Validation BTC/USDT (bougie 7350): 1 erreurs dtectes
[2025-10-21T06:43:36Z]  Erreurs de donnes BTC/USDT: ['Gaps extrmes dtects: 14']
[2025-10-21T06:43:36Z]  Entre LONG BTC/USDT - Prix: 477.4486, Slippage: 0.050%, Latence: 0.0ms
[2025-10-21T06:43:36Z]  Rollover futures - Notional: 10.39 - Cot_eq: 0.000005 - Nouvelle equity: 1.0389
[2025-10-21T06:43:36Z]  Validation BTC/USDT (bougie 7400): 1 erreurs dtectes
[2025-10-21T06:43:36Z]  Erreurs de donnes BTC/USDT: ['Gaps extrmes dtects: 14']
[2025-10-21T06:43:36Z]  Validation BTC/USDT (bougie 7450): 1 erreurs dtectes
[2025-10-21T06:43:36Z]  Erreurs de donnes BTC/USDT: ['Gaps extrmes dtects: 14']
[2025-10-21T06:43:36Z]  Validation BTC/USDT (bougie 7500): 1 erreurs dtectes
[2025-10-21T06:43:36Z]  Erreurs de donnes BTC/USDT: ['Gaps extrmes dtects: 14']
[2025-10-21T06:43:36Z]  Validation BTC/USDT (bougie 7550): 1 erreurs dtectes
[2025-10-21T06:43:36Z]  Erreurs de donnes BTC/USDT: ['Gaps extrmes dtects: 14']
[2025-10-21T06:43:36Z]  Validation BTC/USDT (bougie 7600): 1 erreurs dtectes
[2025-10-21T06:43:36Z]  Erreurs de donnes BTC/USDT: ['Gaps extrmes dtects: 14']
[2025-10-21T06:43:36Z]  Validation BTC/USDT (bougie 7650): 1 erreurs dtectes
[2025-10-21T06:43:36Z]  Erreurs de donnes BTC/USDT: ['Gaps extrmes dtects: 14']
[2025-10-21T06:43:36Z]  Entre LONG BTC/USDT - Prix: 378.7493, Slippage: 0.050%, Latence: 0.0ms
[2025-10-21T06:43:36Z]  Rollover futures - Notional: 10.20 - Cot_eq: 0.000005 - Nouvelle equity: 1.0204
[2025-10-21T06:43:36Z]  Validation BTC/USDT (bougie 7700): 1 erreurs dtectes
[2025-10-21T06:43:36Z]  Erreurs de donnes BTC/USDT: ['Gaps extrmes dtects: 14']
[2025-10-21T06:43:36Z]  Rollover futures - Notional: 10.20 - Cot_eq: 0.000005 - Nouvelle equity: 1.0204
[2025-10-21T06:43:36Z]  Rollover futures - Notional: 10.20 - Cot_eq: 0.000005 - Nouvelle equity: 1.0203
[2025-10-21T06:43:36Z]  Validation BTC/USDT (bougie 7750): 1 erreurs dtectes
[2025-10-21T06:43:36Z]  Erreurs de donnes BTC/USDT: ['Gaps extrmes dtects: 14']
[2025-10-21T06:43:36Z]  Validation BTC/USDT (bougie 7800): 1 erreurs dtectes
[2025-10-21T06:43:36Z]  Erreurs de donnes BTC/USDT: ['Gaps extrmes dtects: 14']
[2025-10-21T06:43:36Z]  Validation BTC/USDT (bougie 7850): 1 erreurs dtectes
[2025-10-21T06:43:36Z]  Erreurs de donnes BTC/USDT: ['Gaps extrmes dtects: 14']
[2025-10-21T06:43:36Z]  Entre LONG BTC/USDT - Prix: 357.9089, Slippage: 0.050%, Latence: 0.0ms
[2025-10-21T06:43:36Z]  Entre LONG BTC/USDT - Prix: 358.4091, Slippage: 0.050%, Latence: 0.0ms
[2025-10-21T06:43:36Z]  Rollover futures - Notional: 20.20 - Cot_eq: 0.000010 - Nouvelle equity: 1.0098
[2025-10-21T06:43:36Z]  Validation BTC/USDT (bougie 7900): 1 erreurs dtectes
[2025-10-21T06:43:36Z]  Erreurs de donnes BTC/USDT: ['Gaps extrmes dtects: 14']
[2025-10-21T06:43:36Z]  Rollover futures - Notional: 20.20 - Cot_eq: 0.000010 - Nouvelle equity: 1.0098
[2025-10-21T06:43:36Z]  Rollover futures - Notional: 20.20 - Cot_eq: 0.000010 - Nouvelle equity: 1.0098
[2025-10-21T06:43:36Z]  Validation BTC/USDT (bougie 7950): 1 erreurs dtectes
[2025-10-21T06:43:36Z]  Erreurs de donnes BTC/USDT: ['Gaps extrmes dtects: 14']
[2025-10-21T06:43:36Z]  Rollover futures - Notional: 20.20 - Cot_eq: 0.000010 - Nouvelle equity: 1.0097
[2025-10-21T06:43:36Z]  Entre SHORT BTC/USDT - Prix: 375.5122, Slippage: 0.050%, Latence: 0.0ms
[2025-10-21T06:43:36Z]  Validation BTC/USDT (bougie 8000): 1 erreurs dtectes
[2025-10-21T06:43:36Z]  Erreurs de donnes BTC/USDT: ['Gaps extrmes dtects: 14']
[2025-10-21T06:43:36Z]  Rollover futures - Notional: 10.20 - Cot_eq: 0.000005 - Nouvelle equity: 1.0197
[2025-10-21T06:43:36Z]  Rollover futures - Notional: 10.20 - Cot_eq: 0.000005 - Nouvelle equity: 1.0197
[2025-10-21T06:43:36Z]  Validation BTC/USDT (bougie 8050): 1 erreurs dtectes
[2025-10-21T06:43:36Z]  Erreurs de donnes BTC/USDT: ['Gaps extrmes dtects: 14']
[2025-10-21T06:43:36Z]  Rollover futures - Notional: 10.20 - Cot_eq: 0.000005 - Nouvelle equity: 1.0197
[2025-10-21T06:43:36Z]  Rollover futures - Notional: 10.20 - Cot_eq: 0.000005 - Nouvelle equity: 1.0196
[2025-10-21T06:43:36Z]  Validation BTC/USDT (bougie 8100): 1 erreurs dtectes
[2025-10-21T06:43:36Z]  Erreurs de donnes BTC/USDT: ['Gaps extrmes dtects: 14']
[2025-10-21T06:43:36Z]  Entre LONG BTC/USDT - Prix: 380.4501, Slippage: 0.050%, Latence: 0.0ms
[2025-10-21T06:43:36Z]  Entre LONG BTC/USDT - Prix: 379.8098, Slippage: 0.050%, Latence: 0.0ms
[2025-10-21T06:43:36Z]  Rollover futures - Notional: 20.37 - Cot_eq: 0.000010 - Nouvelle equity: 1.0186
[2025-10-21T06:43:36Z]  Entre LONG BTC/USDT - Prix: 379.9199, Slippage: 0.050%, Latence: 0.0ms
[2025-10-21T06:43:36Z]  Validation BTC/USDT (bougie 8150): 1 erreurs dtectes
[2025-10-21T06:43:36Z]  Erreurs de donnes BTC/USDT: ['Gaps extrmes dtects: 14']
[2025-10-21T06:43:36Z]  Rollover futures - Notional: 30.56 - Cot_eq: 0.000015 - Nouvelle equity: 1.0186
[2025-10-21T06:43:36Z]  Entre LONG BTC/USDT - Prix: 370.4851, Slippage: 0.050%, Latence: 0.0ms
[2025-10-21T06:43:36Z]  Rollover futures - Notional: 10.08 - Cot_eq: 0.000005 - Nouvelle equity: 1.0080
[2025-10-21T06:43:36Z]  Validation BTC/USDT (bougie 8200): 1 erreurs dtectes
[2025-10-21T06:43:36Z]  Erreurs de donnes BTC/USDT: ['Gaps extrmes dtects: 14']
[2025-10-21T06:43:36Z]  Entre SHORT BTC/USDT - Prix: 373.4232, Slippage: 0.050%, Latence: 0.0ms
[2025-10-21T06:43:36Z]  Rollover futures - Notional: 10.09 - Cot_eq: 0.000005 - Nouvelle equity: 1.0088
[2025-10-21T06:43:36Z]  Rollover futures - Notional: 10.09 - Cot_eq: 0.000005 - Nouvelle equity: 1.0088
[2025-10-21T06:43:36Z]  Validation BTC/USDT (bougie 8250): 1 erreurs dtectes
[2025-10-21T06:43:36Z]  Erreurs de donnes BTC/USDT: ['Gaps extrmes dtects: 14']
[2025-10-21T06:43:36Z]  Rollover futures - Notional: 10.09 - Cot_eq: 0.000005 - Nouvelle equity: 1.0088
[2025-10-21T06:43:36Z]  Validation BTC/USDT (bougie 8300): 1 erreurs dtectes
[2025-10-21T06:43:36Z]  Erreurs de donnes BTC/USDT: ['Gaps extrmes dtects: 14']
[2025-10-21T06:43:36Z]  Rollover futures - Notional: 10.09 - Cot_eq: 0.000005 - Nouvelle equity: 1.0088
[2025-10-21T06:43:36Z]  Rollover futures - Notional: 10.09 - Cot_eq: 0.000005 - Nouvelle equity: 1.0088
[2025-10-21T06:43:36Z]  Validation BTC/USDT (bougie 8350): 1 erreurs dtectes
[2025-10-21T06:43:36Z]  Erreurs de donnes BTC/USDT: ['Gaps extrmes dtects: 14']
[2025-10-21T06:43:36Z]  Rollover futures - Notional: 10.09 - Cot_eq: 0.000005 - Nouvelle equity: 1.0087
[2025-10-21T06:43:36Z]  Rollover futures - Notional: 10.09 - Cot_eq: 0.000005 - Nouvelle equity: 1.0087
[2025-10-21T06:43:36Z]  Validation BTC/USDT (bougie 8400): 1 erreurs dtectes
[2025-10-21T06:43:36Z]  Erreurs de donnes BTC/USDT: ['Gaps extrmes dtects: 14']
[2025-10-21T06:43:36Z]  Rollover futures - Notional: 10.09 - Cot_eq: 0.000005 - Nouvelle equity: 1.0087
[2025-10-21T06:43:36Z]  Validation BTC/USDT (bougie 8450): 1 erreurs dtectes
[2025-10-21T06:43:36Z]  Erreurs de donnes BTC/USDT: ['Gaps extrmes dtects: 14']
[2025-10-21T06:43:36Z]  Rollover futures - Notional: 10.09 - Cot_eq: 0.000005 - Nouvelle equity: 1.0087
[2025-10-21T06:43:36Z]  Rollover futures - Notional: 10.09 - Cot_eq: 0.000005 - Nouvelle equity: 1.0087
[2025-10-21T06:43:36Z]  Validation BTC/USDT (bougie 8500): 1 erreurs dtectes
[2025-10-21T06:43:36Z]  Erreurs de donnes BTC/USDT: ['Gaps extrmes dtects: 14']
[2025-10-21T06:43:36Z]  Rollover futures - Notional: 10.09 - Cot_eq: 0.000005 - Nouvelle equity: 1.0087
[2025-10-21T06:43:36Z]  Rollover futures - Notional: 10.09 - Cot_eq: 0.000005 - Nouvelle equity: 1.0087
[2025-10-21T06:43:36Z]  Validation BTC/USDT (bougie 8550): 1 erreurs dtectes
[2025-10-21T06:43:36Z]  Erreurs de donnes BTC/USDT: ['Gaps extrmes dtects: 14']
[2025-10-21T06:43:36Z]  Validation BTC/USDT (bougie 8600): 1 erreurs dtectes
[2025-10-21T06:43:36Z]  Erreurs de donnes BTC/USDT: ['Gaps extrmes dtects: 14']
[2025-10-21T06:43:36Z]  Validation BTC/USDT (bougie 8650): 1 erreurs dtectes
[2025-10-21T06:43:36Z]  Erreurs de donnes BTC/USDT: ['Gaps extrmes dtects: 14']
[2025-10-21T06:43:36Z]  Validation BTC/USDT (bougie 8700): 1 erreurs dtectes
[2025-10-21T06:43:36Z]  Erreurs de donnes BTC/USDT: ['Gaps extrmes dtects: 14']
[2025-10-21T06:43:36Z]  Entre LONG BTC/USDT - Prix: 274.8974, Slippage: 0.050%, Latence: 0.0ms
[2025-10-21T06:43:36Z]  Validation BTC/USDT (bougie 8750): 1 erreurs dtectes
[2025-10-21T06:43:36Z]  Erreurs de donnes BTC/USDT: ['Gaps extrmes dtects: 14']
[2025-10-21T06:43:36Z]  Entre LONG BTC/USDT - Prix: 231.5757, Slippage: 0.050%, Latence: 0.0ms
[2025-10-21T06:43:36Z]  Rollover futures - Notional: 20.88 - Cot_eq: 0.000010 - Nouvelle equity: 1.0438
[2025-10-21T06:43:36Z]  Entre LONG BTC/USDT - Prix: 232.5262, Slippage: 0.050%, Latence: 0.0ms
[2025-10-21T06:43:37Z]  Rollover futures - Notional: 31.32 - Cot_eq: 0.000015 - Nouvelle equity: 1.0438
[2025-10-21T06:43:37Z]  Validation BTC/USDT (bougie 8800): 1 erreurs dtectes
[2025-10-21T06:43:37Z]  Erreurs de donnes BTC/USDT: ['Gaps extrmes dtects: 14']
[2025-10-21T06:43:37Z]  Rollover futures - Notional: 31.32 - Cot_eq: 0.000015 - Nouvelle equity: 1.0438
[2025-10-21T06:43:37Z]  Validation BTC/USDT (bougie 8850): 1 erreurs dtectes
[2025-10-21T06:43:37Z]  Erreurs de donnes BTC/USDT: ['Gaps extrmes dtects: 14']
[2025-10-21T06:43:37Z]  Validation BTC/USDT (bougie 8900): 1 erreurs dtectes
[2025-10-21T06:43:37Z]  Erreurs de donnes BTC/USDT: ['Gaps extrmes dtects: 14']
[2025-10-21T06:43:37Z]  Entre LONG BTC/USDT - Prix: 241.5607, Slippage: 0.050%, Latence: 0.0ms
[2025-10-21T06:43:37Z]  Entre LONG BTC/USDT - Prix: 238.9294, Slippage: 0.050%, Latence: 0.0ms
[2025-10-21T06:43:37Z]  Rollover futures - Notional: 20.15 - Cot_eq: 0.000010 - Nouvelle equity: 1.0075
[2025-10-21T06:43:37Z]  Validation BTC/USDT (bougie 8950): 1 erreurs dtectes
[2025-10-21T06:43:37Z]  Erreurs de donnes BTC/USDT: ['Gaps extrmes dtects: 14']
[2025-10-21T06:43:37Z]  Rollover futures - Notional: 20.15 - Cot_eq: 0.000010 - Nouvelle equity: 1.0074
[2025-10-21T06:43:37Z]  Rollover futures - Notional: 20.15 - Cot_eq: 0.000010 - Nouvelle equity: 1.0074
[2025-10-21T06:43:37Z]  Validation BTC/USDT (bougie 9000): 1 erreurs dtectes
[2025-10-21T06:43:37Z]  Erreurs de donnes BTC/USDT: ['Gaps extrmes dtects: 14']
[2025-10-21T06:43:37Z]  Rollover futures - Notional: 20.15 - Cot_eq: 0.000010 - Nouvelle equity: 1.0074
[2025-10-21T06:43:37Z]  Validation BTC/USDT (bougie 9050): 1 erreurs dtectes
[2025-10-21T06:43:37Z]  Erreurs de donnes BTC/USDT: ['Gaps extrmes dtects: 14']
[2025-10-21T06:43:37Z]  Entre LONG BTC/USDT - Prix: 246.8033, Slippage: 0.050%, Latence: 0.0ms
[2025-10-21T06:43:37Z]  Rollover futures - Notional: 10.06 - Cot_eq: 0.000005 - Nouvelle equity: 1.0055
[2025-10-21T06:43:37Z]  Validation BTC/USDT (bougie 9100): 1 erreurs dtectes
[2025-10-21T06:43:37Z]  Erreurs de donnes BTC/USDT: ['Gaps extrmes dtects: 14']
[2025-10-21T06:43:37Z]  Entre LONG BTC/USDT - Prix: 257.1285, Slippage: 0.050%, Latence: 0.0ms
[2025-10-21T06:43:37Z]  Rollover futures - Notional: 20.11 - Cot_eq: 0.000010 - Nouvelle equity: 1.0055
[2025-10-21T06:43:37Z]  Rollover futures - Notional: 20.11 - Cot_eq: 0.000010 - Nouvelle equity: 1.0055
[2025-10-21T06:43:37Z]  Validation BTC/USDT (bougie 9150): 1 erreurs dtectes
[2025-10-21T06:43:37Z]  Erreurs de donnes BTC/USDT: ['Gaps extrmes dtects: 14']
[2025-10-21T06:43:37Z]  Rollover futures - Notional: 20.11 - Cot_eq: 0.000010 - Nouvelle equity: 1.0055
[2025-10-21T06:43:37Z]  Validation BTC/USDT (bougie 9200): 1 erreurs dtectes
[2025-10-21T06:43:37Z]  Erreurs de donnes BTC/USDT: ['Gaps extrmes dtects: 14']
[2025-10-21T06:43:37Z]  Rollover futures - Notional: 20.11 - Cot_eq: 0.000010 - Nouvelle equity: 1.0055
[2025-10-21T06:43:37Z]  Rollover futures - Notional: 20.11 - Cot_eq: 0.000010 - Nouvelle equity: 1.0054
[2025-10-21T06:43:37Z]  Validation BTC/USDT (bougie 9250): 1 erreurs dtectes
[2025-10-21T06:43:37Z]  Erreurs de donnes BTC/USDT: ['Gaps extrmes dtects: 14']
[2025-10-21T06:43:37Z]  Rollover futures - Notional: 20.11 - Cot_eq: 0.000010 - Nouvelle equity: 1.0054
[2025-10-21T06:43:37Z]  Rollover futures - Notional: 20.11 - Cot_eq: 0.000010 - Nouvelle equity: 1.0054
[2025-10-21T06:43:37Z]  Validation BTC/USDT (bougie 9300): 1 erreurs dtectes
[2025-10-21T06:43:37Z]  Erreurs de donnes BTC/USDT: ['Gaps extrmes dtects: 14']
[2025-10-21T06:43:37Z]  Entre SHORT BTC/USDT - Prix: 277.4612, Slippage: 0.050%, Latence: 0.0ms
[2025-10-21T06:43:37Z]  Rollover futures - Notional: 10.26 - Cot_eq: 0.000005 - Nouvelle equity: 1.0259
[2025-10-21T06:43:37Z]  Validation BTC/USDT (bougie 9350): 1 erreurs dtectes
[2025-10-21T06:43:37Z]  Erreurs de donnes BTC/USDT: ['Gaps extrmes dtects: 14']
[2025-10-21T06:43:37Z]  Rollover futures - Notional: 10.26 - Cot_eq: 0.000005 - Nouvelle equity: 1.0259
[2025-10-21T06:43:37Z]  Rollover futures - Notional: 10.26 - Cot_eq: 0.000005 - Nouvelle equity: 1.0259
[2025-10-21T06:43:37Z]  Validation BTC/USDT (bougie 9400): 1 erreurs dtectes
[2025-10-21T06:43:37Z]  Erreurs de donnes BTC/USDT: ['Gaps extrmes dtects: 14']
[2025-10-21T06:43:37Z]  Rollover futures - Notional: 10.26 - Cot_eq: 0.000005 - Nouvelle equity: 1.0259
[2025-10-21T06:43:37Z]  Rollover futures - Notional: 10.26 - Cot_eq: 0.000005 - Nouvelle equity: 1.0259
[2025-10-21T06:43:37Z]  Validation BTC/USDT (bougie 9450): 1 erreurs dtectes
[2025-10-21T06:43:37Z]  Erreurs de donnes BTC/USDT: ['Gaps extrmes dtects: 14']
[2025-10-21T06:43:37Z]  Rollover futures - Notional: 10.26 - Cot_eq: 0.000005 - Nouvelle equity: 1.0258
[2025-10-21T06:43:37Z]  Validation BTC/USDT (bougie 9500): 1 erreurs dtectes
[2025-10-21T06:43:37Z]  Erreurs de donnes BTC/USDT: ['Gaps extrmes dtects: 14']
[2025-10-21T06:43:37Z]  Entre LONG BTC/USDT - Prix: 255.5777, Slippage: 0.050%, Latence: 0.0ms
[2025-10-21T06:43:37Z]  Rollover futures - Notional: 10.35 - Cot_eq: 0.000005 - Nouvelle equity: 1.0346
[2025-10-21T06:43:37Z]  Entre LONG BTC/USDT - Prix: 255.2876, Slippage: 0.050%, Latence: 0.0ms
[2025-10-21T06:43:37Z]  Entre LONG BTC/USDT - Prix: 255.1275, Slippage: 0.050%, Latence: 0.0ms
[2025-10-21T06:43:37Z]  Rollover futures - Notional: 31.04 - Cot_eq: 0.000015 - Nouvelle equity: 1.0346
[2025-10-21T06:43:37Z]  Validation BTC/USDT (bougie 9550): 1 erreurs dtectes
[2025-10-21T06:43:37Z]  Erreurs de donnes BTC/USDT: ['Gaps extrmes dtects: 14']
[2025-10-21T06:43:37Z]  Rollover futures - Notional: 31.04 - Cot_eq: 0.000015 - Nouvelle equity: 1.0346
[2025-10-21T06:43:37Z]  Rollover futures - Notional: 31.04 - Cot_eq: 0.000015 - Nouvelle equity: 1.0345
[2025-10-21T06:43:37Z]  Validation BTC/USDT (bougie 9600): 1 erreurs dtectes
[2025-10-21T06:43:37Z]  Erreurs de donnes BTC/USDT: ['Gaps extrmes dtects: 14']
[2025-10-21T06:43:37Z]  Rollover futures - Notional: 31.04 - Cot_eq: 0.000015 - Nouvelle equity: 1.0345
[2025-10-21T06:43:37Z]  Validation BTC/USDT (bougie 9650): 1 erreurs dtectes
[2025-10-21T06:43:37Z]  Erreurs de donnes BTC/USDT: ['Gaps extrmes dtects: 14']
[2025-10-21T06:43:37Z]  Validation BTC/USDT (bougie 9700): 1 erreurs dtectes
[2025-10-21T06:43:37Z]  Erreurs de donnes BTC/USDT: ['Gaps extrmes dtects: 14']
[2025-10-21T06:43:37Z]  Entre LONG BTC/USDT - Prix: 235.8279, Slippage: 0.050%, Latence: 0.0ms
[2025-10-21T06:43:37Z]  Entre LONG BTC/USDT - Prix: 233.3666, Slippage: 0.050%, Latence: 0.0ms
[2025-10-21T06:43:37Z]  Rollover futures - Notional: 19.86 - Cot_eq: 0.000010 - Nouvelle equity: 0.9930
[2025-10-21T06:43:37Z]  Validation BTC/USDT (bougie 9750): 1 erreurs dtectes
[2025-10-21T06:43:37Z]  Erreurs de donnes BTC/USDT: ['Gaps extrmes dtects: 14']
[2025-10-21T06:43:37Z]  Rollover futures - Notional: 19.86 - Cot_eq: 0.000010 - Nouvelle equity: 0.9930
[2025-10-21T06:43:37Z]  Validation BTC/USDT (bougie 9800): 1 erreurs dtectes
[2025-10-21T06:43:37Z]  Erreurs de donnes BTC/USDT: ['Gaps extrmes dtects: 14']
[2025-10-21T06:43:37Z]  Entre SHORT BTC/USDT - Prix: 223.5981, Slippage: 0.050%, Latence: 0.0ms
[2025-10-21T06:43:37Z]  Entre SHORT BTC/USDT - Prix: 225.3873, Slippage: 0.050%, Latence: 0.0ms
[2025-10-21T06:43:37Z]  Rollover futures - Notional: 19.66 - Cot_eq: 0.000010 - Nouvelle equity: 0.9831
[2025-10-21T06:43:37Z]  Validation BTC/USDT (bougie 9850): 1 erreurs dtectes
[2025-10-21T06:43:37Z]  Erreurs de donnes BTC/USDT: ['Gaps extrmes dtects: 14']
[2025-10-21T06:43:37Z]  Rollover futures - Notional: 19.66 - Cot_eq: 0.000010 - Nouvelle equity: 0.9831
[2025-10-21T06:43:37Z]  Rollover futures - Notional: 19.66 - Cot_eq: 0.000010 - Nouvelle equity: 0.9831
[2025-10-21T06:43:37Z]  Validation BTC/USDT (bougie 9900): 1 erreurs dtectes
[2025-10-21T06:43:37Z]  Erreurs de donnes BTC/USDT: ['Gaps extrmes dtects: 14']
[2025-10-21T06:43:37Z]  Rollover futures - Notional: 19.66 - Cot_eq: 0.000010 - Nouvelle equity: 0.9830
[2025-10-21T06:43:37Z]  Validation BTC/USDT (bougie 9950): 1 erreurs dtectes
[2025-10-21T06:43:37Z]  Erreurs de donnes BTC/USDT: ['Gaps extrmes dtects: 14']
[2025-10-21T06:43:37Z]  Rollover futures - Notional: 19.66 - Cot_eq: 0.000010 - Nouvelle equity: 0.9830
[2025-10-21T06:43:37Z]  Rollover futures - Notional: 19.66 - Cot_eq: 0.000010 - Nouvelle equity: 0.9830
[2025-10-21T06:43:37Z]  Validation BTC/USDT (bougie 10000): 1 erreurs dtectes
[2025-10-21T06:43:37Z]  Erreurs de donnes BTC/USDT: ['Gaps extrmes dtects: 14']
[2025-10-21T06:43:37Z]  Rollover futures - Notional: 19.66 - Cot_eq: 0.000010 - Nouvelle equity: 0.9830
[2025-10-21T06:43:37Z]  Entre SHORT BTC/USDT - Prix: 236.7216, Slippage: 0.050%, Latence: 0.0ms
[2025-10-21T06:43:37Z]  Rollover futures - Notional: 29.49 - Cot_eq: 0.000015 - Nouvelle equity: 0.9829
[2025-10-21T06:43:37Z]  Validation BTC/USDT (bougie 10050): 1 erreurs dtectes
[2025-10-21T06:43:37Z]  Erreurs de donnes BTC/USDT: ['Gaps extrmes dtects: 14']
[2025-10-21T06:43:37Z]  Rollover futures - Notional: 29.49 - Cot_eq: 0.000015 - Nouvelle equity: 0.9829
[2025-10-21T06:43:38Z]  Validation BTC/USDT (bougie 10100): 1 erreurs dtectes
[2025-10-21T06:43:38Z]  Erreurs de donnes BTC/USDT: ['Gaps extrmes dtects: 14']
[2025-10-21T06:43:38Z]  Entre LONG BTC/USDT - Prix: 239.7498, Slippage: 0.050%, Latence: 0.0ms
[2025-10-21T06:43:38Z]  Entre LONG BTC/USDT - Prix: 239.8899, Slippage: 0.050%, Latence: 0.0ms
[2025-10-21T06:43:38Z]  Rollover futures - Notional: 19.39 - Cot_eq: 0.000010 - Nouvelle equity: 0.9692
[2025-10-21T06:43:38Z]  Entre LONG BTC/USDT - Prix: 239.3496, Slippage: 0.050%, Latence: 0.0ms
[2025-10-21T06:43:38Z]  Rollover futures - Notional: 29.08 - Cot_eq: 0.000015 - Nouvelle equity: 0.9692
[2025-10-21T06:43:38Z]  Validation BTC/USDT (bougie 10150): 1 erreurs dtectes
[2025-10-21T06:43:38Z]  Erreurs de donnes BTC/USDT: ['Gaps extrmes dtects: 14']
[2025-10-21T06:43:38Z]  Rollover futures - Notional: 29.08 - Cot_eq: 0.000015 - Nouvelle equity: 0.9692
[2025-10-21T06:43:38Z]  Entre SHORT BTC/USDT - Prix: 235.2923, Slippage: 0.050%, Latence: 0.0ms
[2025-10-21T06:43:38Z]  Rollover futures - Notional: 9.64 - Cot_eq: 0.000005 - Nouvelle equity: 0.9644
[2025-10-21T06:43:38Z]  Validation BTC/USDT (bougie 10200): 1 erreurs dtectes
[2025-10-21T06:43:38Z]  Erreurs de donnes BTC/USDT: ['Gaps extrmes dtects: 14']
[2025-10-21T06:43:38Z]  Rollover futures - Notional: 9.64 - Cot_eq: 0.000005 - Nouvelle equity: 0.9644
[2025-10-21T06:43:38Z]  Validation BTC/USDT (bougie 10250): 1 erreurs dtectes
[2025-10-21T06:43:38Z]  Erreurs de donnes BTC/USDT: ['Gaps extrmes dtects: 14']
[2025-10-21T06:43:38Z]  Rollover futures - Notional: 9.64 - Cot_eq: 0.000005 - Nouvelle equity: 0.9644
[2025-10-21T06:43:38Z]  Rollover futures - Notional: 9.64 - Cot_eq: 0.000005 - Nouvelle equity: 0.9643
[2025-10-21T06:43:38Z]  Validation BTC/USDT (bougie 10300): 1 erreurs dtectes
[2025-10-21T06:43:38Z]  Erreurs de donnes BTC/USDT: ['Gaps extrmes dtects: 14']
[2025-10-21T06:43:38Z]  Entre LONG BTC/USDT - Prix: 230.1950, Slippage: 0.050%, Latence: 0.0ms
[2025-10-21T06:43:38Z]  Entre LONG BTC/USDT - Prix: 229.9749, Slippage: 0.050%, Latence: 0.0ms
[2025-10-21T06:43:38Z]  Rollover futures - Notional: 19.33 - Cot_eq: 0.000010 - Nouvelle equity: 0.9665
[2025-10-21T06:43:38Z]  Entre LONG BTC/USDT - Prix: 229.8048, Slippage: 0.050%, Latence: 0.0ms
[2025-10-21T06:43:38Z]  Rollover futures - Notional: 28.99 - Cot_eq: 0.000015 - Nouvelle equity: 0.9665
[2025-10-21T06:43:38Z]  Validation BTC/USDT (bougie 10350): 1 erreurs dtectes
[2025-10-21T06:43:38Z]  Erreurs de donnes BTC/USDT: ['Gaps extrmes dtects: 14']
[2025-10-21T06:43:38Z]  Rollover futures - Notional: 28.99 - Cot_eq: 0.000015 - Nouvelle equity: 0.9664
[2025-10-21T06:43:38Z]  Validation BTC/USDT (bougie 10400): 1 erreurs dtectes
[2025-10-21T06:43:38Z]  Erreurs de donnes BTC/USDT: ['Gaps extrmes dtects: 14']
[2025-10-21T06:43:38Z]  Rollover futures - Notional: 28.99 - Cot_eq: 0.000015 - Nouvelle equity: 0.9664
[2025-10-21T06:43:38Z]  Rollover futures - Notional: 28.99 - Cot_eq: 0.000015 - Nouvelle equity: 0.9663
[2025-10-21T06:43:38Z]  Validation BTC/USDT (bougie 10450): 1 erreurs dtectes
[2025-10-21T06:43:38Z]  Erreurs de donnes BTC/USDT: ['Gaps extrmes dtects: 14']
[2025-10-21T06:43:38Z]  Rollover futures - Notional: 28.99 - Cot_eq: 0.000015 - Nouvelle equity: 0.9663
[2025-10-21T06:43:38Z]  Rollover futures - Notional: 28.99 - Cot_eq: 0.000015 - Nouvelle equity: 0.9663
[2025-10-21T06:43:38Z]  Validation BTC/USDT (bougie 10500): 1 erreurs dtectes
[2025-10-21T06:43:38Z]  Erreurs de donnes BTC/USDT: ['Gaps extrmes dtects: 14']
[2025-10-21T06:43:38Z]  Rollover futures - Notional: 28.99 - Cot_eq: 0.000015 - Nouvelle equity: 0.9662
[2025-10-21T06:43:38Z]  Validation BTC/USDT (bougie 10550): 1 erreurs dtectes
[2025-10-21T06:43:38Z]  Erreurs de donnes BTC/USDT: ['Gaps extrmes dtects: 14']
[2025-10-21T06:43:38Z]  Rollover futures - Notional: 28.99 - Cot_eq: 0.000015 - Nouvelle equity: 0.9662
[2025-10-21T06:43:38Z]  Rollover futures - Notional: 28.99 - Cot_eq: 0.000015 - Nouvelle equity: 0.9662
[2025-10-21T06:43:38Z]  Validation BTC/USDT (bougie 10600): 1 erreurs dtectes
[2025-10-21T06:43:38Z]  Erreurs de donnes BTC/USDT: ['Gaps extrmes dtects: 14']
[2025-10-21T06:43:38Z]  Rollover futures - Notional: 28.99 - Cot_eq: 0.000015 - Nouvelle equity: 0.9661
[2025-10-21T06:43:38Z]  Rollover futures - Notional: 28.99 - Cot_eq: 0.000015 - Nouvelle equity: 0.9661
[2025-10-21T06:43:38Z]  Validation BTC/USDT (bougie 10650): 1 erreurs dtectes
[2025-10-21T06:43:38Z]  Erreurs de donnes BTC/USDT: ['Gaps extrmes dtects: 14']
[2025-10-21T06:43:38Z]  Entre SHORT BTC/USDT - Prix: 277.4112, Slippage: 0.050%, Latence: 0.0ms
[2025-10-21T06:43:38Z]  Rollover futures - Notional: 10.25 - Cot_eq: 0.000005 - Nouvelle equity: 1.0253
[2025-10-21T06:43:38Z]  Validation BTC/USDT (bougie 10700): 1 erreurs dtectes
[2025-10-21T06:43:38Z]  Erreurs de donnes BTC/USDT: ['Gaps extrmes dtects: 14']
[2025-10-21T06:43:38Z]  Rollover futures - Notional: 10.25 - Cot_eq: 0.000005 - Nouvelle equity: 1.0253
[2025-10-21T06:43:38Z]  Rollover futures - Notional: 10.25 - Cot_eq: 0.000005 - Nouvelle equity: 1.0253
[2025-10-21T06:43:38Z]  Validation BTC/USDT (bougie 10750): 1 erreurs dtectes
[2025-10-21T06:43:38Z]  Erreurs de donnes BTC/USDT: ['Gaps extrmes dtects: 14']
[2025-10-21T06:43:38Z]  Rollover futures - Notional: 10.25 - Cot_eq: 0.000005 - Nouvelle equity: 1.0253
[2025-10-21T06:43:38Z]  Entre LONG BTC/USDT - Prix: 295.2576, Slippage: 0.050%, Latence: 0.0ms
[2025-10-21T06:43:38Z]  Rollover futures - Notional: 10.20 - Cot_eq: 0.000005 - Nouvelle equity: 1.0196
[2025-10-21T06:43:38Z]  Validation BTC/USDT (bougie 10800): 1 erreurs dtectes
[2025-10-21T06:43:38Z]  Erreurs de donnes BTC/USDT: ['Gaps extrmes dtects: 14']
[2025-10-21T06:43:38Z]  Rollover futures - Notional: 10.20 - Cot_eq: 0.000005 - Nouvelle equity: 1.0195
[2025-10-21T06:43:38Z]  Validation BTC/USDT (bougie 10850): 1 erreurs dtectes
[2025-10-21T06:43:38Z]  Erreurs de donnes BTC/USDT: ['Gaps extrmes dtects: 14']
[2025-10-21T06:43:38Z]  Validation BTC/USDT (bougie 10900): 1 erreurs dtectes
[2025-10-21T06:43:38Z]  Erreurs de donnes BTC/USDT: ['Gaps extrmes dtects: 14']
[2025-10-21T06:43:38Z]  Validation BTC/USDT (bougie 10950): 1 erreurs dtectes
[2025-10-21T06:43:38Z]  Erreurs de donnes BTC/USDT: ['Gaps extrmes dtects: 14']
[2025-10-21T06:43:38Z]  Validation BTC/USDT (bougie 11000): 1 erreurs dtectes
[2025-10-21T06:43:38Z]  Erreurs de donnes BTC/USDT: ['Gaps extrmes dtects: 14']
[2025-10-21T06:43:38Z]  Validation BTC/USDT (bougie 11050): 1 erreurs dtectes
[2025-10-21T06:43:38Z]  Erreurs de donnes BTC/USDT: ['Gaps extrmes dtects: 14']
[2025-10-21T06:43:38Z]  Validation BTC/USDT (bougie 11100): 1 erreurs dtectes
[2025-10-21T06:43:38Z]  Erreurs de donnes BTC/USDT: ['Gaps extrmes dtects: 14']
[2025-10-21T06:43:38Z]  Validation BTC/USDT (bougie 11150): 1 erreurs dtectes
[2025-10-21T06:43:38Z]  Erreurs de donnes BTC/USDT: ['Gaps extrmes dtects: 14']
[2025-10-21T06:43:38Z]  Validation BTC/USDT (bougie 11200): 1 erreurs dtectes
[2025-10-21T06:43:38Z]  Erreurs de donnes BTC/USDT: ['Gaps extrmes dtects: 14']
[2025-10-21T06:43:38Z]  Validation BTC/USDT (bougie 11250): 1 erreurs dtectes
[2025-10-21T06:43:38Z]  Erreurs de donnes BTC/USDT: ['Gaps extrmes dtects: 14']
[2025-10-21T06:43:38Z]  Validation BTC/USDT (bougie 11300): 1 erreurs dtectes
[2025-10-21T06:43:38Z]  Erreurs de donnes BTC/USDT: ['Gaps extrmes dtects: 14']
[2025-10-21T06:43:38Z]  Entre LONG BTC/USDT - Prix: 232.5162, Slippage: 0.050%, Latence: 0.0ms
[2025-10-21T06:43:38Z]  Rollover futures - Notional: 10.14 - Cot_eq: 0.000005 - Nouvelle equity: 1.0138
[2025-10-21T06:43:38Z]  Validation BTC/USDT (bougie 11350): 1 erreurs dtectes
[2025-10-21T06:43:38Z]  Erreurs de donnes BTC/USDT: ['Gaps extrmes dtects: 14']
[2025-10-21T06:43:38Z]  Rollover futures - Notional: 10.14 - Cot_eq: 0.000005 - Nouvelle equity: 1.0138
[2025-10-21T06:43:38Z]  Rollover futures - Notional: 10.14 - Cot_eq: 0.000005 - Nouvelle equity: 1.0138
[2025-10-21T06:43:38Z]  Validation BTC/USDT (bougie 11400): 1 erreurs dtectes
[2025-10-21T06:43:38Z]  Erreurs de donnes BTC/USDT: ['Gaps extrmes dtects: 14']
[2025-10-21T06:43:38Z]  Rollover futures - Notional: 10.14 - Cot_eq: 0.000005 - Nouvelle equity: 1.0138
[2025-10-21T06:43:38Z]  Validation BTC/USDT (bougie 11450): 1 erreurs dtectes
[2025-10-21T06:43:38Z]  Erreurs de donnes BTC/USDT: ['Gaps extrmes dtects: 14']
[2025-10-21T06:43:38Z]  Rollover futures - Notional: 10.14 - Cot_eq: 0.000005 - Nouvelle equity: 1.0138
[2025-10-21T06:43:38Z]  Rollover futures - Notional: 10.14 - Cot_eq: 0.000005 - Nouvelle equity: 1.0138
[2025-10-21T06:43:38Z]  Validation BTC/USDT (bougie 11500): 1 erreurs dtectes
[2025-10-21T06:43:38Z]  Erreurs de donnes BTC/USDT: ['Gaps extrmes dtects: 14']
[2025-10-21T06:43:38Z]  Rollover futures - Notional: 10.14 - Cot_eq: 0.000005 - Nouvelle equity: 1.0138
[2025-10-21T06:43:38Z]  Rollover futures - Notional: 10.14 - Cot_eq: 0.000005 - Nouvelle equity: 1.0138
[2025-10-21T06:43:38Z]  Validation BTC/USDT (bougie 11550): 1 erreurs dtectes
[2025-10-21T06:43:38Z]  Erreurs de donnes BTC/USDT: ['Gaps extrmes dtects: 14']
[2025-10-21T06:43:38Z]  Rollover futures - Notional: 10.14 - Cot_eq: 0.000005 - Nouvelle equity: 1.0137
[2025-10-21T06:43:38Z]  Validation BTC/USDT (bougie 11600): 1 erreurs dtectes
[2025-10-21T06:43:38Z]  Erreurs de donnes BTC/USDT: ['Gaps extrmes dtects: 14']
[2025-10-21T06:43:38Z]  Rollover futures - Notional: 10.14 - Cot_eq: 0.000005 - Nouvelle equity: 1.0137
[2025-10-21T06:43:38Z]  Rollover futures - Notional: 10.14 - Cot_eq: 0.000005 - Nouvelle equity: 1.0137
[2025-10-21T06:43:38Z]  Validation BTC/USDT (bougie 11650): 1 erreurs dtectes
[2025-10-21T06:43:38Z]  Erreurs de donnes BTC/USDT: ['Gaps extrmes dtects: 14']
[2025-10-21T06:43:38Z]  Rollover futures - Notional: 10.14 - Cot_eq: 0.000005 - Nouvelle equity: 1.0137
[2025-10-21T06:43:38Z]  Rollover futures - Notional: 10.14 - Cot_eq: 0.000005 - Nouvelle equity: 1.0137
[2025-10-21T06:43:38Z]  Validation BTC/USDT (bougie 11700): 1 erreurs dtectes
[2025-10-21T06:43:38Z]  Erreurs de donnes BTC/USDT: ['Gaps extrmes dtects: 14']
[2025-10-21T06:43:38Z]  Rollover futures - Notional: 10.14 - Cot_eq: 0.000005 - Nouvelle equity: 1.0137
[2025-10-21T06:43:39Z]  Validation BTC/USDT (bougie 11750): 1 erreurs dtectes
[2025-10-21T06:43:39Z]  Erreurs de donnes BTC/USDT: ['Gaps extrmes dtects: 14']
[2025-10-21T06:43:39Z]  Rollover futures - Notional: 10.14 - Cot_eq: 0.000005 - Nouvelle equity: 1.0137
[2025-10-21T06:43:39Z]  Rollover futures - Notional: 10.14 - Cot_eq: 0.000005 - Nouvelle equity: 1.0137
[2025-10-21T06:43:39Z]  Validation BTC/USDT (bougie 11800): 1 erreurs dtectes
[2025-10-21T06:43:39Z]  Erreurs de donnes BTC/USDT: ['Gaps extrmes dtects: 14']
[2025-10-21T06:43:39Z]  Rollover futures - Notional: 10.14 - Cot_eq: 0.000005 - Nouvelle equity: 1.0136
[2025-10-21T06:43:39Z]  Rollover futures - Notional: 10.14 - Cot_eq: 0.000005 - Nouvelle equity: 1.0136
[2025-10-21T06:43:39Z]  Validation BTC/USDT (bougie 11850): 1 erreurs dtectes
[2025-10-21T06:43:39Z]  Erreurs de donnes BTC/USDT: ['Gaps extrmes dtects: 14']
[2025-10-21T06:43:39Z]  Rollover futures - Notional: 10.14 - Cot_eq: 0.000005 - Nouvelle equity: 1.0136
[2025-10-21T06:43:39Z]  Validation BTC/USDT (bougie 11900): 1 erreurs dtectes
[2025-10-21T06:43:39Z]  Erreurs de donnes BTC/USDT: ['Gaps extrmes dtects: 14']
[2025-10-21T06:43:39Z]  Entre SHORT BTC/USDT - Prix: 352.2238, Slippage: 0.050%, Latence: 0.0ms
[2025-10-21T06:43:39Z]  Rollover futures - Notional: 10.66 - Cot_eq: 0.000005 - Nouvelle equity: 1.0659
[2025-10-21T06:43:39Z]  Rollover futures - Notional: 10.66 - Cot_eq: 0.000005 - Nouvelle equity: 1.0658
[2025-10-21T06:43:39Z]  Validation BTC/USDT (bougie 11950): 1 erreurs dtectes
[2025-10-21T06:43:39Z]  Erreurs de donnes BTC/USDT: ['Gaps extrmes dtects: 14']
[2025-10-21T06:43:39Z]  Rollover futures - Notional: 10.66 - Cot_eq: 0.000005 - Nouvelle equity: 1.0658
[2025-10-21T06:43:39Z]  Rollover futures - Notional: 10.66 - Cot_eq: 0.000005 - Nouvelle equity: 1.0658
[2025-10-21T06:43:39Z]  Validation BTC/USDT (bougie 12000): 1 erreurs dtectes
[2025-10-21T06:43:39Z]  Erreurs de donnes BTC/USDT: ['Gaps extrmes dtects: 14']
[2025-10-21T06:43:39Z]  Rollover futures - Notional: 10.66 - Cot_eq: 0.000005 - Nouvelle equity: 1.0658
[2025-10-21T06:43:39Z]  Validation BTC/USDT (bougie 12050): 1 erreurs dtectes
[2025-10-21T06:43:39Z]  Erreurs de donnes BTC/USDT: ['Gaps extrmes dtects: 14']
[2025-10-21T06:43:39Z]  Rollover futures - Notional: 10.66 - Cot_eq: 0.000005 - Nouvelle equity: 1.0658
[2025-10-21T06:43:39Z]  Rollover futures - Notional: 10.66 - Cot_eq: 0.000005 - Nouvelle equity: 1.0658
[2025-10-21T06:43:39Z]  Validation BTC/USDT (bougie 12100): 1 erreurs dtectes
[2025-10-21T06:43:39Z]  Erreurs de donnes BTC/USDT: ['Gaps extrmes dtects: 14']
[2025-10-21T06:43:39Z]  Rollover futures - Notional: 10.66 - Cot_eq: 0.000005 - Nouvelle equity: 1.0658
[2025-10-21T06:43:39Z]  Validation BTC/USDT (bougie 12150): 1 erreurs dtectes
[2025-10-21T06:43:39Z]  Erreurs de donnes BTC/USDT: ['Gaps extrmes dtects: 14']
[2025-10-21T06:43:39Z]  Validation BTC/USDT (bougie 12200): 1 erreurs dtectes
[2025-10-21T06:43:39Z]  Erreurs de donnes BTC/USDT: ['Gaps extrmes
