[2025-10-19T01:22:11Z]  Validation BTC/USDT (bougie 7300): 1 erreurs dtectes
[2025-10-19T01:22:11Z]  Erreurs de donnes BTC/USDT: ['Gaps extrmes dtects: 14']
[2025-10-19T01:22:11Z]  Validation BTC/USDT (bougie 7350): 1 erreurs dtectes
[2025-10-19T01:22:11Z]  Erreurs de donnes BTC/USDT: ['Gaps extrmes dtects: 14']
[2025-10-19T01:22:11Z]  Validation BTC/USDT (bougie 7400): 1 erreurs dtectes
[2025-10-19T01:22:11Z]  Erreurs de donnes BTC/USDT: ['Gaps extrmes dtects: 14']
[2025-10-19T01:22:11Z]  Validation BTC/USDT (bougie 7450): 1 erreurs dtectes
[2025-10-19T01:22:11Z]  Erreurs de donnes BTC/USDT: ['Gaps extrmes dtects: 14']
[2025-10-19T01:22:11Z]  Validation BTC/USDT (bougie 7500): 1 erreurs dtectes
[2025-10-19T01:22:11Z]  Erreurs de donnes BTC/USDT: ['Gaps extrmes dtects: 14']
[2025-10-19T01:22:11Z]  Validation BTC/USDT (bougie 7550): 1 erreurs dtectes
[2025-10-19T01:22:11Z]  Erreurs de donnes BTC/USDT: ['Gaps extrmes dtects: 14']
[2025-10-19T01:22:11Z]  Validation BTC/USDT (bougie 7600): 1 erreurs dtectes
[2025-10-19T01:22:11Z]  Erreurs de donnes BTC/USDT: ['Gaps extrmes dtects: 14']
[2025-10-19T01:22:11Z]  Validation BTC/USDT (bougie 7650): 1 erreurs dtectes
[2025-10-19T01:22:11Z]  Erreurs de donnes BTC/USDT: ['Gaps extrmes dtects: 14']
[2025-10-19T01:22:11Z]  Validation BTC/USDT (bougie 7700): 1 erreurs dtectes
[2025-10-19T01:22:11Z]  Erreurs de donnes BTC/USDT: ['Gaps extrmes dtects: 14']
[2025-10-19T01:22:11Z]  Validation BTC/USDT (bougie 7750): 1 erreurs dtectes
[2025-10-19T01:22:11Z]  Erreurs de donnes BTC/USDT: ['Gaps extrmes dtects: 14']
[2025-10-19T01:22:11Z]  Validation BTC/USDT (bougie 7800): 1 erreurs dtectes
[2025-10-19T01:22:11Z]  Erreurs de donnes BTC/USDT: ['Gaps extrmes dtects: 14']
[2025-10-19T01:22:11Z]  Entre LONG BTC/USDT - Prix: 350.1450, Slippage: 0.050%, Latence: 0.0ms
[2025-10-19T01:22:11Z]  Validation BTC/USDT (bougie 7850): 1 erreurs dtectes
[2025-10-19T01:22:11Z]  Erreurs de donnes BTC/USDT: ['Gaps extrmes dtects: 14']
[2025-10-19T01:22:11Z]  Validation BTC/USDT (bougie 7900): 1 erreurs dtectes
[2025-10-19T01:22:11Z]  Erreurs de donnes BTC/USDT: ['Gaps extrmes dtects: 14']
[2025-10-19T01:22:11Z]  Validation BTC/USDT (bougie 7950): 1 erreurs dtectes
[2025-10-19T01:22:11Z]  Erreurs de donnes BTC/USDT: ['Gaps extrmes dtects: 14']
[2025-10-19T01:22:11Z]  Entre SHORT BTC/USDT - Prix: 359.7300, Slippage: 0.050%, Latence: 0.0ms
[2025-10-19T01:22:11Z]  Validation BTC/USDT (bougie 8000): 1 erreurs dtectes
[2025-10-19T01:22:11Z]  Erreurs de donnes BTC/USDT: ['Gaps extrmes dtects: 14']
[2025-10-19T01:22:11Z]  Entre SHORT BTC/USDT - Prix: 360.1598, Slippage: 0.050%, Latence: 0.0ms
[2025-10-19T01:22:11Z]  Rollover futures - Notional: 22.29 - Cot_eq: 0.000010 - Nouvelle equity: 1.1146
[2025-10-19T01:22:11Z]  Rollover futures - Notional: 22.29 - Cot_eq: 0.000010 - Nouvelle equity: 1.1146
[2025-10-19T01:22:11Z]  Validation BTC/USDT (bougie 8050): 1 erreurs dtectes
[2025-10-19T01:22:11Z]  Erreurs de donnes BTC/USDT: ['Gaps extrmes dtects: 14']
[2025-10-19T01:22:11Z]  Entre SHORT BTC/USDT - Prix: 384.8075, Slippage: 0.050%, Latence: 0.0ms
[2025-10-19T01:22:11Z]  Rollover futures - Notional: 33.44 - Cot_eq: 0.000015 - Nouvelle equity: 1.1146
[2025-10-19T01:22:11Z]  Rollover futures - Notional: 33.44 - Cot_eq: 0.000015 - Nouvelle equity: 1.1145
[2025-10-19T01:22:11Z]  Validation BTC/USDT (bougie 8100): 1 erreurs dtectes
[2025-10-19T01:22:11Z]  Erreurs de donnes BTC/USDT: ['Gaps extrmes dtects: 14']
[2025-10-19T01:22:11Z]  Rollover futures - Notional: 33.44 - Cot_eq: 0.000015 - Nouvelle equity: 1.1145
[2025-10-19T01:22:11Z]  Validation BTC/USDT (bougie 8150): 1 erreurs dtectes
[2025-10-19T01:22:11Z]  Erreurs de donnes BTC/USDT: ['Gaps extrmes dtects: 14']
[2025-10-19T01:22:11Z]  Rollover futures - Notional: 33.44 - Cot_eq: 0.000015 - Nouvelle equity: 1.1144
[2025-10-19T01:22:11Z]  Rollover futures - Notional: 33.44 - Cot_eq: 0.000015 - Nouvelle equity: 1.1144
[2025-10-19T01:22:11Z]  Validation BTC/USDT (bougie 8200): 1 erreurs dtectes
[2025-10-19T01:22:11Z]  Erreurs de donnes BTC/USDT: ['Gaps extrmes dtects: 14']
[2025-10-19T01:22:11Z]  Rollover futures - Notional: 33.44 - Cot_eq: 0.000015 - Nouvelle equity: 1.1144
[2025-10-19T01:22:11Z]  Rollover futures - Notional: 33.44 - Cot_eq: 0.000015 - Nouvelle equity: 1.1143
[2025-10-19T01:22:11Z]  Validation BTC/USDT (bougie 8250): 1 erreurs dtectes
[2025-10-19T01:22:11Z]  Erreurs de donnes BTC/USDT: ['Gaps extrmes dtects: 14']
[2025-10-19T01:22:11Z]  Rollover futures - Notional: 33.44 - Cot_eq: 0.000015 - Nouvelle equity: 1.1143
[2025-10-19T01:22:11Z]  Validation BTC/USDT (bougie 8300): 1 erreurs dtectes
[2025-10-19T01:22:11Z]  Erreurs de donnes BTC/USDT: ['Gaps extrmes dtects: 14']
[2025-10-19T01:22:11Z]  Rollover futures - Notional: 33.44 - Cot_eq: 0.000015 - Nouvelle equity: 1.1143
[2025-10-19T01:22:11Z]  Rollover futures - Notional: 33.44 - Cot_eq: 0.000015 - Nouvelle equity: 1.1142
[2025-10-19T01:22:11Z]  Validation BTC/USDT (bougie 8350): 1 erreurs dtectes
[2025-10-19T01:22:11Z]  Erreurs de donnes BTC/USDT: ['Gaps extrmes dtects: 14']
[2025-10-19T01:22:11Z]  Rollover futures - Notional: 33.44 - Cot_eq: 0.000015 - Nouvelle equity: 1.1142
[2025-10-19T01:22:11Z]  Rollover futures - Notional: 33.44 - Cot_eq: 0.000015 - Nouvelle equity: 1.1141
[2025-10-19T01:22:11Z]  Validation BTC/USDT (bougie 8400): 1 erreurs dtectes
[2025-10-19T01:22:11Z]  Erreurs de donnes BTC/USDT: ['Gaps extrmes dtects: 14']
[2025-10-19T01:22:11Z]  Rollover futures - Notional: 33.44 - Cot_eq: 0.000015 - Nouvelle equity: 1.1141
[2025-10-19T01:22:11Z]  Validation BTC/USDT (bougie 8450): 1 erreurs dtectes
[2025-10-19T01:22:11Z]  Erreurs de donnes BTC/USDT: ['Gaps extrmes dtects: 14']
[2025-10-19T01:22:11Z]  Rollover futures - Notional: 33.44 - Cot_eq: 0.000015 - Nouvelle equity: 1.1141
[2025-10-19T01:22:11Z]  Rollover futures - Notional: 33.44 - Cot_eq: 0.000015 - Nouvelle equity: 1.1140
[2025-10-19T01:22:11Z]  Validation BTC/USDT (bougie 8500): 1 erreurs dtectes
[2025-10-19T01:22:11Z]  Erreurs de donnes BTC/USDT: ['Gaps extrmes dtects: 14']
[2025-10-19T01:22:12Z]  Rollover futures - Notional: 33.44 - Cot_eq: 0.000015 - Nouvelle equity: 1.1140
[2025-10-19T01:22:12Z]  Rollover futures - Notional: 33.44 - Cot_eq: 0.000015 - Nouvelle equity: 1.1140
[2025-10-19T01:22:12Z]  Validation BTC/USDT (bougie 8550): 1 erreurs dtectes
[2025-10-19T01:22:12Z]  Erreurs de donnes BTC/USDT: ['Gaps extrmes dtects: 14']
[2025-10-19T01:22:12Z]  Validation BTC/USDT (bougie 8600): 1 erreurs dtectes
[2025-10-19T01:22:12Z]  Erreurs de donnes BTC/USDT: ['Gaps extrmes dtects: 14']
[2025-10-19T01:22:12Z]  Validation BTC/USDT (bougie 8650): 1 erreurs dtectes
[2025-10-19T01:22:12Z]  Erreurs de donnes BTC/USDT: ['Gaps extrmes dtects: 14']
[2025-10-19T01:22:12Z]  Validation BTC/USDT (bougie 8700): 1 erreurs dtectes
[2025-10-19T01:22:12Z]  Erreurs de donnes BTC/USDT: ['Gaps extrmes dtects: 14']
[2025-10-19T01:22:12Z]  Validation BTC/USDT (bougie 8750): 1 erreurs dtectes
[2025-10-19T01:22:12Z]  Erreurs de donnes BTC/USDT: ['Gaps extrmes dtects: 14']
[2025-10-19T01:22:12Z]  Entre LONG BTC/USDT - Prix: 238.4992, Slippage: 0.050%, Latence: 0.0ms
[2025-10-19T01:22:12Z]  Entre LONG BTC/USDT - Prix: 236.9384, Slippage: 0.050%, Latence: 0.0ms
[2025-10-19T01:22:12Z]  Validation BTC/USDT (bougie 8800): 1 erreurs dtectes
[2025-10-19T01:22:12Z]  Erreurs de donnes BTC/USDT: ['Gaps extrmes dtects: 14']
[2025-10-19T01:22:12Z]  Entre LONG BTC/USDT - Prix: 238.7893, Slippage: 0.050%, Latence: 0.0ms
[2025-10-19T01:22:12Z]  Rollover futures - Notional: 36.73 - Cot_eq: 0.000015 - Nouvelle equity: 1.2243
[2025-10-19T01:22:12Z]  Rollover futures - Notional: 36.73 - Cot_eq: 0.000015 - Nouvelle equity: 1.2243
[2025-10-19T01:22:12Z]  Validation BTC/USDT (bougie 8850): 1 erreurs dtectes
[2025-10-19T01:22:12Z]  Erreurs de donnes BTC/USDT: ['Gaps extrmes dtects: 14']
[2025-10-19T01:22:12Z]  Rollover futures - Notional: 36.73 - Cot_eq: 0.000015 - Nouvelle equity: 1.2242
[2025-10-19T01:22:12Z]  Validation BTC/USDT (bougie 8900): 1 erreurs dtectes
[2025-10-19T01:22:12Z]  Erreurs de donnes BTC/USDT: ['Gaps extrmes dtects: 14']
[2025-10-19T01:22:12Z]  Rollover futures - Notional: 36.73 - Cot_eq: 0.000015 - Nouvelle equity: 1.2242
[2025-10-19T01:22:12Z]  Rollover futures - Notional: 36.73 - Cot_eq: 0.000015 - Nouvelle equity: 1.2241
[2025-10-19T01:22:12Z]  Validation BTC/USDT (bougie 8950): 1 erreurs dtectes
[2025-10-19T01:22:12Z]  Erreurs de donnes BTC/USDT: ['Gaps extrmes dtects: 14']
[2025-10-19T01:22:12Z]  Rollover futures - Notional: 36.73 - Cot_eq: 0.000015 - Nouvelle equity: 1.2241
[2025-10-19T01:22:12Z]  Rollover futures - Notional: 36.73 - Cot_eq: 0.000015 - Nouvelle equity: 1.2241
[2025-10-19T01:22:12Z]  Validation BTC/USDT (bougie 9000): 1 erreurs dtectes
[2025-10-19T01:22:12Z]  Erreurs de donnes BTC/USDT: ['Gaps extrmes dtects: 14']
[2025-10-19T01:22:12Z]  Rollover futures - Notional: 36.73 - Cot_eq: 0.000015 - Nouvelle equity: 1.2240
[2025-10-19T01:22:12Z]  Validation BTC/USDT (bougie 9050): 1 erreurs dtectes
[2025-10-19T01:22:12Z]  Erreurs de donnes BTC/USDT: ['Gaps extrmes dtects: 14']
[2025-10-19T01:22:12Z]  Rollover futures - Notional: 36.73 - Cot_eq: 0.000015 - Nouvelle equity: 1.2240
[2025-10-19T01:22:12Z]  Rollover futures - Notional: 36.73 - Cot_eq: 0.000015 - Nouvelle equity: 1.2240
[2025-10-19T01:22:12Z]  Validation BTC/USDT (bougie 9100): 1 erreurs dtectes
[2025-10-19T01:22:12Z]  Erreurs de donnes BTC/USDT: ['Gaps extrmes dtects: 14']
[2025-10-19T01:22:12Z]  Rollover futures - Notional: 36.73 - Cot_eq: 0.000015 - Nouvelle equity: 1.2239
[2025-10-19T01:22:12Z]  Rollover futures - Notional: 36.73 - Cot_eq: 0.000015 - Nouvelle equity: 1.2239
[2025-10-19T01:22:12Z]  Validation BTC/USDT (bougie 9150): 1 erreurs dtectes
[2025-10-19T01:22:12Z]  Erreurs de donnes BTC/USDT: ['Gaps extrmes dtects: 14']
[2025-10-19T01:22:12Z]  Rollover futures - Notional: 36.73 - Cot_eq: 0.000015 - Nouvelle equity: 1.2238
[2025-10-19T01:22:12Z]  Validation BTC/USDT (bougie 9200): 1 erreurs dtectes
[2025-10-19T01:22:12Z]  Erreurs de donnes BTC/USDT: ['Gaps extrmes dtects: 14']
[2025-10-19T01:22:12Z]  Rollover futures - Notional: 36.73 - Cot_eq: 0.000015 - Nouvelle equity: 1.2238
[2025-10-19T01:22:12Z]  Rollover futures - Notional: 36.73 - Cot_eq: 0.000015 - Nouvelle equity: 1.2238
[2025-10-19T01:22:12Z]  Validation BTC/USDT (bougie 9250): 1 erreurs dtectes
[2025-10-19T01:22:12Z]  Erreurs de donnes BTC/USDT: ['Gaps extrmes dtects: 14']
[2025-10-19T01:22:12Z]  Rollover futures - Notional: 36.73 - Cot_eq: 0.000015 - Nouvelle equity: 1.2237
[2025-10-19T01:22:12Z]  Rollover futures - Notional: 36.73 - Cot_eq: 0.000015 - Nouvelle equity: 1.2237
[2025-10-19T01:22:12Z]  Validation BTC/USDT (bougie 9300): 1 erreurs dtectes
[2025-10-19T01:22:12Z]  Erreurs de donnes BTC/USDT: ['Gaps extrmes dtects: 14']
[2025-10-19T01:22:12Z]  Entre SHORT BTC/USDT - Prix: 254.5427, Slippage: 0.050%, Latence: 0.0ms
[2025-10-19T01:22:12Z]  Rollover futures - Notional: 12.50 - Cot_eq: 0.000005 - Nouvelle equity: 1.2497
[2025-10-19T01:22:12Z]  Entre SHORT BTC/USDT - Prix: 261.3293, Slippage: 0.050%, Latence: 0.0ms
[2025-10-19T01:22:12Z]  Validation BTC/USDT (bougie 9350): 1 erreurs dtectes
[2025-10-19T01:22:12Z]  Erreurs de donnes BTC/USDT: ['Gaps extrmes dtects: 14']
[2025-10-19T01:22:12Z]  Rollover futures - Notional: 24.99 - Cot_eq: 0.000010 - Nouvelle equity: 1.2497
[2025-10-19T01:22:12Z]  Entre SHORT BTC/USDT - Prix: 262.0489, Slippage: 0.050%, Latence: 0.0ms
[2025-10-19T01:22:12Z]  Rollover futures - Notional: 37.49 - Cot_eq: 0.000015 - Nouvelle equity: 1.2496
[2025-10-19T01:22:12Z]  Validation BTC/USDT (bougie 9400): 1 erreurs dtectes
[2025-10-19T01:22:12Z]  Erreurs de donnes BTC/USDT: ['Gaps extrmes dtects: 14']
[2025-10-19T01:22:12Z]  Rollover futures - Notional: 37.49 - Cot_eq: 0.000015 - Nouvelle equity: 1.2496
[2025-10-19T01:22:12Z]  Rollover futures - Notional: 37.49 - Cot_eq: 0.000015 - Nouvelle equity: 1.2496
[2025-10-19T01:22:12Z]  Validation BTC/USDT (bougie 9450): 1 erreurs dtectes
[2025-10-19T01:22:12Z]  Erreurs de donnes BTC/USDT: ['Gaps extrmes dtects: 14']
[2025-10-19T01:22:12Z]  Rollover futures - Notional: 37.49 - Cot_eq: 0.000015 - Nouvelle equity: 1.2495
[2025-10-19T01:22:12Z]  Validation BTC/USDT (bougie 9500): 1 erreurs dtectes
[2025-10-19T01:22:12Z]  Erreurs de donnes BTC/USDT: ['Gaps extrmes dtects: 14']
[2025-10-19T01:22:12Z]  Rollover futures - Notional: 37.49 - Cot_eq: 0.000015 - Nouvelle equity: 1.2495
[2025-10-19T01:22:12Z]  Rollover futures - Notional: 37.49 - Cot_eq: 0.000015 - Nouvelle equity: 1.2495
[2025-10-19T01:22:12Z]  Validation BTC/USDT (bougie 9550): 1 erreurs dtectes
[2025-10-19T01:22:12Z]  Erreurs de donnes BTC/USDT: ['Gaps extrmes dtects: 14']
[2025-10-19T01:22:12Z]  Rollover futures - Notional: 37.49 - Cot_eq: 0.000015 - Nouvelle equity: 1.2494
[2025-10-19T01:22:12Z]  Rollover futures - Notional: 37.49 - Cot_eq: 0.000015 - Nouvelle equity: 1.2494
[2025-10-19T01:22:12Z]  Validation BTC/USDT (bougie 9600): 1 erreurs dtectes
[2025-10-19T01:22:12Z]  Erreurs de donnes BTC/USDT: ['Gaps extrmes dtects: 14']
[2025-10-19T01:22:12Z]  Rollover futures - Notional: 37.49 - Cot_eq: 0.000015 - Nouvelle equity: 1.2493
[2025-10-19T01:22:13Z]  Validation BTC/USDT (bougie 9650): 1 erreurs dtectes
[2025-10-19T01:22:13Z]  Erreurs de donnes BTC/USDT: ['Gaps extrmes dtects: 14']
[2025-10-19T01:22:13Z]  Rollover futures - Notional: 37.49 - Cot_eq: 0.000015 - Nouvelle equity: 1.2493
[2025-10-19T01:22:13Z]  Rollover futures - Notional: 37.49 - Cot_eq: 0.000015 - Nouvelle equity: 1.2493
[2025-10-19T01:22:13Z]  Validation BTC/USDT (bougie 9700): 1 erreurs dtectes
[2025-10-19T01:22:13Z]  Erreurs de donnes BTC/USDT: ['Gaps extrmes dtects: 14']
[2025-10-19T01:22:13Z]  Rollover futures - Notional: 37.49 - Cot_eq: 0.000015 - Nouvelle equity: 1.2492
[2025-10-19T01:22:13Z]  Rollover futures - Notional: 37.49 - Cot_eq: 0.000015 - Nouvelle equity: 1.2492
[2025-10-19T01:22:13Z]  Validation BTC/USDT (bougie 9750): 1 erreurs dtectes
[2025-10-19T01:22:13Z]  Erreurs de donnes BTC/USDT: ['Gaps extrmes dtects: 14']
[2025-10-19T01:22:13Z]  Rollover futures - Notional: 37.49 - Cot_eq: 0.000015 - Nouvelle equity: 1.2492
[2025-10-19T01:22:13Z]  Validation BTC/USDT (bougie 9800): 1 erreurs dtectes
[2025-10-19T01:22:13Z]  Erreurs de donnes BTC/USDT: ['Gaps extrmes dtects: 14']
[2025-10-19T01:22:13Z]  Rollover futures - Notional: 37.49 - Cot_eq: 0.000015 - Nouvelle equity: 1.2491
[2025-10-19T01:22:13Z]  Entre LONG BTC/USDT - Prix: 236.8083, Slippage: 0.050%, Latence: 0.0ms
[2025-10-19T01:22:13Z]  Rollover futures - Notional: 12.85 - Cot_eq: 0.000005 - Nouvelle equity: 1.2847
[2025-10-19T01:22:13Z]  Entre LONG BTC/USDT - Prix: 237.0785, Slippage: 0.050%, Latence: 0.0ms
[2025-10-19T01:22:13Z]  Entre LONG BTC/USDT - Prix: 237.4887, Slippage: 0.050%, Latence: 0.0ms
[2025-10-19T01:22:13Z]  Validation BTC/USDT (bougie 9850): 1 erreurs dtectes
[2025-10-19T01:22:13Z]  Erreurs de donnes BTC/USDT: ['Gaps extrmes dtects: 14']
[2025-10-19T01:22:13Z]  Rollover futures - Notional: 38.54 - Cot_eq: 0.000015 - Nouvelle equity: 1.2847
[2025-10-19T01:22:13Z]  Rollover futures - Notional: 38.54 - Cot_eq: 0.000015 - Nouvelle equity: 1.2846
[2025-10-19T01:22:13Z]  Validation BTC/USDT (bougie 9900): 1 erreurs dtectes
[2025-10-19T01:22:13Z]  Erreurs de donnes BTC/USDT: ['Gaps extrmes dtects: 14']
[2025-10-19T01:22:13Z]  Rollover futures - Notional: 38.54 - Cot_eq: 0.000015 - Nouvelle equity: 1.2846
[2025-10-19T01:22:13Z]  Validation BTC/USDT (bougie 9950): 1 erreurs dtectes
[2025-10-19T01:22:13Z]  Erreurs de donnes BTC/USDT: ['Gaps extrmes dtects: 14']
[2025-10-19T01:22:13Z]  Rollover futures - Notional: 38.54 - Cot_eq: 0.000015 - Nouvelle equity: 1.2846
[2025-10-19T01:22:13Z]  Rollover futures - Notional: 38.54 - Cot_eq: 0.000015 - Nouvelle equity: 1.2845
[2025-10-19T01:22:13Z]  Validation BTC/USDT (bougie 10000): 1 erreurs dtectes
[2025-10-19T01:22:13Z]  Erreurs de donnes BTC/USDT: ['Gaps extrmes dtects: 14']
[2025-10-19T01:22:13Z]  Rollover futures - Notional: 38.54 - Cot_eq: 0.000015 - Nouvelle equity: 1.2845
[2025-10-19T01:22:13Z]  Rollover futures - Notional: 38.54 - Cot_eq: 0.000015 - Nouvelle equity: 1.2845
[2025-10-19T01:22:13Z]  Validation BTC/USDT (bougie 10050): 1 erreurs dtectes
[2025-10-19T01:22:13Z]  Erreurs de donnes BTC/USDT: ['Gaps extrmes dtects: 14']
[2025-10-19T01:22:13Z]  Rollover futures - Notional: 38.54 - Cot_eq: 0.000015 - Nouvelle equity: 1.2844
[2025-10-19T01:22:13Z]  Validation BTC/USDT (bougie 10100): 1 erreurs dtectes
[2025-10-19T01:22:13Z]  Erreurs de donnes BTC/USDT: ['Gaps extrmes dtects: 14']
[2025-10-19T01:22:13Z]  Rollover futures - Notional: 38.54 - Cot_eq: 0.000015 - Nouvelle equity: 1.2844
[2025-10-19T01:22:13Z]  Rollover futures - Notional: 38.54 - Cot_eq: 0.000015 - Nouvelle equity: 1.2843
[2025-10-19T01:22:13Z]  Validation BTC/USDT (bougie 10150): 1 erreurs dtectes
[2025-10-19T01:22:13Z]  Erreurs de donnes BTC/USDT: ['Gaps extrmes dtects: 14']
[2025-10-19T01:22:13Z]  Rollover futures - Notional: 38.54 - Cot_eq: 0.000015 - Nouvelle equity: 1.2843
[2025-10-19T01:22:13Z]  Validation BTC/USDT (bougie 10200): 1 erreurs dtectes
[2025-10-19T01:22:13Z]  Erreurs de donnes BTC/USDT: ['Gaps extrmes dtects: 14']
[2025-10-19T01:22:13Z]  Validation BTC/USDT (bougie 10250): 1 erreurs dtectes
[2025-10-19T01:22:13Z]  Erreurs de donnes BTC/USDT: ['Gaps extrmes dtects: 14']
[2025-10-19T01:22:13Z]  Validation BTC/USDT (bougie 10300): 1 erreurs dtectes
[2025-10-19T01:22:13Z]  Erreurs de donnes BTC/USDT: ['Gaps extrmes dtects: 14']
[2025-10-19T01:22:13Z]  Validation BTC/USDT (bougie 10350): 1 erreurs dtectes
[2025-10-19T01:22:13Z]  Erreurs de donnes BTC/USDT: ['Gaps extrmes dtects: 14']
[2025-10-19T01:22:13Z]  Entre LONG BTC/USDT - Prix: 230.6152, Slippage: 0.050%, Latence: 0.0ms
[2025-10-19T01:22:13Z]  Rollover futures - Notional: 12.80 - Cot_eq: 0.000005 - Nouvelle equity: 1.2797
[2025-10-19T01:22:13Z]  Validation BTC/USDT (bougie 10400): 1 erreurs dtectes
[2025-10-19T01:22:13Z]  Erreurs de donnes BTC/USDT: ['Gaps extrmes dtects: 14']
[2025-10-19T01:22:13Z]  Rollover futures - Notional: 12.80 - Cot_eq: 0.000005 - Nouvelle equity: 1.2797
[2025-10-19T01:22:13Z]  Rollover futures - Notional: 12.80 - Cot_eq: 0.000005 - Nouvelle equity: 1.2797
[2025-10-19T01:22:13Z]  Validation BTC/USDT (bougie 10450): 1 erreurs dtectes
[2025-10-19T01:22:13Z]  Erreurs de donnes BTC/USDT: ['Gaps extrmes dtects: 14']
[2025-10-19T01:22:13Z]  Rollover futures - Notional: 12.80 - Cot_eq: 0.000005 - Nouvelle equity: 1.2797
[2025-10-19T01:22:13Z]  Rollover futures - Notional: 12.80 - Cot_eq: 0.000005 - Nouvelle equity: 1.2797
[2025-10-19T01:22:13Z]  Validation BTC/USDT (bougie 10500): 1 erreurs dtectes
[2025-10-19T01:22:13Z]  Erreurs de donnes BTC/USDT: ['Gaps extrmes dtects: 14']
[2025-10-19T01:22:13Z]  Rollover futures - Notional: 12.80 - Cot_eq: 0.000005 - Nouvelle equity: 1.2797
[2025-10-19T01:22:13Z]  Validation BTC/USDT (bougie 10550): 1 erreurs dtectes
[2025-10-19T01:22:13Z]  Erreurs de donnes BTC/USDT: ['Gaps extrmes dtects: 14']
[2025-10-19T01:22:13Z]  Rollover futures - Notional: 12.80 - Cot_eq: 0.000005 - Nouvelle equity: 1.2797
[2025-10-19T01:22:13Z]  Rollover futures - Notional: 12.80 - Cot_eq: 0.000005 - Nouvelle equity: 1.2797
[2025-10-19T01:22:13Z]  Validation BTC/USDT (bougie 10600): 1 erreurs dtectes
[2025-10-19T01:22:13Z]  Erreurs de donnes BTC/USDT: ['Gaps extrmes dtects: 14']
[2025-10-19T01:22:13Z]  Rollover futures - Notional: 12.80 - Cot_eq: 0.000005 - Nouvelle equity: 1.2796
[2025-10-19T01:22:13Z]  Rollover futures - Notional: 12.80 - Cot_eq: 0.000005 - Nouvelle equity: 1.2796
[2025-10-19T01:22:13Z]  Validation BTC/USDT (bougie 10650): 1 erreurs dtectes
[2025-10-19T01:22:13Z]  Erreurs de donnes BTC/USDT: ['Gaps extrmes dtects: 14']
[2025-10-19T01:22:13Z]  Rollover futures - Notional: 12.80 - Cot_eq: 0.000005 - Nouvelle equity: 1.2796
[2025-10-19T01:22:13Z]  Validation BTC/USDT (bougie 10700): 1 erreurs dtectes
[2025-10-19T01:22:13Z]  Erreurs de donnes BTC/USDT: ['Gaps extrmes dtects: 14']
[2025-10-19T01:22:13Z]  Rollover futures - Notional: 12.80 - Cot_eq: 0.000005 - Nouvelle equity: 1.2796
[2025-10-19T01:22:13Z]  Rollover futures - Notional: 12.80 - Cot_eq: 0.000005 - Nouvelle equity: 1.2796
[2025-10-19T01:22:14Z]  Validation BTC/USDT (bougie 10750): 1 erreurs dtectes
[2025-10-19T01:22:14Z]  Erreurs de donnes BTC/USDT: ['Gaps extrmes dtects: 14']
[2025-10-19T01:22:14Z]  Rollover futures - Notional: 12.80 - Cot_eq: 0.000005 - Nouvelle equity: 1.2796
[2025-10-19T01:22:14Z]  Rollover futures - Notional: 12.80 - Cot_eq: 0.000005 - Nouvelle equity: 1.2796
[2025-10-19T01:22:14Z]  Validation BTC/USDT (bougie 10800): 1 erreurs dtectes
[2025-10-19T01:22:14Z]  Erreurs de donnes BTC/USDT: ['Gaps extrmes dtects: 14']
[2025-10-19T01:22:14Z]  Rollover futures - Notional: 12.80 - Cot_eq: 0.000005 - Nouvelle equity: 1.2796
[2025-10-19T01:22:14Z]  Entre SHORT BTC/USDT - Prix: 284.5177, Slippage: 0.050%, Latence: 0.0ms
[2025-10-19T01:22:14Z]  Validation BTC/USDT (bougie 10850): 1 erreurs dtectes
[2025-10-19T01:22:14Z]  Erreurs de donnes BTC/USDT: ['Gaps extrmes dtects: 14']
[2025-10-19T01:22:14Z]  Rollover futures - Notional: 13.10 - Cot_eq: 0.000005 - Nouvelle equity: 1.3095
[2025-10-19T01:22:14Z]  Rollover futures - Notional: 13.10 - Cot_eq: 0.000005 - Nouvelle equity: 1.3095
[2025-10-19T01:22:14Z]  Validation BTC/USDT (bougie 10900): 1 erreurs dtectes
[2025-10-19T01:22:14Z]  Erreurs de donnes BTC/USDT: ['Gaps extrmes dtects: 14']
[2025-10-19T01:22:14Z]  Rollover futures - Notional: 13.10 - Cot_eq: 0.000005 - Nouvelle equity: 1.3095
[2025-10-19T01:22:14Z]  Rollover futures - Notional: 13.10 - Cot_eq: 0.000005 - Nouvelle equity: 1.3095
[2025-10-19T01:22:14Z]  Validation BTC/USDT (bougie 10950): 1 erreurs dtectes
[2025-10-19T01:22:14Z]  Erreurs de donnes BTC/USDT: ['Gaps extrmes dtects: 14']
[2025-10-19T01:22:14Z]  Rollover futures - Notional: 13.10 - Cot_eq: 0.000005 - Nouvelle equity: 1.3095
[2025-10-19T01:22:14Z]  Validation BTC/USDT (bougie 11000): 1 erreurs dtectes
[2025-10-19T01:22:14Z]  Erreurs de donnes BTC/USDT: ['Gaps extrmes dtects: 14']
[2025-10-19T01:22:14Z]  Rollover futures - Notional: 13.10 - Cot_eq: 0.000005 - Nouvelle equity: 1.3094
[2025-10-19T01:22:14Z]  Rollover futures - Notional: 13.10 - Cot_eq: 0.000005 - Nouvelle equity: 1.3094
[2025-10-19T01:22:14Z]  Validation BTC/USDT (bougie 11050): 1 erreurs dtectes
[2025-10-19T01:22:14Z]  Erreurs de donnes BTC/USDT: ['Gaps extrmes dtects: 14']
[2025-10-19T01:22:14Z]  Rollover futures - Notional: 13.10 - Cot_eq: 0.000005 - Nouvelle equity: 1.3094
[2025-10-19T01:22:14Z]  Rollover futures - Notional: 13.10 - Cot_eq: 0.000005 - Nouvelle equity: 1.3094
[2025-10-19T01:22:14Z]  Validation BTC/USDT (bougie 11100): 1 erreurs dtectes
[2025-10-19T01:22:14Z]  Erreurs de donnes BTC/USDT: ['Gaps extrmes dtects: 14']
[2025-10-19T01:22:14Z]  Rollover futures - Notional: 13.10 - Cot_eq: 0.000005 - Nouvelle equity: 1.3094
[2025-10-19T01:22:14Z]  Validation BTC/USDT (bougie 11150): 1 erreurs dtectes
[2025-10-19T01:22:14Z]  Erreurs de donnes BTC/USDT: ['Gaps extrmes dtects: 14']
[2025-10-19T01:22:14Z]  Rollover futures - Notional: 13.10 - Cot_eq: 0.000005 - Nouvelle equity: 1.3094
[2025-10-19T01:22:14Z]  Rollover futures - Notional: 13.10 - Cot_eq: 0.000005 - Nouvelle equity: 1.3094
[2025-10-19T01:22:14Z]  Validation BTC/USDT (bougie 11200): 1 erreurs dtectes
[2025-10-19T01:22:14Z]  Erreurs de donnes BTC/USDT: ['Gaps extrmes dtects: 14']
[2025-10-19T01:22:14Z]  Rollover futures - Notional: 13.10 - Cot_eq: 0.000005 - Nouvelle equity: 1.3094
[2025-10-19T01:22:14Z]  Rollover futures - Notional: 13.10 - Cot_eq: 0.000005 - Nouvelle equity: 1.3093
[2025-10-19T01:22:14Z]  Validation BTC/USDT (bougie 11250): 1 erreurs dtectes
[2025-10-19T01:22:14Z]  Erreurs de donnes BTC/USDT: ['Gaps extrmes dtects: 14']
[2025-10-19T01:22:14Z]  Rollover futures - Notional: 13.10 - Cot_eq: 0.000005 - Nouvelle equity: 1.3093
[2025-10-19T01:22:14Z]  Validation BTC/USDT (bougie 11300): 1 erreurs dtectes
[2025-10-19T01:22:14Z]  Erreurs de donnes BTC/USDT: ['Gaps extrmes dtects: 14']
[2025-10-19T01:22:14Z]  Rollover futures - Notional: 13.10 - Cot_eq: 0.000005 - Nouvelle equity: 1.3093
[2025-10-19T01:22:14Z]  Rollover futures - Notional: 13.10 - Cot_eq: 0.000005 - Nouvelle equity: 1.3093
[2025-10-19T01:22:14Z]  Validation BTC/USDT (bougie 11350): 1 erreurs dtectes
[2025-10-19T01:22:14Z]  Erreurs de donnes BTC/USDT: ['Gaps extrmes dtects: 14']
[2025-10-19T01:22:14Z]  Rollover futures - Notional: 13.10 - Cot_eq: 0.000005 - Nouvelle equity: 1.3093
[2025-10-19T01:22:14Z]  Rollover futures - Notional: 13.10 - Cot_eq: 0.000005 - Nouvelle equity: 1.3093
[2025-10-19T01:22:14Z]  Validation BTC/USDT (bougie 11400): 1 erreurs dtectes
[2025-10-19T01:22:14Z]  Erreurs de donnes BTC/USDT: ['Gaps extrmes dtects: 14']
[2025-10-19T01:22:14Z]  Entre LONG BTC/USDT - Prix: 237.1985, Slippage: 0.050%, Latence: 0.0ms
[2025-10-19T01:22:14Z]  Rollover futures - Notional: 13.35 - Cot_eq: 0.000005 - Nouvelle equity: 1.3354
[2025-10-19T01:22:14Z]  Validation BTC/USDT (bougie 11450): 1 erreurs dtectes
[2025-10-19T01:22:14Z]  Erreurs de donnes BTC/USDT: ['Gaps extrmes dtects: 14']
[2025-10-19T01:22:14Z]  Rollover futures - Notional: 13.35 - Cot_eq: 0.000005 - Nouvelle equity: 1.3354
[2025-10-19T01:22:14Z]  Rollover futures - Notional: 13.35 - Cot_eq: 0.000005 - Nouvelle equity: 1.3354
[2025-10-19T01:22:14Z]  Validation BTC/USDT (bougie 11500): 1 erreurs dtectes
[2025-10-19T01:22:14Z]  Erreurs de donnes BTC/USDT: ['Gaps extrmes dtects: 14']
[2025-10-19T01:22:14Z]  Rollover futures - Notional: 13.35 - Cot_eq: 0.000005 - Nouvelle equity: 1.3354
[2025-10-19T01:22:14Z]  Rollover futures - Notional: 13.35 - Cot_eq: 0.000005 - Nouvelle equity: 1.3354
[2025-10-19T01:22:14Z]  Validation BTC/USDT (bougie 11550): 1 erreurs dtectes
[2025-10-19T01:22:14Z]  Erreurs de donnes BTC/USDT: ['Gaps extrmes dtects: 14']
[2025-10-19T01:22:14Z]  Rollover futures - Notional: 13.35 - Cot_eq: 0.000005 - Nouvelle equity: 1.3354
[2025-10-19T01:22:14Z]  Validation BTC/USDT (bougie 11600): 1 erreurs dtectes
[2025-10-19T01:22:14Z]  Erreurs de donnes BTC/USDT: ['Gaps extrmes dtects: 14']
[2025-10-19T01:22:14Z]  Rollover futures - Notional: 13.35 - Cot_eq: 0.000005 - Nouvelle equity: 1.3354
[2025-10-19T01:22:14Z]  Rollover futures - Notional: 13.35 - Cot_eq: 0.000005 - Nouvelle equity: 1.3353
[2025-10-19T01:22:14Z]  Validation BTC/USDT (bougie 11650): 1 erreurs dtectes
[2025-10-19T01:22:14Z]  Erreurs de donnes BTC/USDT: ['Gaps extrmes dtects: 14']
[2025-10-19T01:22:14Z]  Rollover futures - Notional: 13.35 - Cot_eq: 0.000005 - Nouvelle equity: 1.3353
[2025-10-19T01:22:14Z]  Rollover futures - Notional: 13.35 - Cot_eq: 0.000005 - Nouvelle equity: 1.3353
[2025-10-19T01:22:14Z]  Validation BTC/USDT (bougie 11700): 1 erreurs dtectes
[2025-10-19T01:22:14Z]  Erreurs de donnes BTC/USDT: ['Gaps extrmes dtects: 14']
[2025-10-19T01:22:14Z]  Rollover futures - Notional: 13.35 - Cot_eq: 0.000005 - Nouvelle equity: 1.3353
[2025-10-19T01:22:15Z]  Validation BTC/USDT (bougie 11750): 1 erreurs dtectes
[2025-10-19T01:22:15Z]  Erreurs de donnes BTC/USDT: ['Gaps extrmes dtects: 14']
[2025-10-19T01:22:15Z]  Rollover futures - Notional: 13.35 - Cot_eq: 0.000005 - Nouvelle equity: 1.3353
[2025-10-19T01:22:15Z]  Rollover futures - Notional: 13.35 - Cot_eq: 0.000005 - Nouvelle equity: 1.3353
[2025-10-19T01:22:15Z]  Validation BTC/USDT (bougie 11800): 1 erreurs dtectes
[2025-10-19T01:22:15Z]  Erreurs de donnes BTC/USDT: ['Gaps extrmes dtects: 14']
[2025-10-19T01:22:15Z]  Rollover futures - Notional: 13.35 - Cot_eq: 0.000005 - Nouvelle equity: 1.3353
[2025-10-19T01:22:15Z]  Rollover futures - Notional: 13.35 - Cot_eq: 0.000005 - Nouvelle equity: 1.3353
[2025-10-19T01:22:15Z]  Validation BTC/USDT (bougie 11850): 1 erreurs dtectes
[2025-10-19T01:22:15Z]  Erreurs de donnes BTC/USDT: ['Gaps extrmes dtects: 14']
[2025-10-19T01:22:15Z]  Rollover futures - Notional: 13.35 - Cot_eq: 0.000005 - Nouvelle equity: 1.3352
[2025-10-19T01:22:15Z]  Validation BTC/USDT (bougie 11900): 1 erreurs dtectes
[2025-10-19T01:22:15Z]  Erreurs de donnes BTC/USDT: ['Gaps extrmes dtects: 14']
[2025-10-19T01:22:15Z]  Rollover futures - Notional: 13.35 - Cot_eq: 0.000005 - Nouvelle equity: 1.3352
[2025-10-19T01:22:15Z]  Entre SHORT BTC/USDT - Prix: 308.2258, Slippage: 0.050%, Latence: 0.0ms
[2025-10-19T01:22:15Z]  Rollover futures - Notional: 13.75 - Cot_eq: 0.000005 - Nouvelle equity: 1.3753
[2025-10-19T01:22:15Z]  Validation BTC/USDT (bougie 11950): 1 erreurs dtectes
[2025-10-19T01:22:15Z]  Erreurs de donnes BTC/USDT: ['Gaps extrmes dtects: 14']
[2025-10-19T01:22:15Z]  Rollover futures - Notional: 13.75 - Cot_eq: 0.000005 - Nouvelle equity: 1.3753
[2025-10-19T01:22:15Z]  Rollover futures - Notional: 13.75 - Cot_eq: 0.000005 - Nouvelle equity: 1.3753
[2025-10-19T01:22:15Z]  Validation BTC/USDT (bougie 12000): 1 erreurs dtectes
[2025-10-19T01:22:15Z]  Erreurs de donnes BTC/USDT: ['Gaps extrmes dtects: 14']
[2025-10-19T01:22:15Z]  Rollover futures - Notional: 13.75 - Cot_eq: 0.000005 - Nouvelle equity: 1.3752
[2025-10-19T01:22:15Z]  Validation BTC/USDT (bougie 12050): 1 erreurs dtectes
[2025-10-19T01:22:15Z]  Erreurs de donnes BTC/USDT: ['Gaps extrmes dtects: 14']
[2025-10-19T01:22:15Z]  Rollover futures - Notional: 13.75 - Cot_eq: 0.000005 - Nouvelle equity: 1.3752
[2025-10-19T01:22:15Z]  Rollover futures - Notional: 13.75 - Cot_eq: 0.000005 - Nouvelle equity: 1.3752
[2025-10-19T01:22:15Z]  Validation BTC/USDT (bougie 12100): 1 erreurs dtectes
[2025-10-19T01:22:15Z]  Erreurs de donnes BTC/USDT: ['Gaps extrmes dtects: 14']
[2025-10-19T01:22:15Z]  Validation BTC/USDT (bougie 12150): 1 erreurs dtectes
[2025-10-19T01:22:15Z]  Erreurs de donnes BTC/USDT: ['Gaps extrmes dtects: 14']
[2025-10-19T01:22:15Z]  Entre LONG BTC/USDT - Prix: 369.4146, Slippage: 0.050%, Latence: 0.0ms
[2025-10-19T01:22:15Z]  Validation BTC/USDT (bougie 12200): 1 erreurs dtectes
[2025-10-19T01:22:15Z]  Erreurs de donnes BTC/USDT: ['Gaps extrmes dtects: 14']
[2025-10-19T01:22:15Z]  Rollover futures - Notional: 13.57 - Cot_eq: 0.000005 - Nouvelle equity: 1.3566
[2025-10-19T01:22:15Z]  Rollover futures - Notional: 13.57 - Cot_eq: 0.000005 - Nouvelle equity: 1.3566
[2025-10-19T01:22:15Z]  Validation BTC/USDT (bougie 12250): 1 erreurs dtectes
[2025-10-19T01:22:15Z]  Erreurs de donnes BTC/USDT: ['Gaps extrmes dtects: 14']
[2025-10-19T01:22:15Z]  Rollover futures - Notional: 13.57 - Cot_eq: 0.000005 - Nouvelle equity: 1.3566
[2025-10-19T01:22:15Z]  Rollover futures - Notional: 13.57 - Cot_eq: 0.000005 - Nouvelle equity: 1.3566
[2025-10-19T01:22:15Z]  Validation BTC/USDT (bougie 12300): 1 erreurs dtectes
[2025-10-19T01:22:15Z]  Erreurs de donnes BTC/USDT: ['Gaps extrmes dtects: 14']
[2025-10-19T01:22:15Z]  Rollover futures - Notional: 13.57 - Cot_eq: 0.000005 - Nouvelle equity: 1.3566
[2025-10-19T01:22:15Z]  Validation BTC/USDT (bougie 12350): 1 erreurs dtectes
[2025-10-19T01:22:15Z]  Erreurs de donnes BTC/USDT: ['Gaps extrmes dtects: 14']
[2025-10-19T01:22:15Z]  Rollover futures - Notional: 13.57 - Cot_eq: 0.000005 - Nouvelle equity: 1.3566
[2025-10-19T01:22:15Z]  Rollover futures - Notional: 13.57 - Cot_eq: 0.000005 - Nouvelle equity: 1.3566
[2025-10-19T01:22:15Z]  Validation BTC/USDT (bougie 12400): 1 erreurs dtectes
[2025-10-19T01:22:15Z]  Erreurs de donnes BTC/USDT: ['Gaps extrmes dtects: 14']
[2025-10-19T01:22:15Z]  Rollover futures - Notional: 13.57 - Cot_eq: 0.000005 - Nouvelle equity: 1.3566
[2025-10-19T01:22:15Z]  Rollover futures - Notional: 13.57 - Cot_eq: 0.000005 - Nouvelle equity: 1.3565
[2025-10-19T01:22:15Z]  Validation BTC/USDT (bougie 12450): 1 erreurs dtectes
[2025-10-19T01:22:15Z]  Erreurs de donnes BTC/USDT: ['Gaps extrmes dtects: 14']
[2025-10-19T01:22:15Z]  Entre SHORT BTC/USDT - Prix: 402.5886, Slippage: 0.050%, Latence: 0.0ms
[2025-10-19T01:22:15Z]  Rollover futures - Notional: 13.71 - Cot_eq: 0.000005 - Nouvelle equity: 1.3708
[2025-10-19T01:22:15Z]  Validation BTC/USDT (bougie 12500): 1 erreurs dtectes
[2025-10-19T01:22:15Z]  Erreurs de donnes BTC/USDT: ['Gaps extrmes dtects: 14']
[2025-10-19T01:22:15Z]  Rollover futures - Notional: 13.71 - Cot_eq: 0.000005 - Nouvelle equity: 1.3708
[2025-10-19T01:22:15Z]  Rollover futures - Notional: 13.71 - Cot_eq: 0.000005 - Nouvelle equity: 1.3708
[2025-10-19T01:22:15Z]  Entre SHORT BTC/USDT - Prix: 413.1433, Slippage: 0.050%, Latence: 0.0ms
[2025-10-19T01:22:15Z]  Entre SHORT BTC/USDT - Prix: 408.1658, Slippage: 0.050%, Latence: 0.0ms
[2025-10-19T01:22:15Z]  Validation BTC/USDT (bougie 12550): 1 erreurs dtectes
[2025-10-19T01:22:15Z]  Erreurs de donnes BTC/USDT: ['Gaps extrmes dtects: 14']
[2025-10-19T01:22:15Z]  Rollover futures - Notional: 41.12 - Cot_eq: 0.000015 - Nouvelle equity: 1.3708
[2025-10-19T01:22:15Z]  Rollover futures - Notional: 41.12 - Cot_eq: 0.000015 - Nouvelle equity: 1.3707
[2025-10-19T01:22:15Z]  Validation BTC/USDT (bougie 12600): 1 erreurs dtectes
[2025-10-19T01:22:15Z]  Erreurs de donnes BTC/USDT: ['Gaps extrmes dtects: 14']
[2025-10-19T01:22:15Z]  Rollover futures - Notional: 41.12 - Cot_eq: 0.000015 - Nouvelle equity: 1.3707
[2025-10-19T01:22:15Z]  Validation BTC/USDT (bougie 12650): 1 erreurs dtectes
[2025-10-19T01:22:15Z]  Erreurs de donnes BTC/USDT: ['Gaps extrmes dtects: 14']
[2025-10-19T01:22:15Z]  Rollover futures - Notional: 41.12 - Cot_eq: 0.000015 - Nouvelle equity: 1.3707
[2025-10-19T01:22:15Z]  Rollover futures - Notional: 41.12 - Cot_eq: 0.000015 - Nouvelle equity: 1.3706
[2025-10-19T01:22:15Z]  Validation BTC/USDT (bougie 12700): 1 erreurs dtectes
[2025-10-19T01:22:15Z]  Erreurs de donnes BTC/USDT: ['Gaps extrmes dtects: 14']
[2025-10-19T01:22:15Z]  Rollover futures - Notional: 41.12 - Cot_eq: 0.000015 - Nouvelle equity: 1.3706
[2025-10-19T01:22:15Z]  Rollover futures - Notional: 41.12 - Cot_eq: 0.000015 - Nouvelle equity: 1.3705
[2025-10-19T01:22:15Z]  Validation BTC/USDT (bougie 12750): 1 erreurs dtectes
[2025-10-19T01:22:15Z]  Erreurs de donnes BTC/USDT: ['Gaps extrmes dtects: 14']
[2025-10-19T01:22:15Z]  Rollover futures - Notional: 41.12 - Cot_eq: 0.000015 - Nouvelle equity: 1.3705
[2025-10-19T01:22:15Z]  Validation BTC/USDT (bougie 12800): 1 erreurs dtectes
[2025-10-19T01:22:15Z]  Erreurs de donnes BTC/USDT: ['Gaps extrmes dtects: 14']
[2025-10-19T01:22:15Z]  Rollover futures - Notional: 41.12 - Cot_eq: 0.000015 - Nouvelle equity: 1.3705
[2025-10-19T01:22:15Z]  Entre LONG BTC/USDT - Prix: 390.2150, Slippage: 0.050%, Latence: 0.0ms
[2025-10-19T01:22:15Z]  Rollover futures - Notional: 13.89 - Cot_eq: 0.000005 - Nouvelle equity: 1.3893
[2025-10-19T01:22:15Z]  Validation BTC/USDT (bougie 12850): 1 erreurs dtectes
[2025-10-19T01:22:15Z]  Erreurs de donnes BTC/USDT: ['Gaps extrmes dtects: 14']
[2025-10-19T01:22:16Z]  Rollover futures - Notional: 13.89 - Cot_eq: 0.000005 - Nouvelle equity: 1.3893
[2025-10-19T01:22:16Z]  Rollover futures - Notional: 13.89 - Cot_eq: 0.000005 - Nouvelle equity: 1.3893
[2025-10-19T01:22:16Z]  Validation BTC/USDT (bougie 12900): 1 erreurs dtectes
[2025-10-19T01:22:16Z]  Erreurs de donnes BTC/USDT: ['Gaps extrmes dtects: 14']
[2025-10-19T01:22:16Z]  Rollover futures - Notional: 13.89 - Cot_eq: 0.000005 - Nouvelle equity: 1.3893
[2025-10-19T01:22:16Z]  Validation BTC/USDT (bougie 12950): 1 erreurs dtectes
[2025-10-19T01:22:16Z]  Erreurs de donnes BTC/USDT: ['Gaps extrmes dtects: 14']
[2025-10-19T01:22:16Z]  Rollover futures - Notional: 13.89 - Cot_eq: 0.000005 - Nouvelle equity: 1.3892
Another runner appears active for E:\ichimoku_runs\wfa_phase_k3_1d_stable\seed_1001. Lock present: E:\ichimoku_runs\wfa_phase_k3_1d_stable\seed_1001\.lock
